<?xml version="1.0" encoding="utf-8"?><testsuites name="pytest tests"><testsuite name="pytest" errors="0" failures="0" skipped="1" tests="8" time="2.016" timestamp="2026-06-18T15:12:33.102727+00:00" hostname="agent-env-43695c10-da5b-4d81-a958-3ab98d1b85d6"><testcase classname="test_audit_lousa_e2e" name="test_fluxo1_bater_ponto_entrada_saida" time="0.722" /><testcase classname="test_audit_lousa_e2e" name="test_fluxo2_instalacao_completa" time="0.246"><skipped type="pytest.skip" message="gate downstream bloqueou (não é Bug#4): {'error': 'os_inventory_guardrail_bloqueou', 'blocked_reasons': ['regra_4_equipamento_nao_existe'], 'human_reason': 'Equipamento não está no estoque (nem empresa, nem técnico).', 'classification': 'physical_install', 'audit_ids': ['cc97a2664775430781cae71db5485cef4b67d92211825c454024cefedfa1dc9a']}">/app/backend/tests/test_audit_lousa_e2e.py:213: gate downstream bloqueou (não é Bug#4): {'error': 'os_inventory_guardrail_bloqueou', 'blocked_reasons': ['regra_4_equipamento_nao_existe'], 'human_reason': 'Equipamento não está no estoque (nem empresa, nem técnico).', 'classification': 'physical_install', 'audit_ids': ['cc97a2664775430781cae71db5485cef4b67d92211825c454024cefedfa1dc9a']}</skipped></testcase><testcase classname="test_audit_lousa_e2e" name="test_fluxo3_reparo_sem_troca_ont" time="0.146" /><testcase classname="test_audit_lousa_e2e" name="test_fluxo4_reparo_com_troca_ont_auto_detect" time="0.132" /><testcase classname="test_audit_lousa_e2e" name="test_fluxo5_retirada" time="0.233" /><testcase classname="test_audit_lousa_e2e" name="test_fluxo6_double_finalize_idempotencia" time="0.240" /><testcase classname="test_audit_lousa_e2e" name="test_fluxo7_pontas_soltas_global" time="0.001" /><testcase classname="test_audit_lousa_e2e" name="test_fluxo8_watchtower_diagnostico" time="0.242" /></testsuite></testsuites>