<?xml version="1.0" encoding="utf-8"?><testsuites name="pytest tests"><testsuite name="pytest" errors="0" failures="0" skipped="0" tests="8" time="6.050" timestamp="2026-05-14T09:34:13.874350+00:00" hostname="agent-env-43695c10-da5b-4d81-a958-3ab98d1b85d6"><testcase classname="backend.tests.test_iter64_auth_no_single_session.TestLoginBasic" name="test_login_returns_200_with_token" time="0.432" /><testcase classname="backend.tests.test_iter64_auth_no_single_session.TestNoSingleSessionInvalidation" name="test_two_parallel_tokens_both_valid" time="2.182" /><testcase classname="backend.tests.test_iter64_auth_no_single_session.TestNoSingleSessionInvalidation" name="test_old_token_not_rejected_with_session_replaced_message" time="1.782" /><testcase classname="backend.tests.test_iter64_auth_no_single_session.TestLogoutBehavior" name="test_logout_ok_and_token_still_valid" time="0.571" /><testcase classname="backend.tests.test_iter64_auth_no_single_session.TestExpiredToken" name="test_expired_jwt_rejected_with_session_expired" time="0.119" /><testcase classname="backend.tests.test_iter64_auth_no_single_session.TestInvalidToken" name="test_garbage_token_returns_401" time="0.115" /><testcase classname="backend.tests.test_iter64_auth_no_single_session.TestWrongTypeToken" name="test_token_type_refresh_rejected" time="0.109" /><testcase classname="backend.tests.test_iter64_auth_no_single_session.TestBruteForceLockout" name="test_5_fails_trigger_429_lockout" time="0.680" /></testsuite></testsuites>