<?xml version="1.0" encoding="utf-8"?><testsuites name="pytest tests"><testsuite name="pytest" errors="0" failures="0" skipped="0" tests="21" time="2.826" timestamp="2026-05-15T07:35:17.477980+00:00" hostname="agent-env-43695c10-da5b-4d81-a958-3ab98d1b85d6"><testcase classname="backend.tests.test_iter72_connections_financeiro.TestConnections" name="test_list_returns_8_integrations" time="0.488" /><testcase classname="backend.tests.test_iter72_connections_financeiro.TestConnections" name="test_update_atlaz_empty_secret_keeps_current" time="0.195" /><testcase classname="backend.tests.test_iter72_connections_financeiro.TestConnections" name="test_update_openrouter_settings_prefix" time="0.094" /><testcase classname="backend.tests.test_iter72_connections_financeiro.TestConnections" name="test_update_unknown_integration_returns_404" time="0.044" /><testcase classname="backend.tests.test_iter72_connections_financeiro.TestFinanceiroSummary" name="test_summary_returns_counters" time="0.046" /><testcase classname="backend.tests.test_iter72_connections_financeiro.TestCategoryCRUD" name="test_create_category" time="0.045" /><testcase classname="backend.tests.test_iter72_connections_financeiro.TestCategoryCRUD" name="test_list_categories_contains_created" time="0.044" /><testcase classname="backend.tests.test_iter72_connections_financeiro.TestCategoryCRUD" name="test_update_category" time="0.089" /><testcase classname="backend.tests.test_iter72_connections_financeiro.TestCategoryCRUD" name="test_create_category_invalid_kind_returns_422" time="0.042" /><testcase classname="backend.tests.test_iter72_connections_financeiro.TestCategoryCRUD" name="test_delete_category" time="0.088" /><testcase classname="backend.tests.test_iter72_connections_financeiro.TestSupplierCRUD" name="test_create_supplier" time="0.054" /><testcase classname="backend.tests.test_iter72_connections_financeiro.TestSupplierCRUD" name="test_update_supplier" time="0.088" /><testcase classname="backend.tests.test_iter72_connections_financeiro.TestSupplierCRUD" name="test_delete_supplier" time="0.047" /><testcase classname="backend.tests.test_iter72_connections_financeiro.TestPaymentMethodCRUD" name="test_create_pm" time="0.053" /><testcase classname="backend.tests.test_iter72_connections_financeiro.TestPaymentMethodCRUD" name="test_update_pm" time="0.102" /><testcase classname="backend.tests.test_iter72_connections_financeiro.TestPaymentMethodCRUD" name="test_delete_pm" time="0.044" /><testcase classname="backend.tests.test_iter72_connections_financeiro.TestCashAccountCRUD" name="test_create_cash_account_with_opening_balance" time="0.053" /><testcase classname="backend.tests.test_iter72_connections_financeiro.TestCashAccountCRUD" name="test_update_cash_account" time="0.048" /><testcase classname="backend.tests.test_iter72_connections_financeiro.TestCashAccountCRUD" name="test_delete_cash_account" time="0.044" /><testcase classname="backend.tests.test_iter72_connections_financeiro.TestFinanceiroRBAC" name="test_gestor_forbidden_summary" time="1.013" /><testcase classname="backend.tests.test_iter72_connections_financeiro.TestFinanceiroRBAC" name="test_gestor_forbidden_categories" time="0.058" /></testsuite></testsuites>