<?xml version="1.0" encoding="utf-8"?><testsuites name="pytest tests"><testsuite name="pytest" errors="0" failures="0" skipped="0" tests="9" time="8.991" timestamp="2026-05-09T05:26:20.589717+00:00" hostname="agent-env-43695c10-da5b-4d81-a958-3ab98d1b85d6"><testcase classname="backend.tests.test_iteration10_openrouter_online_inexec.TestServerTimePublic" name="test_server_time_no_auth" time="0.121" /><testcase classname="backend.tests.test_iteration10_openrouter_online_inexec.TestSettingsOpenRouterOnlineThreshold" name="test_settings_get_shape" time="0.444" /><testcase classname="backend.tests.test_iteration10_openrouter_online_inexec.TestSettingsOpenRouterOnlineThreshold" name="test_put_settings_persists_openrouter_and_threshold" time="0.758" /><testcase classname="backend.tests.test_iteration10_openrouter_online_inexec.TestSettingsOpenRouterOnlineThreshold" name="test_put_threshold_too_low_returns_422" time="0.430" /><testcase classname="backend.tests.test_iteration10_openrouter_online_inexec.TestSettingsOpenRouterOnlineThreshold" name="test_put_threshold_too_high_returns_422" time="0.415" /><testcase classname="backend.tests.test_iteration10_openrouter_online_inexec.TestLousaGridOnlineInExecution" name="test_grid_columns_shape" time="0.470" /><testcase classname="backend.tests.test_iteration10_openrouter_online_inexec.TestLousaGridOnlineInExecution" name="test_grid_tickets_have_in_execution_flag" time="0.455" /><testcase classname="backend.tests.test_iteration10_openrouter_online_inexec.TestTransferDeleteOpenTicketBlocked" name="test_transfer_returns_409_when_aberta" time="2.854" /><testcase classname="backend.tests.test_iteration10_openrouter_online_inexec.TestTransferDeleteOpenTicketBlocked" name="test_delete_returns_409_when_aberta" time="3.002" /></testsuite></testsuites>