<?xml version="1.0" encoding="utf-8"?><testsuites name="pytest tests"><testsuite name="pytest" errors="0" failures="0" skipped="0" tests="8" time="1.608" timestamp="2026-05-22T13:14:15.516216+00:00" hostname="agent-env-43695c10-da5b-4d81-a958-3ab98d1b85d6"><testcase classname="test_iter111_viability_heatmap" name="test_heatmap_default_30d" time="0.565" /><testcase classname="test_iter111_viability_heatmap" name="test_heatmap_districts_shape" time="0.140" /><testcase classname="test_iter111_viability_heatmap" name="test_heatmap_demo_districts_present" time="0.129" /><testcase classname="test_iter111_viability_heatmap" name="test_heatmap_range[7]" time="0.132" /><testcase classname="test_iter111_viability_heatmap" name="test_heatmap_range[30]" time="0.111" /><testcase classname="test_iter111_viability_heatmap" name="test_heatmap_range[90]" time="0.110" /><testcase classname="test_iter111_viability_heatmap" name="test_heatmap_requires_auth" time="0.128" /><testcase classname="test_iter111_viability_heatmap" name="test_heatmap_days_clamped" time="0.261" /></testsuite></testsuites>