<?xml version="1.0" encoding="utf-8"?><testsuites name="pytest tests"><testsuite name="pytest" errors="0" failures="0" skipped="0" tests="7" time="4.390" timestamp="2026-05-13T06:30:19.890579+00:00" hostname="agent-env-43695c10-da5b-4d81-a958-3ab98d1b85d6"><testcase classname="backend.tests.test_iter61_whatsapp_twilio.TestTwilioConfig" name="test_get_config_initial" time="0.550" /><testcase classname="backend.tests.test_iter61_whatsapp_twilio.TestTwilioConfig" name="test_put_config_with_fake_creds" time="0.115" /><testcase classname="backend.tests.test_iter61_whatsapp_twilio.TestTwilioConfig" name="test_get_config_after_put_returns_masked" time="0.109" /><testcase classname="backend.tests.test_iter61_whatsapp_twilio.TestTwilioConfig" name="test_status_with_fake_creds" time="0.333" /><testcase classname="backend.tests.test_iter61_whatsapp_twilio.TestTwilioWebhook" name="test_webhook_simulated_inbound" time="2.821" /><testcase classname="backend.tests.test_iter61_whatsapp_twilio.TestTwilioWebhook" name="test_messages_list_includes_inbound" time="0.104" /><testcase classname="backend.tests.test_iter61_whatsapp_twilio.TestTwilioSend" name="test_send_with_fake_creds_fails" time="0.330" /></testsuite></testsuites>