<?xml version="1.0" encoding="utf-8"?><testsuites name="pytest tests"><testsuite name="pytest" errors="0" failures="0" skipped="0" tests="23" time="2.659" timestamp="2026-05-27T04:39:28.762759+00:00" hostname="agent-env-43695c10-da5b-4d81-a958-3ab98d1b85d6"><testcase classname="test_iter121_neo_reports_and_radius.TestAuthLogin" name="test_gestor_login_returns_token" time="0.453" /><testcase classname="test_iter121_neo_reports_and_radius.TestAuthLogin" name="test_invalid_login_rejected" time="0.284" /><testcase classname="test_iter121_neo_reports_and_radius.TestReportTypes" name="test_report_types_list" time="0.424" /><testcase classname="test_iter121_neo_reports_and_radius.TestReportTypes" name="test_report_types_requires_auth" time="0.056" /><testcase classname="test_iter121_neo_reports_and_radius.TestSchedulesCRUD" name="test_list_schedules_initial" time="0.051" /><testcase classname="test_iter121_neo_reports_and_radius.TestSchedulesCRUD" name="test_create_daily_schedule_next_run" time="0.115" /><testcase classname="test_iter121_neo_reports_and_radius.TestSchedulesCRUD" name="test_create_weekly_schedule_next_run" time="0.052" /><testcase classname="test_iter121_neo_reports_and_radius.TestSchedulesCRUD" name="test_create_monthly_schedule_next_run" time="0.052" /><testcase classname="test_iter121_neo_reports_and_radius.TestSchedulesCRUD" name="test_patch_recomputes_next_run" time="0.053" /><testcase classname="test_iter121_neo_reports_and_radius.TestSchedulesCRUD" name="test_patch_frequency_change" time="0.060" /><testcase classname="test_iter121_neo_reports_and_radius.TestSchedulesCRUD" name="test_run_now_ctos_occupancy" time="0.129" /><testcase classname="test_iter121_neo_reports_and_radius.TestSchedulesCRUD" name="test_history_contains_run" time="0.049" /><testcase classname="test_iter121_neo_reports_and_radius.TestSchedulesCRUD" name="test_delete_schedules_cleanup" time="0.261" /><testcase classname="test_iter121_neo_reports_and_radius.TestValidation" name="test_invalid_report_type" time="0.053" /><testcase classname="test_iter121_neo_reports_and_radius.TestValidation" name="test_invalid_frequency" time="0.050" /><testcase classname="test_iter121_neo_reports_and_radius.TestValidation" name="test_weekly_without_day_of_week" time="0.063" /><testcase classname="test_iter121_neo_reports_and_radius.TestValidation" name="test_monthly_without_day_of_month" time="0.049" /><testcase classname="test_iter121_neo_reports_and_radius.TestAuthRole" name="test_create_schedule_without_auth" time="0.055" /><testcase classname="test_iter121_neo_reports_and_radius.TestAuthRole" name="test_list_schedules_without_auth" time="0.052" /><testcase classname="test_iter121_neo_reports_and_radius.TestAuthRole" name="test_history_without_auth" time="0.049" /><testcase classname="test_iter121_neo_reports_and_radius.TestRadiusFilter" name="test_no_lat_lng_returns_all_for_tech" time="0.056" /><testcase classname="test_iter121_neo_reports_and_radius.TestRadiusFilter" name="test_with_lat_lng_filters_for_tech" time="0.051" /><testcase classname="test_iter121_neo_reports_and_radius.TestRadiusFilter" name="test_radius_filter_keeps_only_within" time="0.108" /></testsuite></testsuites>