<?xml version="1.0" encoding="utf-8"?><testsuites name="pytest tests"><testsuite name="pytest" errors="0" failures="0" skipped="0" tests="22" time="3.158" timestamp="2026-06-04T02:20:14.641034+00:00" hostname="agent-env-43695c10-da5b-4d81-a958-3ab98d1b85d6"><testcase classname="test_iter151_fleet_tracking_full.TestIngestAuth" name="test_ingest_no_token_401" time="0.501" /><testcase classname="test_iter151_fleet_tracking_full.TestIngestAuth" name="test_ingest_bad_token_401" time="0.051" /><testcase classname="test_iter151_fleet_tracking_full.TestIngestAuth" name="test_ingest_unknown_imei" time="0.050" /><testcase classname="test_iter151_fleet_tracking_full.TestVehicleCRUD" name="test_create_vehicle" time="0.062" /><testcase classname="test_iter151_fleet_tracking_full.TestVehicleCRUD" name="test_create_vehicle_duplicate_imei_409" time="0.064" /><testcase classname="test_iter151_fleet_tracking_full.TestVehicleCRUD" name="test_list_vehicles_contains_created" time="0.053" /><testcase classname="test_iter151_fleet_tracking_full.TestVehicleCRUD" name="test_update_vehicle" time="0.117" /><testcase classname="test_iter151_fleet_tracking_full.TestPositions" name="test_ingest_and_live" time="0.213" /><testcase classname="test_iter151_fleet_tracking_full.TestPositions" name="test_history_with_stats" time="0.057" /><testcase classname="test_iter151_fleet_tracking_full.TestGeofencesAndEvents" name="test_create_geofence_circle" time="0.054" /><testcase classname="test_iter151_fleet_tracking_full.TestGeofencesAndEvents" name="test_create_geofence_polygon_validation" time="0.049" /><testcase classname="test_iter151_fleet_tracking_full.TestGeofencesAndEvents" name="test_create_geofence_polygon_ok" time="0.052" /><testcase classname="test_iter151_fleet_tracking_full.TestGeofencesAndEvents" name="test_geofence_exit_event_generated" time="0.691" /><testcase classname="test_iter151_fleet_tracking_full.TestGeofencesAndEvents" name="test_speed_event_generated" time="0.501" /><testcase classname="test_iter151_fleet_tracking_full.TestCommands" name="test_create_command" time="0.052" /><testcase classname="test_iter151_fleet_tracking_full.TestCommands" name="test_gateway_pull_pending" time="0.049" /><testcase classname="test_iter151_fleet_tracking_full.TestCommands" name="test_gateway_ack" time="0.096" /><testcase classname="test_iter151_fleet_tracking_full.TestTenants" name="test_create_tenant" time="0.071" /><testcase classname="test_iter151_fleet_tracking_full.TestTenants" name="test_list_tenants" time="0.048" /><testcase classname="test_iter151_fleet_tracking_full.TestReports" name="test_summary_includes_vehicle" time="0.051" /><testcase classname="test_iter151_fleet_tracking_full.TestTK103Parser" name="test_parse_frame" time="0.002" /><testcase classname="test_iter151_fleet_tracking_full.TestTK103Parser" name="test_parse_invalid" time="0.197" /></testsuite></testsuites>