<?xml version="1.0" encoding="utf-8"?><testsuites name="pytest tests"><testsuite name="pytest" errors="0" failures="3" skipped="0" tests="11" time="10.964" timestamp="2026-05-09T03:42:22.823966+00:00" hostname="agent-env-43695c10-da5b-4d81-a958-3ab98d1b85d6"><testcase classname="backend.tests.test_iteration5_session_bugfixes.TestTimeSyncMaxDriftValidation" name="test_zero_rejected_422" time="0.594"><failure message="AssertionError: expected 422, got 500: Internal Server Error&#10;assert 500 == 422&#10; +  where 500 = &lt;Response [500]&gt;.status_code">backend/tests/test_iteration5_session_bugfixes.py:52: in test_zero_rejected_422
    assert r.status_code == 422, f"expected 422, got {r.status_code}: {r.text}"
E   AssertionError: expected 422, got 500: Internal Server Error
E   assert 500 == 422
E    +  where 500 = &lt;Response [500]&gt;.status_code</failure></testcase><testcase classname="backend.tests.test_iteration5_session_bugfixes.TestTimeSyncMaxDriftValidation" name="test_negative_rejected_422" time="0.112"><failure message="AssertionError: Internal Server Error&#10;assert 500 == 422&#10; +  where 500 = &lt;Response [500]&gt;.status_code">backend/tests/test_iteration5_session_bugfixes.py:57: in test_negative_rejected_422
    assert r.status_code == 422, r.text
E   AssertionError: Internal Server Error
E   assert 500 == 422
E    +  where 500 = &lt;Response [500]&gt;.status_code</failure></testcase><testcase classname="backend.tests.test_iteration5_session_bugfixes.TestTimeSyncMaxDriftValidation" name="test_too_large_rejected_422" time="0.137"><failure message="AssertionError: Internal Server Error&#10;assert 500 == 422&#10; +  where 500 = &lt;Response [500]&gt;.status_code">backend/tests/test_iteration5_session_bugfixes.py:62: in test_too_large_rejected_422
    assert r.status_code == 422, r.text
E   AssertionError: Internal Server Error
E   assert 500 == 422
E    +  where 500 = &lt;Response [500]&gt;.status_code</failure></testcase><testcase classname="backend.tests.test_iteration5_session_bugfixes.TestTimeSyncMaxDriftValidation" name="test_valid_accepted" time="0.110" /><testcase classname="backend.tests.test_iteration5_session_bugfixes.TestDriftSkipOnlyForAdmin" name="test_collab_test_mode_no_admin_token_blocked_412" time="0.771" /><testcase classname="backend.tests.test_iteration5_session_bugfixes.TestDriftSkipOnlyForAdmin" name="test_admin_token_skips_drift" time="0.459" /><testcase classname="backend.tests.test_iteration5_session_bugfixes.TestPatchClearsGridSlot" name="test_patch_scheduled_time_clears_grid_slot" time="1.876" /><testcase classname="backend.tests.test_iteration5_session_bugfixes.TestSlaDefaultsNewTypes" name="test_sla_defaults_via_grid[prioridade-45]" time="2.210" /><testcase classname="backend.tests.test_iteration5_session_bugfixes.TestSlaDefaultsNewTypes" name="test_sla_defaults_via_grid[preventiva-90]" time="2.457" /><testcase classname="backend.tests.test_iteration5_session_bugfixes.TestSlaDefaultsNewTypes" name="test_sla_defaults_via_grid[venda-60]" time="1.948" /><testcase classname="backend.tests.test_iteration5_session_bugfixes.TestServerTime" name="test_server_time_public" time="0.221" /></testsuite></testsuites>