<?xml version="1.0" encoding="utf-8"?><testsuites name="pytest tests"><testsuite name="pytest" errors="0" failures="0" skipped="0" tests="12" time="4.997" timestamp="2026-05-09T08:03:41.055463+00:00" hostname="agent-env-43695c10-da5b-4d81-a958-3ab98d1b85d6"><testcase classname="backend.tests.test_iteration17_ai_rankings_cache.TestAiRankings" name="test_default_30_days" time="0.875" /><testcase classname="backend.tests.test_iteration17_ai_rankings_cache.TestAiRankings" name="test_items_shape" time="0.440" /><testcase classname="backend.tests.test_iteration17_ai_rankings_cache.TestAiRankings" name="test_sorted_desc_by_avg_score" time="0.404" /><testcase classname="backend.tests.test_iteration17_ai_rankings_cache.TestAiRankings" name="test_accepts_periods[7]" time="0.427" /><testcase classname="backend.tests.test_iteration17_ai_rankings_cache.TestAiRankings" name="test_accepts_periods[30]" time="0.449" /><testcase classname="backend.tests.test_iteration17_ai_rankings_cache.TestAiRankings" name="test_accepts_periods[90]" time="0.428" /><testcase classname="backend.tests.test_iteration17_ai_rankings_cache.TestAiRankings" name="test_unauthenticated_rejected" time="0.160" /><testcase classname="backend.tests.test_iteration17_ai_rankings_cache.TestAiEvaluateCache" name="test_cache_first_miss_then_hit" time="0.934" /><testcase classname="backend.tests.test_iteration17_ai_rankings_cache.TestRegression" name="test_lousa_grid_ok" time="0.142" /><testcase classname="backend.tests.test_iteration17_ai_rankings_cache.TestRegression" name="test_lousa_by_collaborator" time="0.113" /><testcase classname="backend.tests.test_iteration17_ai_rankings_cache.TestRegression" name="test_atlaz_settings_get" time="0.433" /><testcase classname="backend.tests.test_iteration17_ai_rankings_cache.TestRegression" name="test_lousa_history_mode" time="0.151" /></testsuite></testsuites>