<?xml version="1.0" encoding="utf-8"?><testsuites name="pytest tests"><testsuite name="pytest" errors="0" failures="0" skipped="0" tests="3" time="2.466" timestamp="2026-05-27T16:06:42.782769+00:00" hostname="agent-env-43695c10-da5b-4d81-a958-3ab98d1b85d6"><testcase classname="test_iter143_ont_scan_retirada.TestMoveOntForWithdraw" name="test_close_retirada_creates_new_ont_when_mac_unknown" time="1.037" /><testcase classname="test_iter143_ont_scan_retirada.TestMoveOntForWithdraw" name="test_close_retirada_mac_at_wrong_location_marks_inconsistency" time="0.531" /><testcase classname="test_iter143_ont_scan_retirada.TestMoveOntForWithdraw" name="test_close_retirada_mac_at_right_client_moves_to_tech" time="0.863" /></testsuite></testsuites>