<?xml version="1.0" encoding="utf-8"?><testsuites name="pytest tests"><testsuite name="pytest" errors="0" failures="0" skipped="0" tests="6" time="0.995" timestamp="2026-05-10T21:27:58.992652+00:00" hostname="agent-env-43695c10-da5b-4d81-a958-3ab98d1b85d6"><testcase classname="backend.tests.test_iter45_chat_coaching" name="test_login_returns_token" time="0.369" /><testcase classname="backend.tests.test_iter45_chat_coaching" name="test_coaching_by_user_returns_counters" time="0.147" /><testcase classname="backend.tests.test_iter45_chat_coaching" name="test_coaching_for_conversation_filtered" time="0.047" /><testcase classname="backend.tests.test_iter45_chat_coaching" name="test_customer_profile_shape" time="0.071" /><testcase classname="backend.tests.test_iter45_chat_coaching" name="test_subscribe_presence" time="0.075" /><testcase classname="backend.tests.test_iter45_chat_coaching" name="test_coaching_action_read_then_acknowledge" time="0.243" /></testsuite></testsuites>