<?xml version="1.0" encoding="utf-8"?><testsuites name="pytest tests"><testsuite name="pytest" errors="0" failures="0" skipped="0" tests="17" time="154.722" timestamp="2026-05-27T05:03:18.959635+00:00" hostname="agent-env-43695c10-da5b-4d81-a958-3ab98d1b85d6"><testcase classname="test_iter122_neo_chat_orchestrator.TestNeoChatAuth" name="test_ask_requires_auth" time="0.250" /><testcase classname="test_iter122_neo_chat_orchestrator.TestNeoChatAuth" name="test_history_requires_auth" time="0.104" /><testcase classname="test_iter122_neo_chat_orchestrator.TestNeoChatAuth" name="test_sessions_requires_auth" time="0.123" /><testcase classname="test_iter122_neo_chat_orchestrator.TestNeoChatAuth" name="test_tools_requires_auth" time="0.108" /><testcase classname="test_iter122_neo_chat_orchestrator.TestNeoTools" name="test_list_tools" time="0.492" /><testcase classname="test_iter122_neo_chat_orchestrator.TestNeoAsk" name="test_ask_isabella_kpis" time="38.861" /><testcase classname="test_iter122_neo_chat_orchestrator.TestNeoAsk" name="test_ask_camila_billing_month" time="90.788" /><testcase classname="test_iter122_neo_chat_orchestrator.TestNeoAsk" name="test_ask_alvaro_today" time="4.234" /><testcase classname="test_iter122_neo_chat_orchestrator.TestNeoAsk" name="test_ask_customer_timeline" time="7.198" /><testcase classname="test_iter122_neo_chat_orchestrator.TestNeoAsk" name="test_ask_freeform" time="0.999" /><testcase classname="test_iter122_neo_chat_orchestrator.TestNeoHistorySessions" name="test_history_and_sessions" time="1.405" /><testcase classname="test_iter122_neo_chat_orchestrator.TestNeoReportsNewTypes" name="test_report_types_lists_7" time="0.127" /><testcase classname="test_iter122_neo_chat_orchestrator.TestNeoReportsNewTypes" name="test_schedule_create_and_run[isabella_kpis]" time="0.361" /><testcase classname="test_iter122_neo_chat_orchestrator.TestNeoReportsNewTypes" name="test_schedule_create_and_run[alvaro_tickets]" time="0.341" /><testcase classname="test_iter122_neo_chat_orchestrator.TestNeoReportsNewTypes" name="test_schedule_create_and_run[camila_billing]" time="0.340" /><testcase classname="test_iter122_neo_chat_orchestrator.TestNeoReportsNewTypes" name="test_schedule_create_and_run[secretaria_intents]" time="0.361" /><testcase classname="test_iter122_neo_chat_orchestrator.TestSecretariaAskNeo" name="test_ask_neo_via_secretaria" time="8.564" /></testsuite></testsuites>