<?xml version="1.0" encoding="utf-8"?><testsuites name="pytest tests"><testsuite name="pytest" errors="0" failures="0" skipped="1" tests="15" time="1.815" timestamp="2026-05-10T23:02:58.158363+00:00" hostname="agent-env-43695c10-da5b-4d81-a958-3ab98d1b85d6"><testcase classname="backend.tests.test_iter48_productivity_and_notify.TestProductivityDashboard" name="test_status_and_envelope" time="0.577" /><testcase classname="backend.tests.test_iter48_productivity_and_notify.TestProductivityDashboard" name="test_item_shape" time="0.052" /><testcase classname="backend.tests.test_iter48_productivity_and_notify.TestProductivityDashboard" name="test_team_shape" time="0.053" /><testcase classname="backend.tests.test_iter48_productivity_and_notify.TestProductivityDashboard" name="test_no_ai_agents_in_items" time="0.093" /><testcase classname="backend.tests.test_iter48_productivity_and_notify.TestProductivityDashboard" name="test_items_sorted_by_score_desc" time="0.063" /><testcase classname="backend.tests.test_iter48_productivity_and_notify.TestProductivityDashboard" name="test_best_performer_is_top" time="0.058" /><testcase classname="backend.tests.test_iter48_productivity_and_notify.TestProductivityDashboard" name="test_days_param_validation" time="0.158" /><testcase classname="backend.tests.test_iter48_productivity_and_notify.TestProductivityDashboard" name="test_requires_auth" time="0.137" /><testcase classname="backend.tests.test_iter48_productivity_and_notify.TestNotifyScheduledAdjustment" name="test_dry_run_returns_preview" time="0.143" /><testcase classname="backend.tests.test_iter48_productivity_and_notify.TestNotifyScheduledAdjustment" name="test_default_template_includes_marco_civil" time="0.059" /><testcase classname="backend.tests.test_iter48_productivity_and_notify.TestNotifyScheduledAdjustment" name="test_template_substitution" time="0.053" /><testcase classname="backend.tests.test_iter48_productivity_and_notify.TestNotifyScheduledAdjustment" name="test_404_when_not_found" time="0.053" /><testcase classname="backend.tests.test_iter48_productivity_and_notify.TestNotifyScheduledAdjustment" name="test_409_when_not_pending" time="0.057"><skipped type="pytest.skip" message="No non-pending scheduled adjustment to test 409">/app/backend/tests/test_iter48_productivity_and_notify.py:178: No non-pending scheduled adjustment to test 409</skipped></testcase><testcase classname="backend.tests.test_iter48_productivity_and_notify.TestNotifyScheduledAdjustment" name="test_requires_auth" time="0.111" /><testcase classname="backend.tests.test_iter48_productivity_and_notify.TestNotifyScheduledAdjustment" name="test_dry_run_does_not_persist_notified_at" time="0.101" /></testsuite></testsuites>