<?xml version="1.0" encoding="utf-8"?><testsuites name="pytest tests"><testsuite name="pytest" errors="0" failures="0" skipped="1" tests="6" time="2.226" timestamp="2026-05-24T03:22:20.508870+00:00" hostname="agent-env-43695c10-da5b-4d81-a958-3ab98d1b85d6"><testcase classname="test_fleet_phase2" name="test_transfer_sign_and_approve_full_flow" time="1.241" /><testcase classname="test_fleet_phase2" name="test_fuel_ocr_returns_ok_or_fallback" time="0.132" /><testcase classname="test_fleet_phase2" name="test_can_operate_as_gestor" time="0.100" /><testcase classname="test_fleet_phase2" name="test_collaborator_put_with_fleet_fields" time="0.476" /><testcase classname="test_fleet_phase2" name="test_manual_approve_inspection_smoke" time="0.112"><skipped type="pytest.skip" message="Sem vistorias não-aprovadas para forçar approve">/app/backend/tests/test_fleet_phase2.py:159: Sem vistorias não-aprovadas para forçar approve</skipped></testcase><testcase classname="test_fleet_phase2" name="test_kpis_has_11_plus_fields" time="0.131" /></testsuite></testsuites>