<?xml version="1.0" encoding="utf-8"?><testsuites name="pytest tests"><testsuite name="pytest" errors="0" failures="0" skipped="0" tests="8" time="1.682" timestamp="2026-05-09T13:04:13.710291+00:00" hostname="agent-env-43695c10-da5b-4d81-a958-3ab98d1b85d6"><testcase classname="tests.test_iteration25_stok" name="test_catalog" time="0.470" /><testcase classname="tests.test_iteration25_stok" name="test_dashboard" time="0.058" /><testcase classname="tests.test_iteration25_stok" name="test_onts_bulk_and_transfer" time="0.248" /><testcase classname="tests.test_iteration25_stok" name="test_consumables_purchase_and_transfer" time="0.104" /><testcase classname="tests.test_iteration25_stok" name="test_service_create_and_close_full_flow" time="0.332" /><testcase classname="tests.test_iteration25_stok" name="test_close_without_active_service_returns_404" time="0.051" /><testcase classname="tests.test_iteration25_stok" name="test_unauthorized_without_token" time="0.045" /><testcase classname="tests.test_iteration25_stok" name="test_bridge_lousa_open_creates_service" time="0.357" /></testsuite></testsuites>