<?xml version="1.0" encoding="utf-8"?><testsuites name="pytest tests"><testsuite name="pytest" errors="0" failures="0" skipped="0" tests="18" time="3.860" timestamp="2026-06-07T21:08:51.075326+00:00" hostname="agent-env-43695c10-da5b-4d81-a958-3ab98d1b85d6"><testcase classname="test_iter218_presidente_ia.TestAuthRequired" name="test_dashboard_requires_auth" time="0.658" /><testcase classname="test_iter218_presidente_ia.TestAuthRequired" name="test_scan_requires_auth" time="0.126" /><testcase classname="test_iter218_presidente_ia.TestAuthRequired" name="test_agents_requires_auth" time="0.113" /><testcase classname="test_iter218_presidente_ia.TestAuthRequired" name="test_conselho_requires_auth" time="0.108" /><testcase classname="test_iter218_presidente_ia.TestAgents" name="test_agents_returns_14" time="0.464" /><testcase classname="test_iter218_presidente_ia.TestDashboard" name="test_dashboard_shape" time="0.185" /><testcase classname="test_iter218_presidente_ia.TestDashboard" name="test_health_status_thresholds" time="0.237" /><testcase classname="test_iter218_presidente_ia.TestScan" name="test_scan_runs" time="0.231" /><testcase classname="test_iter218_presidente_ia.TestScan" name="test_events_after_scan" time="0.114" /><testcase classname="test_iter218_presidente_ia.TestScan" name="test_events_severity_filter" time="0.110" /><testcase classname="test_iter218_presidente_ia.TestScan" name="test_predictions_sorted" time="0.127" /><testcase classname="test_iter218_presidente_ia.TestStreams" name="test_insights_open_only" time="0.118" /><testcase classname="test_iter218_presidente_ia.TestStreams" name="test_decisions_endpoint" time="0.106" /><testcase classname="test_iter218_presidente_ia.TestStreams" name="test_actions_endpoint" time="0.196" /><testcase classname="test_iter218_presidente_ia.TestConselho" name="test_conselho_returns_6" time="0.179" /><testcase classname="test_iter218_presidente_ia.TestConselho" name="test_conselho_cache_second_call_fast" time="0.421" /><testcase classname="test_iter218_presidente_ia.TestConselho" name="test_conselho_role_unknown_404" time="0.118" /><testcase classname="test_iter218_presidente_ia.TestConselho" name="test_conselho_role_specific" time="0.186" /></testsuite></testsuites>