<?xml version="1.0" encoding="utf-8"?><testsuites name="pytest tests"><testsuite name="pytest" errors="0" failures="0" skipped="0" tests="9" time="6.750" timestamp="2026-05-18T21:15:23.845368+00:00" hostname="agent-env-43695c10-da5b-4d81-a958-3ab98d1b85d6"><testcase classname="backend.tests.test_iter94_bank_import.TestBankImport" name="test_upload_parses_and_classifies" time="6.034" /><testcase classname="backend.tests.test_iter94_bank_import.TestBankImport" name="test_confirm_creates_movements_and_learns" time="0.143" /><testcase classname="backend.tests.test_iter94_bank_import.TestBankImport" name="test_confirm_idempotency_returns_409" time="0.071" /><testcase classname="backend.tests.test_iter94_bank_import.TestBankImport" name="test_history_includes_recent_import" time="0.066" /><testcase classname="backend.tests.test_iter94_bank_import.TestBankImport" name="test_memory_lists_learned_patterns" time="0.073" /><testcase classname="backend.tests.test_iter94_bank_import.TestBankImport" name="test_learning_applied_on_second_upload" time="0.072" /><testcase classname="backend.tests.test_iter94_bank_import.TestBankImport" name="test_delete_memory_pattern" time="0.135" /><testcase classname="backend.tests.test_iter94_bank_import.TestBankImport" name="test_upload_empty_file_rejected" time="0.067" /><testcase classname="backend.tests.test_iter94_bank_import.TestBankImport" name="test_upload_invalid_extension_rejected" time="0.066" /></testsuite></testsuites>