<?xml version="1.0" encoding="utf-8"?><testsuites name="pytest tests"><testsuite name="pytest" errors="0" failures="0" skipped="0" tests="7" time="10.152" timestamp="2026-06-18T07:03:35.724781+00:00" hostname="agent-env-43695c10-da5b-4d81-a958-3ab98d1b85d6"><testcase classname="test_onda_c_p1_diagnostico" name="test_diagnostico_requires_auth" time="0.255" /><testcase classname="test_onda_c_p1_diagnostico" name="test_diagnostico_full_payload" time="0.568" /><testcase classname="test_onda_c_p1_diagnostico" name="test_diagnostico_window_bounds" time="0.623" /><testcase classname="test_onda_c_p1_diagnostico" name="test_diagnostico_is_readonly" time="0.739" /><testcase classname="test_onda_c_p1_diagnostico" name="test_watchtower_summary_regression" time="0.189" /><testcase classname="test_onda_c_p1_diagnostico" name="test_audit_script_print_only" time="3.777" /><testcase classname="test_onda_c_p1_diagnostico" name="test_audit_script_writes_file" time="3.959" /></testsuite></testsuites>