<?xml version="1.0" encoding="utf-8"?><testsuites name="pytest tests"><testsuite name="pytest" errors="0" failures="0" skipped="0" tests="5" time="3.519" timestamp="2026-05-18T22:20:10.961009+00:00" hostname="agent-env-43695c10-da5b-4d81-a958-3ab98d1b85d6"><testcase classname="backend.tests.test_whatsapp_perm.TestRoleGatingCreate" name="test_gestor_cannot_enable_flag_on_create" time="0.804" /><testcase classname="backend.tests.test_whatsapp_perm.TestRoleGatingCreate" name="test_auditor_can_enable_flag_on_create" time="0.697" /><testcase classname="backend.tests.test_whatsapp_perm.TestRoleGatingUpdate" name="test_gestor_cannot_turn_on_flag" time="0.400" /><testcase classname="backend.tests.test_whatsapp_perm.TestRoleGatingUpdate" name="test_gestor_cannot_turn_off_after_auditor_set" time="0.577" /><testcase classname="backend.tests.test_whatsapp_perm.TestSyncWithLinkedUser" name="test_sync_to_linked_user" time="1.020" /></testsuite></testsuites>