<?xml version="1.0" encoding="utf-8"?><testsuites name="pytest tests"><testsuite name="pytest" errors="0" failures="0" skipped="0" tests="10" time="12.880" timestamp="2026-05-14T17:26:35.125271+00:00" hostname="agent-env-43695c10-da5b-4d81-a958-3ab98d1b85d6"><testcase classname="backend.tests.test_iter67_holerite_ai.TestAiParse" name="test_ai_parse_pdf_success" time="10.332" /><testcase classname="backend.tests.test_iter67_holerite_ai.TestAiParse" name="test_ai_parse_rejects_non_pdf" time="0.189" /><testcase classname="backend.tests.test_iter67_holerite_ai.TestAiParse" name="test_ai_parse_rejects_oversize" time="1.017" /><testcase classname="backend.tests.test_iter67_holerite_ai.TestAiParse" name="test_ai_parse_rejects_bad_threshold" time="0.224" /><testcase classname="backend.tests.test_iter67_holerite_ai.TestAiImport" name="test_ai_import_with_skip_all" time="0.122" /><testcase classname="backend.tests.test_iter67_holerite_ai.TestAiImport" name="test_ai_import_unknown_parse_id" time="0.132" /><testcase classname="backend.tests.test_iter67_holerite_ai.TestPublicCollabHolerites" name="test_list_public_by_collaborator" time="0.124" /><testcase classname="backend.tests.test_iter67_holerite_ai.TestPublicCollabHolerites" name="test_list_public_unknown_collaborator" time="0.343" /><testcase classname="backend.tests.test_iter67_holerite_ai.TestPublicCollabHolerites" name="test_public_file_stream" time="0.114" /><testcase classname="backend.tests.test_iter67_holerite_ai.TestPublicCollabHolerites" name="test_public_file_404_unknown_doc" time="0.236" /></testsuite></testsuites>