<?xml version="1.0" encoding="utf-8"?><testsuites name="pytest tests"><testsuite name="pytest" errors="0" failures="0" skipped="0" tests="9" time="5.557" timestamp="2026-05-10T23:42:56.619781+00:00" hostname="agent-env-43695c10-da5b-4d81-a958-3ab98d1b85d6"><testcase classname="backend.tests.test_iter50_sidebar_split_ai_evals.TestCentralIA" name="test_dashboard_kpis" time="0.587" /><testcase classname="backend.tests.test_iter50_sidebar_split_ai_evals.TestCentralIA" name="test_dashboard_summary" time="0.103" /><testcase classname="backend.tests.test_iter50_sidebar_split_ai_evals.TestCentralIA" name="test_ai_evaluations_summary" time="0.108" /><testcase classname="backend.tests.test_iter50_sidebar_split_ai_evals.TestCentralIA" name="test_attendants_ranking" time="0.166" /><testcase classname="backend.tests.test_iter50_sidebar_split_ai_evals.TestCentralIA" name="test_productivity" time="0.142" /><testcase classname="backend.tests.test_iter50_sidebar_split_ai_evals.TestCentralIA" name="test_intents" time="0.161" /><testcase classname="backend.tests.test_iter50_sidebar_split_ai_evals.TestCentralIA" name="test_alerts_includes_sla_keys" time="0.164" /><testcase classname="backend.tests.test_iter50_sidebar_split_ai_evals.TestLousaDateRule" name="test_grid_today_baseline" time="0.297" /><testcase classname="backend.tests.test_iter50_sidebar_split_ai_evals.TestLousaDateRule" name="test_create_ticket_yesterday_not_in_today" time="3.806" /></testsuite></testsuites>