<?xml version="1.0" encoding="utf-8"?><testsuites name="pytest tests"><testsuite name="pytest" errors="0" failures="0" skipped="0" tests="23" time="8.130" timestamp="2026-05-09T10:03:04.687111+00:00" hostname="agent-env-43695c10-da5b-4d81-a958-3ab98d1b85d6"><testcase classname="tests.test_iteration20_atlaz_auto_sync.TestAtlazConfigNewFields" name="test_get_settings_has_new_fields" time="0.456" /><testcase classname="tests.test_iteration20_atlaz_auto_sync.TestAtlazConfigNewFields" name="test_put_settings_persists_new_fields" time="0.420" /><testcase classname="tests.test_iteration20_atlaz_auto_sync.TestAtlazConfigNewFields" name="test_put_settings_rejects_low_interval" time="0.201" /><testcase classname="tests.test_iteration20_atlaz_auto_sync.TestAtlazConfigNewFields" name="test_put_settings_rejects_high_interval" time="0.202" /><testcase classname="tests.test_iteration20_atlaz_auto_sync.TestAtlazConfigNewFields" name="test_put_settings_rejects_out_of_range[tech_sync_interval_minutes-4]" time="0.202" /><testcase classname="tests.test_iteration20_atlaz_auto_sync.TestAtlazConfigNewFields" name="test_put_settings_rejects_out_of_range[tech_sync_interval_minutes-2000]" time="0.203" /><testcase classname="tests.test_iteration20_atlaz_auto_sync.TestAtlazConfigNewFields" name="test_put_settings_rejects_out_of_range[sync_interval_minutes-0]" time="0.195" /><testcase classname="tests.test_iteration20_atlaz_auto_sync.TestAtlazConfigNewFields" name="test_put_settings_rejects_out_of_range[sync_interval_minutes-2000]" time="0.202" /><testcase classname="tests.test_iteration20_atlaz_auto_sync.TestAtlazConfigNewFields" name="test_put_settings_rejects_out_of_range[lookback_days-0]" time="0.200" /><testcase classname="tests.test_iteration20_atlaz_auto_sync.TestAtlazConfigNewFields" name="test_put_settings_rejects_out_of_range[lookback_days-400]" time="0.200" /><testcase classname="tests.test_iteration20_atlaz_auto_sync.TestAtlazConfigNewFields" name="test_put_settings_rejects_out_of_range[timeout_seconds-1]" time="0.206" /><testcase classname="tests.test_iteration20_atlaz_auto_sync.TestAtlazConfigNewFields" name="test_put_settings_rejects_out_of_range[timeout_seconds-200]" time="0.213" /><testcase classname="tests.test_iteration20_atlaz_auto_sync.TestAtlazConfigNewFields" name="test_get_settings_auto_heals_corrupt_config" time="0.989" /><testcase classname="tests.test_iteration20_atlaz_auto_sync.TestAtlazConfigNewFields" name="test_put_settings_accepts_boundary_values" time="0.320" /><testcase classname="tests.test_iteration20_atlaz_auto_sync.TestAtlazConfigNewFields" name="test_put_settings_valid_regression" time="0.448" /><testcase classname="tests.test_iteration20_atlaz_auto_sync.TestSyncTechniciansEndpoint" name="test_sync_technicians_shape" time="1.067" /><testcase classname="tests.test_iteration20_atlaz_auto_sync.TestAtlazRegression" name="test_test_connection" time="1.052" /><testcase classname="tests.test_iteration20_atlaz_auto_sync.TestAtlazRegression" name="test_sync_now" time="0.815" /><testcase classname="tests.test_iteration20_atlaz_auto_sync.TestAtlazRegression" name="test_sync_logs" time="0.105" /><testcase classname="tests.test_iteration20_atlaz_auto_sync.TestLousaRegression" name="test_lousa_grid_no_filter" time="0.101" /><testcase classname="tests.test_iteration20_atlaz_auto_sync.TestLousaRegression" name="test_lousa_grid_with_dates" time="0.101" /><testcase classname="tests.test_iteration20_atlaz_auto_sync.TestLousaRegression" name="test_lousa_by_collaborator" time="0.102" /><testcase classname="tests.test_iteration20_atlaz_auto_sync.TestSSEStream" name="test_events_stream_connects" time="0.106" /></testsuite></testsuites>