<?xml version="1.0" encoding="utf-8"?><testsuites name="pytest tests"><testsuite name="pytest" errors="0" failures="0" skipped="0" tests="9" time="4.439" timestamp="2026-05-27T18:08:39.472764+00:00" hostname="agent-env-43695c10-da5b-4d81-a958-3ab98d1b85d6"><testcase classname="test_iter146_cto_port_close" name="test_get_client_cto_port_with_port" time="0.700" /><testcase classname="test_iter146_cto_port_close" name="test_get_client_cto_port_no_port" time="0.263" /><testcase classname="test_iter146_cto_port_close" name="test_close_retirada_libera_porta" time="0.268" /><testcase classname="test_iter146_cto_port_close" name="test_close_port_swap" time="1.622" /><testcase classname="test_iter146_cto_port_close" name="test_port_swap_missing_new_port" time="0.281" /><testcase classname="test_iter146_cto_port_close" name="test_port_swap_same_port" time="0.340" /><testcase classname="test_iter146_cto_port_close" name="test_port_swap_occupied" time="0.268" /><testcase classname="test_iter146_cto_port_close" name="test_close_regression_legacy_payload" time="0.323" /><testcase classname="test_iter146_cto_port_close" name="test_close_install_occupies_port" time="0.277" /></testsuite></testsuites>