<?xml version="1.0" encoding="utf-8"?><testsuites name="pytest tests"><testsuite name="pytest" errors="0" failures="0" skipped="0" tests="9" time="1.123" timestamp="2026-05-10T05:27:36.332141+00:00" hostname="agent-env-43695c10-da5b-4d81-a958-3ab98d1b85d6"><testcase classname="backend.tests.test_iteration29_vehicle_checklist.TestTemplate" name="test_template_returns_30_items_8_categories" time="0.525" /><testcase classname="backend.tests.test_iteration29_vehicle_checklist.TestChecklistCRUD" name="test_create_checklist_with_auto_conformity" time="0.144" /><testcase classname="backend.tests.test_iteration29_vehicle_checklist.TestChecklistCRUD" name="test_get_checklist_persisted" time="0.052" /><testcase classname="backend.tests.test_iteration29_vehicle_checklist.TestChecklistCRUD" name="test_list_filtered_by_collaborator" time="0.048" /><testcase classname="backend.tests.test_iteration29_vehicle_checklist.TestChecklistCRUD" name="test_pdf_renders" time="0.077" /><testcase classname="backend.tests.test_iteration29_vehicle_checklist.TestChecklistCRUD" name="test_delete_checklist" time="0.095" /><testcase classname="backend.tests.test_iteration29_vehicle_checklist.TestValidation" name="test_create_invalid_plate" time="0.049" /><testcase classname="backend.tests.test_iteration29_vehicle_checklist.TestValidation" name="test_create_unknown_collaborator" time="0.048" /><testcase classname="backend.tests.test_iteration29_vehicle_checklist.TestRomaneioRename" name="test_romaneio_endpoint_works" time="0.067" /></testsuite></testsuites>