<?xml version="1.0" encoding="utf-8"?><testsuites name="pytest tests"><testsuite name="pytest" errors="0" failures="0" skipped="0" tests="9" time="2.179" timestamp="2026-05-10T15:42:36.149514+00:00" hostname="agent-env-43695c10-da5b-4d81-a958-3ab98d1b85d6"><testcase classname="backend.tests.test_iter35_return_signature.TestReturnConfirmPDF" name="test_returns_pdf_with_signature_and_header" time="1.180" /><testcase classname="backend.tests.test_iter35_return_signature.TestReturnsHistory" name="test_history_count_and_shape_and_signature_excluded" time="0.111" /><testcase classname="backend.tests.test_iter35_return_signature.TestSideEffectAssetsReturned" name="test_active_assets_marked_devolvido" time="0.112" /><testcase classname="backend.tests.test_iter35_return_signature.TestSideEffectAssetsReturned" name="test_onts_and_insumos_not_touched" time="0.113" /><testcase classname="backend.tests.test_iter35_return_signature.TestValidation" name="test_invalid_inputs_return_422[body0-name vazio]" time="0.126" /><testcase classname="backend.tests.test_iter35_return_signature.TestValidation" name="test_invalid_inputs_return_422[body1-name 1 char]" time="0.117" /><testcase classname="backend.tests.test_iter35_return_signature.TestValidation" name="test_invalid_inputs_return_422[body2-signature vazia]" time="0.130" /><testcase classname="backend.tests.test_iter35_return_signature.TestValidation" name="test_invalid_inputs_return_422[body3-signature ausente]" time="0.109" /><testcase classname="backend.tests.test_iter35_return_signature.TestRomaneioReturnRegression" name="test_mode_return_no_signature_embedded" time="0.140" /></testsuite></testsuites>