<?xml version="1.0" encoding="utf-8"?><testsuites name="pytest tests"><testsuite name="pytest" errors="0" failures="0" skipped="0" tests="16" time="3.761" timestamp="2026-05-09T07:48:49.650895+00:00" hostname="agent-env-43695c10-da5b-4d81-a958-3ab98d1b85d6"><testcase classname="backend.tests.test_iteration16_atlaz.TestAtlazSettings" name="test_get_settings_defaults" time="0.415" /><testcase classname="backend.tests.test_iteration16_atlaz.TestAtlazSettings" name="test_get_settings_collab_forbidden" time="0.317" /><testcase classname="backend.tests.test_iteration16_atlaz.TestAtlazSettings" name="test_get_settings_unauth" time="0.043" /><testcase classname="backend.tests.test_iteration16_atlaz.TestAtlazPut" name="test_put_save_apikey_and_mask" time="0.044" /><testcase classname="backend.tests.test_iteration16_atlaz.TestAtlazPut" name="test_put_partial_does_not_overwrite_apikey" time="0.046" /><testcase classname="backend.tests.test_iteration16_atlaz.TestAtlazPut" name="test_put_collab_forbidden" time="0.050" /><testcase classname="backend.tests.test_iteration16_atlaz.TestAtlazTest" name="test_test_connection_dns_invalid_graceful" time="0.106" /><testcase classname="backend.tests.test_iteration16_atlaz.TestAtlazTest" name="test_test_connection_collab_forbidden" time="0.045" /><testcase classname="backend.tests.test_iteration16_atlaz.TestAtlazSyncNow" name="test_sync_now_enabled_with_dns_fail" time="0.068" /><testcase classname="backend.tests.test_iteration16_atlaz.TestAtlazSyncNow" name="test_sync_now_disabled_returns_disabled" time="0.144" /><testcase classname="backend.tests.test_iteration16_atlaz.TestAtlazLogs" name="test_sync_logs_returns_items" time="0.056" /><testcase classname="backend.tests.test_iteration16_atlaz.TestAtlazLogs" name="test_sync_logs_collab_forbidden" time="0.043" /><testcase classname="backend.tests.test_iteration16_atlaz.TestAtlazPushClose" name="test_admin_close_pushes_atlaz_when_external_id" time="1.833" /><testcase classname="backend.tests.test_iteration16_atlaz.TestRegression" name="test_server_time" time="0.044" /><testcase classname="backend.tests.test_iteration16_atlaz.TestRegression" name="test_lousa_grid_no_filters" time="0.068" /><testcase classname="backend.tests.test_iteration16_atlaz.TestRegression" name="test_lousa_grid_with_date" time="0.383" /></testsuite></testsuites>