<?xml version="1.0" encoding="utf-8"?><testsuites name="pytest tests"><testsuite name="pytest" errors="0" failures="0" skipped="2" tests="13" time="6.621" timestamp="2026-05-09T09:56:21.154418+00:00" hostname="agent-env-43695c10-da5b-4d81-a958-3ab98d1b85d6"><testcase classname="backend.tests.test_iteration20_atlaz_auto_sync.TestAtlazConfigNewFields" name="test_get_settings_has_new_fields" time="0.537" /><testcase classname="backend.tests.test_iteration20_atlaz_auto_sync.TestAtlazConfigNewFields" name="test_put_settings_persists_new_fields" time="0.444" /><testcase classname="backend.tests.test_iteration20_atlaz_auto_sync.TestAtlazConfigNewFields" name="test_put_settings_rejects_low_interval" time="0.817"><skipped type="pytest.xfail" message="BUG iter20: AtlazConfigUpdate.tech_sync_interval_minutes lacks Field(ge=5). PUT 4 returns 200 e persiste valor inválido." /></testcase><testcase classname="backend.tests.test_iteration20_atlaz_auto_sync.TestAtlazConfigNewFields" name="test_put_settings_rejects_high_interval" time="0.819"><skipped type="pytest.xfail" message="BUG iter20: AtlazConfigUpdate.tech_sync_interval_minutes lacks Field(le=1440). PUT 1500 returns 200 e persiste, quebrando _get_config." /></testcase><testcase classname="backend.tests.test_iteration20_atlaz_auto_sync.TestAtlazConfigNewFields" name="test_put_settings_accepts_boundary_values" time="0.317" /><testcase classname="backend.tests.test_iteration20_atlaz_auto_sync.TestSyncTechniciansEndpoint" name="test_sync_technicians_shape" time="1.010" /><testcase classname="backend.tests.test_iteration20_atlaz_auto_sync.TestAtlazRegression" name="test_test_connection" time="0.800" /><testcase classname="backend.tests.test_iteration20_atlaz_auto_sync.TestAtlazRegression" name="test_sync_now" time="0.962" /><testcase classname="backend.tests.test_iteration20_atlaz_auto_sync.TestAtlazRegression" name="test_sync_logs" time="0.141" /><testcase classname="backend.tests.test_iteration20_atlaz_auto_sync.TestLousaRegression" name="test_lousa_grid_no_filter" time="0.107" /><testcase classname="backend.tests.test_iteration20_atlaz_auto_sync.TestLousaRegression" name="test_lousa_grid_with_dates" time="0.407" /><testcase classname="backend.tests.test_iteration20_atlaz_auto_sync.TestLousaRegression" name="test_lousa_by_collaborator" time="0.109" /><testcase classname="backend.tests.test_iteration20_atlaz_auto_sync.TestSSEStream" name="test_events_stream_connects" time="0.101" /></testsuite></testsuites>