<?xml version="1.0" encoding="utf-8"?><testsuites name="pytest tests"><testsuite name="pytest" errors="0" failures="0" skipped="0" tests="8" time="1.258" timestamp="2026-05-10T15:16:57.179022+00:00" hostname="agent-env-43695c10-da5b-4d81-a958-3ab98d1b85d6"><testcase classname="backend.tests.test_iter34_devolucao_romaneio.TestCustodyFull" name="test_custody_full_shape_and_counts" time="0.532" /><testcase classname="backend.tests.test_iter34_devolucao_romaneio.TestCustodyFull" name="test_custody_full_requires_auth" time="0.115" /><testcase classname="backend.tests.test_iter34_devolucao_romaneio.TestRomaneioReturn" name="test_content_type_and_disposition" time="0.174" /><testcase classname="backend.tests.test_iter34_devolucao_romaneio.TestRomaneioReturn" name="test_pdf_signature_and_size" time="0.000" /><testcase classname="backend.tests.test_iter34_devolucao_romaneio.TestRomaneioReturn" name="test_pdf_text_contains_devolucao_keywords" time="0.012" /><testcase classname="backend.tests.test_iter34_devolucao_romaneio.TestRomaneioDeliveryRegression" name="test_delivery_disposition_no_devolucao" time="0.120" /><testcase classname="backend.tests.test_iter34_devolucao_romaneio.TestRomaneioDeliveryRegression" name="test_delivery_text_termo_responsabilidade" time="0.007" /><testcase classname="backend.tests.test_iter34_devolucao_romaneio.TestRomaneioInvalidMode" name="test_invalid_mode_returns_422" time="0.175" /></testsuite></testsuites>