<?xml version="1.0" encoding="utf-8"?><testsuites name="pytest tests"><testsuite name="pytest" errors="0" failures="0" skipped="0" tests="18" time="5.684" timestamp="2026-05-10T16:52:35.435817+00:00" hostname="agent-env-43695c10-da5b-4d81-a958-3ab98d1b85d6"><testcase classname="backend.tests.test_iter36_aihub.TestCatalog" name="test_models_non_empty" time="0.519" /><testcase classname="backend.tests.test_iter36_aihub.TestCatalog" name="test_tools_non_empty" time="0.050" /><testcase classname="backend.tests.test_iter36_aihub.TestAgentsCRUD" name="test_list_contains_created" time="0.107" /><testcase classname="backend.tests.test_iter36_aihub.TestAgentsCRUD" name="test_get_single" time="0.051" /><testcase classname="backend.tests.test_iter36_aihub.TestAgentsCRUD" name="test_patch_updates" time="0.051" /><testcase classname="backend.tests.test_iter36_aihub.TestAgentsCRUD" name="test_get_unknown_returns_404" time="0.053" /><testcase classname="backend.tests.test_iter36_aihub.TestPlayground" name="test_first_turn_basic" time="0.781" /><testcase classname="backend.tests.test_iter36_aihub.TestPlayground" name="test_second_turn_keeps_session" time="0.911" /><testcase classname="backend.tests.test_iter36_aihub.TestPlayground" name="test_sessions_aggregate" time="0.051" /><testcase classname="backend.tests.test_iter36_aihub.TestPlayground" name="test_session_messages_chronological" time="0.060" /><testcase classname="backend.tests.test_iter36_aihub.TestIntegrationsMagnus" name="test_put_then_list_masks_secret" time="0.143" /><testcase classname="backend.tests.test_iter36_aihub.TestIntegrationsMagnus" name="test_put_with_masked_value_preserves_real" time="0.307" /><testcase classname="backend.tests.test_iter36_aihub.TestIntegrationsMagnus" name="test_test_without_config_returns_400" time="0.100" /><testcase classname="backend.tests.test_iter36_aihub.TestIntegrationsWhatsapp" name="test_test_without_config_returns_400" time="0.104" /><testcase classname="backend.tests.test_iter36_aihub.TestIntegrationsWhatsapp" name="test_bogus_credentials_returns_ok_false" time="0.227" /><testcase classname="backend.tests.test_iter36_aihub.TestWebhook" name="test_webhook_no_auth_creates_call" time="1.093" /><testcase classname="backend.tests.test_iter36_aihub.TestDashboard" name="test_shape" time="0.054" /><testcase classname="backend.tests.test_iter36_aihub.TestAgentDeleteCleanup" name="test_delete_removes_agent_and_messages" time="0.949" /></testsuite></testsuites>