<?xml version="1.0" encoding="utf-8"?><testsuites name="pytest tests"><testsuite name="pytest" errors="0" failures="0" skipped="0" tests="7" time="6.194" timestamp="2026-05-11T01:29:03.248205+00:00" hostname="agent-env-43695c10-da5b-4d81-a958-3ab98d1b85d6"><testcase classname="backend.tests.test_iter52_whatsapp_conv_lifecycle_ai_learning.TestFinalizeConversation" name="test_finalize_returns_closed" time="0.711" /><testcase classname="backend.tests.test_iter52_whatsapp_conv_lifecycle_ai_learning.TestFinalizeConversation" name="test_conversations_list_excludes_closed" time="0.159" /><testcase classname="backend.tests.test_iter52_whatsapp_conv_lifecycle_ai_learning.TestHandoverTransition" name="test_assign_human_triggers_handover_attempt" time="5.016" /><testcase classname="backend.tests.test_iter52_whatsapp_conv_lifecycle_ai_learning.TestHandoverTransition" name="test_second_assign_does_not_retrigger_handover" time="0.060" /><testcase classname="backend.tests.test_iter52_whatsapp_conv_lifecycle_ai_learning.TestHandoverTransition" name="test_handover_message_logged" time="0.076" /><testcase classname="backend.tests.test_iter52_whatsapp_conv_lifecycle_ai_learning.TestAILearningDashboard" name="test_endpoint_returns_200_and_structure" time="0.074" /><testcase classname="backend.tests.test_iter52_whatsapp_conv_lifecycle_ai_learning.TestAILearningDashboard" name="test_endpoint_accepts_days_param" time="0.075" /></testsuite></testsuites>