<?xml version="1.0" encoding="utf-8"?><testsuites name="pytest tests"><testsuite name="pytest" errors="0" failures="0" skipped="0" tests="16" time="7.370" timestamp="2026-05-09T01:33:22.691402+00:00" hostname="agent-env-43695c10-da5b-4d81-a958-3ab98d1b85d6"><testcase classname="backend.tests.test_iteration2_test_mode_grid_transfer" name="test_regression_login_admin" time="0.450" /><testcase classname="backend.tests.test_iteration2_test_mode_grid_transfer" name="test_regression_login_gestor" time="0.297" /><testcase classname="backend.tests.test_iteration2_test_mode_grid_transfer" name="test_regression_login_colab" time="0.300" /><testcase classname="backend.tests.test_iteration2_test_mode_grid_transfer" name="test_create_collab_is_test_mode_persisted" time="0.166" /><testcase classname="backend.tests.test_iteration2_test_mode_grid_transfer" name="test_update_collab_toggle_is_test_mode" time="0.148" /><testcase classname="backend.tests.test_iteration2_test_mode_grid_transfer" name="test_clock_record_public_bypass_with_test_mode_collab" time="0.133" /><testcase classname="backend.tests.test_iteration2_test_mode_grid_transfer" name="test_clock_record_blocked_for_normal_collab_with_invalid_coords" time="1.871" /><testcase classname="backend.tests.test_iteration2_test_mode_grid_transfer" name="test_lousa_by_collaborator_needs_clock_in_true_for_fresh_collab" time="0.522" /><testcase classname="backend.tests.test_iteration2_test_mode_grid_transfer" name="test_lousa_by_collaborator_after_entrada_returns_tickets" time="0.877" /><testcase classname="backend.tests.test_iteration2_test_mode_grid_transfer" name="test_lousa_grid_returns_columns_by_technician" time="0.073" /><testcase classname="backend.tests.test_iteration2_test_mode_grid_transfer" name="test_lousa_grid_unauthorized_for_colab" time="0.069" /><testcase classname="backend.tests.test_iteration2_test_mode_grid_transfer" name="test_transfer_ticket_between_technicians" time="0.746" /><testcase classname="backend.tests.test_iteration2_test_mode_grid_transfer" name="test_transfer_to_nonexistent_collab_returns_404" time="0.078" /><testcase classname="backend.tests.test_iteration2_test_mode_grid_transfer" name="test_transfer_finalized_ticket_returns_400" time="1.167" /><testcase classname="backend.tests.test_iteration2_test_mode_grid_transfer" name="test_regression_lousa_all" time="0.070" /><testcase classname="backend.tests.test_iteration2_test_mode_grid_transfer" name="test_regression_notifications" time="0.353" /></testsuite></testsuites>