<?xml version="1.0" encoding="utf-8"?><testsuites name="pytest tests"><testsuite name="pytest" errors="0" failures="3" skipped="0" tests="74" time="77.583" timestamp="2026-05-09T04:48:37.106209+00:00" hostname="agent-env-43695c10-da5b-4d81-a958-3ab98d1b85d6"><testcase classname="tests.test_iteration2.TestStartupAndHealth" name="test_root_health_still_200" time="0.124" /><testcase classname="tests.test_iteration2.TestStartupAndHealth" name="test_reportlab_import_ok_indirect" time="0.043" /><testcase classname="tests.test_iteration2.TestAdminAuthRegression" name="test_admin_login_success" time="0.044"><failure message="assert 401 == 200&#10; +  where 401 = &lt;Response [401]&gt;.status_code">E   assert 401 == 200
     +  where 401 = &lt;Response [401]&gt;.status_code</failure></testcase><testcase classname="tests.test_iteration2.TestAdminAuthRegression" name="test_admin_login_wrong" time="0.044" /><testcase classname="tests.test_iteration2.TestSettingsRegression" name="test_settings_emergent_and_resend" time="0.088"><failure message="assert 401 == 200&#10; +  where 401 = &lt;Response [401]&gt;.status_code">E   assert 401 == 200
     +  where 401 = &lt;Response [401]&gt;.status_code</failure></testcase><testcase classname="tests.test_iteration2.TestEmailTestEndpoint" name="test_email_test_rejects_without_key" time="0.091" /><testcase classname="tests.test_iteration2.TestEmailTestEndpoint" name="test_email_test_validates_email_format" time="0.044" /><testcase classname="tests.test_iteration2.TestEmailTestEndpoint" name="test_email_test_default_subject_accepted" time="0.087" /><testcase classname="tests.test_iteration2.TestTimesheetSendWithPDF" name="test_send_timesheet_no_key_with_demo" time="0.094" /><testcase classname="tests.test_iteration2.TestTimesheetSendWithPDF" name="test_send_timesheet_pdf_path_with_fake_key" time="0.135" /><testcase classname="tests.test_iteration2.TestTimesheetSendWithPDF" name="test_send_timesheet_not_found" time="0.045" /><testcase classname="tests.test_iteration2.TestCollaboratorsRegression" name="test_list_collaborators_has_demo" time="0.044" /><testcase classname="tests.test_iteration2.TestCollaboratorsRegression" name="test_create_and_delete_collaborator" time="0.045"><failure message="AssertionError: {&quot;detail&quot;:&quot;Não autenticado&quot;}&#10;assert 401 == 200&#10; +  where 401 = &lt;Response [401]&gt;.status_code">E   AssertionError: {"detail":"Não autenticado"}
    assert 401 == 200
     +  where 401 = &lt;Response [401]&gt;.status_code</failure></testcase><testcase classname="tests.test_iteration4_lousa_grid_fixed_slots.TestSettingsLousaGrid" name="test_put_lousa_grid_settings" time="0.435" /><testcase classname="tests.test_iteration4_lousa_grid_fixed_slots.TestSettingsLousaGrid" name="test_get_settings_persists_grid" time="0.102" /><testcase classname="tests.test_iteration4_lousa_grid_fixed_slots.TestGridFormat" name="test_grid_returns_fixed_slots_block" time="0.574" /><testcase classname="tests.test_iteration4_lousa_grid_fixed_slots.TestGridFormat" name="test_each_column_has_slots_and_unscheduled" time="1.796" /><testcase classname="tests.test_iteration4_lousa_grid_fixed_slots.TestSlotAssignment" name="test_horario_0930_falls_in_0900" time="1.718" /><testcase classname="tests.test_iteration4_lousa_grid_fixed_slots.TestSlotAssignment" name="test_normal_without_scheduled_falls_in_unscheduled" time="1.408" /><testcase classname="tests.test_iteration4_lousa_grid_fixed_slots.TestTransferGridSlot" name="test_transfer_only_grid_slot_keeps_collaborator" time="2.377" /><testcase classname="tests.test_iteration4_lousa_grid_fixed_slots.TestTransferGridSlot" name="test_transfer_with_collaborator_and_slot" time="1.930" /><testcase classname="tests.test_iteration4_lousa_grid_fixed_slots.TestTransferGridSlot" name="test_slot_full_returns_409" time="5.676" /><testcase classname="tests.test_iteration4_lousa_grid_fixed_slots.TestTransferGridSlot" name="test_sem_horario_no_capacity_limit" time="5.005" /><testcase classname="tests.test_iteration4_lousa_grid_fixed_slots.TestSlotMinutes30" name="test_30min_slots_returns_20_slots" time="0.337" /><testcase classname="tests.test_iteration4_lousa_grid_fixed_slots.TestRegression" name="test_lousa_logs_endpoint" time="0.095" /><testcase classname="tests.test_iteration4_lousa_grid_fixed_slots.TestRegression" name="test_admin_close_still_works" time="2.192" /><testcase classname="tests.test_iteration4_lousa_grid_fixed_slots.TestRegression" name="test_lousa_all_works" time="0.304" /><testcase classname="tests.test_iteration5_session_bugfixes.TestTimeSyncMaxDriftValidation" name="test_zero_rejected_422" time="0.534" /><testcase classname="tests.test_iteration5_session_bugfixes.TestTimeSyncMaxDriftValidation" name="test_negative_rejected_422" time="0.113" /><testcase classname="tests.test_iteration5_session_bugfixes.TestTimeSyncMaxDriftValidation" name="test_too_large_rejected_422" time="0.099" /><testcase classname="tests.test_iteration5_session_bugfixes.TestTimeSyncMaxDriftValidation" name="test_valid_accepted" time="0.122" /><testcase classname="tests.test_iteration5_session_bugfixes.TestDriftSkipOnlyForAdmin" name="test_collab_test_mode_no_admin_token_blocked_412" time="0.740" /><testcase classname="tests.test_iteration5_session_bugfixes.TestDriftSkipOnlyForAdmin" name="test_admin_token_skips_drift" time="0.439" /><testcase classname="tests.test_iteration5_session_bugfixes.TestPatchClearsGridSlot" name="test_patch_scheduled_time_clears_grid_slot" time="2.669" /><testcase classname="tests.test_iteration5_session_bugfixes.TestSlaDefaultsNewTypes" name="test_sla_defaults_via_grid[prioridade-45]" time="2.522" /><testcase classname="tests.test_iteration5_session_bugfixes.TestSlaDefaultsNewTypes" name="test_sla_defaults_via_grid[preventiva-90]" time="1.860" /><testcase classname="tests.test_iteration5_session_bugfixes.TestSlaDefaultsNewTypes" name="test_sla_defaults_via_grid[venda-60]" time="2.512" /><testcase classname="tests.test_iteration5_session_bugfixes.TestServerTime" name="test_server_time_public" time="0.214" /><testcase classname="tests.test_iteration5_time_sync_admin_open_edit_types.TestServerTime" name="test_server_time_public_no_auth" time="0.460" /><testcase classname="tests.test_iteration5_time_sync_admin_open_edit_types.TestSettingsTimeSync" name="test_update_time_sync_settings" time="0.110" /><testcase classname="tests.test_iteration5_time_sync_admin_open_edit_types.TestSettingsTimeSync" name="test_server_time_reflects_settings" time="0.110" /><testcase classname="tests.test_iteration5_time_sync_admin_open_edit_types.TestClockRecordsTimeSync" name="test_drift_too_old_blocks_412" time="0.193" /><testcase classname="tests.test_iteration5_time_sync_admin_open_edit_types.TestClockRecordsTimeSync" name="test_no_client_time_ms_does_not_block" time="0.103" /><testcase classname="tests.test_iteration5_time_sync_admin_open_edit_types.TestClockRecordsTimeSync" name="test_drift_within_limit_passes" time="0.109" /><testcase classname="tests.test_iteration5_time_sync_admin_open_edit_types.TestClockRecordsTimeSync" name="test_drift_ignored_when_sync_disabled" time="0.322" /><testcase classname="tests.test_iteration5_time_sync_admin_open_edit_types.TestNewTicketTypes" name="test_create_with_new_types[prioridade]" time="1.836" /><testcase classname="tests.test_iteration5_time_sync_admin_open_edit_types.TestNewTicketTypes" name="test_create_with_new_types[preventiva]" time="2.122" /><testcase classname="tests.test_iteration5_time_sync_admin_open_edit_types.TestNewTicketTypes" name="test_create_with_new_types[venda]" time="1.753" /><testcase classname="tests.test_iteration5_time_sync_admin_open_edit_types.TestNewTicketTypes" name="test_create_invalid_type_returns_422" time="0.106" /><testcase classname="tests.test_iteration5_time_sync_admin_open_edit_types.TestAdminOpen" name="test_admin_open_pending_ticket" time="1.539" /><testcase classname="tests.test_iteration5_time_sync_admin_open_edit_types.TestAdminOpen" name="test_admin_open_already_open_returns_400" time="1.573" /><testcase classname="tests.test_iteration5_time_sync_admin_open_edit_types.TestEditTicket" name="test_patch_updates_client_snapshot_and_fields" time="1.910" /><testcase classname="tests.test_iteration5_time_sync_admin_open_edit_types.TestEditTicket" name="test_patch_finalized_ticket_returns_400" time="2.195" /><testcase classname="tests.test_iteration5_time_sync_admin_open_edit_types.TestEditTicket" name="test_patch_creates_editada_log" time="2.213" /><testcase classname="tests.test_iteration5_time_sync_admin_open_edit_types.TestGridSlaPerType" name="test_grid_uses_default_sla_for_preventiva_and_venda" time="3.849" /><testcase classname="tests.test_iteration5_time_sync_admin_open_edit_types.TestGridSlaPerType" name="test_grid_reflects_custom_sla_values" time="4.826" /><testcase classname="tests.test_iteration5_time_sync_admin_open_edit_types.TestRegression" name="test_lousa_all" time="0.128" /><testcase classname="tests.test_iteration5_time_sync_admin_open_edit_types.TestRegression" name="test_by_collaborator" time="0.111" /><testcase classname="tests.test_iteration5_time_sync_admin_open_edit_types.TestRegression" name="test_transfer_still_works" time="1.726" /><testcase classname="tests.test_iteration5_time_sync_admin_open_edit_types.TestRegression" name="test_admin_close_still_works" time="2.301" /><testcase classname="tests.test_iteration8_stats_ai_evaluate.TestLousaGridEnrichment" name="test_grid_returns_columns_with_new_fields" time="0.507" /><testcase classname="tests.test_iteration8_stats_ai_evaluate.TestLousaGridEnrichment" name="test_grid_recent_resolved_within_24h" time="0.132" /><testcase classname="tests.test_iteration8_stats_ai_evaluate.TestByCollaborator" name="test_by_collaborator_returns_last_close_fields" time="0.226" /><testcase classname="tests.test_iteration8_stats_ai_evaluate.TestLousaStats" name="test_stats_default_30d" time="0.104" /><testcase classname="tests.test_iteration8_stats_ai_evaluate.TestLousaStats" name="test_stats_supports_days_param" time="0.226" /><testcase classname="tests.test_iteration8_stats_ai_evaluate.TestLousaStats" name="test_stats_requires_auth" time="0.103" /><testcase classname="tests.test_iteration8_stats_ai_evaluate.TestAiEvaluate" name="test_ai_evaluate_returns_full_payload" time="2.065" /><testcase classname="tests.test_iteration8_stats_ai_evaluate.TestAiEvaluate" name="test_ai_evaluate_404_invalid_ticket" time="0.100" /><testcase classname="tests.test_iteration8_stats_ai_evaluate.TestAiEvaluate" name="test_ai_evaluate_creates_log" time="2.954" /><testcase classname="tests.test_iteration8_stats_ai_evaluate.TestAiEvaluate" name="test_ai_evaluate_requires_auth" time="0.281" /><testcase classname="tests.test_iteration9_briefing.TestBriefingAuth" name="test_no_auth_returns_401" time="0.102" /><testcase classname="tests.test_iteration9_briefing.TestBriefingDataOnly" name="test_use_ai_false_returns_summary_data" time="0.450" /><testcase classname="tests.test_iteration9_briefing.TestBriefingDataOnly" name="test_admin_role_can_access" time="0.443" /><testcase classname="tests.test_iteration9_briefing.TestBriefingLLM" name="test_use_ai_true_returns_narrative_or_falls_back" time="3.523" /></testsuite></testsuites>