<?xml version="1.0" encoding="utf-8"?><testsuites name="pytest tests"><testsuite name="pytest" errors="0" failures="0" skipped="0" tests="11" time="2.710" timestamp="2026-05-14T16:21:27.856749+00:00" hostname="agent-env-43695c10-da5b-4d81-a958-3ab98d1b85d6"><testcase classname="backend.tests.test_iter66_ai_training_schedule" name="test_schedule_get_requires_auth" time="0.218" /><testcase classname="backend.tests.test_iter66_ai_training_schedule" name="test_schedule_put_requires_auth" time="0.147" /><testcase classname="backend.tests.test_iter66_ai_training_schedule" name="test_schedule_get_returns_config" time="0.570" /><testcase classname="backend.tests.test_iter66_ai_training_schedule" name="test_schedule_put_update_and_persist" time="0.341" /><testcase classname="backend.tests.test_iter66_ai_training_schedule" name="test_schedule_put_change_threshold" time="0.328" /><testcase classname="backend.tests.test_iter66_ai_training_schedule" name="test_schedule_put_invalid_hour" time="0.250" /><testcase classname="backend.tests.test_iter66_ai_training_schedule" name="test_schedule_put_invalid_minute" time="0.157" /><testcase classname="backend.tests.test_iter66_ai_training_schedule" name="test_schedule_put_invalid_threshold_high" time="0.122" /><testcase classname="backend.tests.test_iter66_ai_training_schedule" name="test_schedule_put_invalid_threshold_negative" time="0.309" /><testcase classname="backend.tests.test_iter66_ai_training_schedule" name="test_schedule_put_empty_payload" time="0.098" /><testcase classname="backend.tests.test_iter66_ai_training_schedule" name="test_schedule_has_last_run_history" time="0.127" /></testsuite></testsuites>