<?xml version="1.0" encoding="utf-8"?><testsuites name="pytest tests"><testsuite name="pytest" errors="0" failures="0" skipped="0" tests="22" time="30.761" timestamp="2026-05-09T03:28:52.324787+00:00" hostname="agent-env-43695c10-da5b-4d81-a958-3ab98d1b85d6"><testcase classname="backend.tests.test_iteration5_time_sync_admin_open_edit_types.TestServerTime" name="test_server_time_public_no_auth" time="0.536" /><testcase classname="backend.tests.test_iteration5_time_sync_admin_open_edit_types.TestSettingsTimeSync" name="test_update_time_sync_settings" time="0.122" /><testcase classname="backend.tests.test_iteration5_time_sync_admin_open_edit_types.TestSettingsTimeSync" name="test_server_time_reflects_settings" time="0.108" /><testcase classname="backend.tests.test_iteration5_time_sync_admin_open_edit_types.TestClockRecordsTimeSync" name="test_drift_too_old_blocks_412" time="0.267" /><testcase classname="backend.tests.test_iteration5_time_sync_admin_open_edit_types.TestClockRecordsTimeSync" name="test_no_client_time_ms_does_not_block" time="0.101" /><testcase classname="backend.tests.test_iteration5_time_sync_admin_open_edit_types.TestClockRecordsTimeSync" name="test_drift_within_limit_passes" time="0.123" /><testcase classname="backend.tests.test_iteration5_time_sync_admin_open_edit_types.TestClockRecordsTimeSync" name="test_drift_ignored_when_sync_disabled" time="0.355" /><testcase classname="backend.tests.test_iteration5_time_sync_admin_open_edit_types.TestNewTicketTypes" name="test_create_with_new_types[prioridade]" time="2.506" /><testcase classname="backend.tests.test_iteration5_time_sync_admin_open_edit_types.TestNewTicketTypes" name="test_create_with_new_types[preventiva]" time="2.108" /><testcase classname="backend.tests.test_iteration5_time_sync_admin_open_edit_types.TestNewTicketTypes" name="test_create_with_new_types[venda]" time="1.646" /><testcase classname="backend.tests.test_iteration5_time_sync_admin_open_edit_types.TestNewTicketTypes" name="test_create_invalid_type_returns_422" time="0.121" /><testcase classname="backend.tests.test_iteration5_time_sync_admin_open_edit_types.TestAdminOpen" name="test_admin_open_pending_ticket" time="1.965" /><testcase classname="backend.tests.test_iteration5_time_sync_admin_open_edit_types.TestAdminOpen" name="test_admin_open_already_open_returns_400" time="1.619" /><testcase classname="backend.tests.test_iteration5_time_sync_admin_open_edit_types.TestEditTicket" name="test_patch_updates_client_snapshot_and_fields" time="2.330" /><testcase classname="backend.tests.test_iteration5_time_sync_admin_open_edit_types.TestEditTicket" name="test_patch_finalized_ticket_returns_400" time="1.900" /><testcase classname="backend.tests.test_iteration5_time_sync_admin_open_edit_types.TestEditTicket" name="test_patch_creates_editada_log" time="2.453" /><testcase classname="backend.tests.test_iteration5_time_sync_admin_open_edit_types.TestGridSlaPerType" name="test_grid_uses_default_sla_for_preventiva_and_venda" time="4.160" /><testcase classname="backend.tests.test_iteration5_time_sync_admin_open_edit_types.TestGridSlaPerType" name="test_grid_reflects_custom_sla_values" time="3.960" /><testcase classname="backend.tests.test_iteration5_time_sync_admin_open_edit_types.TestRegression" name="test_lousa_all" time="0.110" /><testcase classname="backend.tests.test_iteration5_time_sync_admin_open_edit_types.TestRegression" name="test_by_collaborator" time="0.107" /><testcase classname="backend.tests.test_iteration5_time_sync_admin_open_edit_types.TestRegression" name="test_transfer_still_works" time="1.799" /><testcase classname="backend.tests.test_iteration5_time_sync_admin_open_edit_types.TestRegression" name="test_admin_close_still_works" time="2.299" /></testsuite></testsuites>