<?xml version="1.0" encoding="utf-8"?><testsuites name="pytest tests"><testsuite name="pytest" errors="0" failures="0" skipped="0" tests="19" time="6.267" timestamp="2026-05-10T17:48:41.495821+00:00" hostname="agent-env-43695c10-da5b-4d81-a958-3ab98d1b85d6"><testcase classname="backend.tests.test_iter37_subscribers.TestVandoExists" name="test_vando_exists_with_phone" time="0.582" /><testcase classname="backend.tests.test_iter37_subscribers.TestPhoneMatcher" name="test_match_phone_variants_return_vando[5521998176526@c.us]" time="0.190" /><testcase classname="backend.tests.test_iter37_subscribers.TestPhoneMatcher" name="test_match_phone_variants_return_vando[+55 (21) 99817-6526]" time="0.051" /><testcase classname="backend.tests.test_iter37_subscribers.TestPhoneMatcher" name="test_match_phone_variants_return_vando[021998176526]" time="0.053" /><testcase classname="backend.tests.test_iter37_subscribers.TestPhoneMatcher" name="test_match_phone_variants_return_vando[21 99817-6526]" time="0.051" /><testcase classname="backend.tests.test_iter37_subscribers.TestPhoneMatcher" name="test_match_phone_not_found" time="0.057" /><testcase classname="backend.tests.test_iter37_subscribers.TestConflicts" name="test_conflicts_initially_empty_or_list" time="0.054" /><testcase classname="backend.tests.test_iter37_subscribers.TestSubscribersCRUD" name="test_list_includes_primary_phone" time="0.112" /><testcase classname="backend.tests.test_iter37_subscribers.TestSubscribersCRUD" name="test_get_with_hydrate" time="0.056" /><testcase classname="backend.tests.test_iter37_subscribers.TestSubscribersCRUD" name="test_patch_updates" time="0.051" /><testcase classname="backend.tests.test_iter37_subscribers.TestSubscribersCRUD" name="test_patch_404" time="0.053" /><testcase classname="backend.tests.test_iter37_subscribers.TestSubscribersCRUD" name="test_post_invalid_phone_400" time="0.064" /><testcase classname="backend.tests.test_iter37_subscribers.TestSubscribersCRUD" name="test_post_invalid_phone_real_400" time="0.062" /><testcase classname="backend.tests.test_iter37_subscribers.TestSubscribersCRUD" name="test_post_no_name_422" time="0.047" /><testcase classname="backend.tests.test_iter37_subscribers.TestWebhookAutoLink" name="test_webhook_creates_call_with_subscriber" time="1.161" /><testcase classname="backend.tests.test_iter37_subscribers.TestOutboundAutoLink" name="test_outbound_persists_subscriber_id" time="1.796" /><testcase classname="backend.tests.test_iter37_subscribers.TestPlaygroundContext" name="test_playground_injects_vando_context" time="1.278" /><testcase classname="backend.tests.test_iter37_subscribers.TestCSVImport" name="test_import_creates_two" time="0.136" /><testcase classname="backend.tests.test_iter37_subscribers.TestCSVImport" name="test_import_with_phone_conflict_with_vando" time="0.359" /></testsuite></testsuites>