<?xml version="1.0" encoding="utf-8"?><testsuites name="pytest tests"><testsuite name="pytest" errors="0" failures="1" skipped="0" tests="4" time="3.308" timestamp="2026-06-04T02:18:49.036302+00:00" hostname="agent-env-43695c10-da5b-4d81-a958-3ab98d1b85d6"><testcase classname="test_fleet_tracking" name="test_ingest_token_required" time="0.005" /><testcase classname="test_fleet_tracking" name="test_ingest_unknown_imei" time="0.008" /><testcase classname="test_fleet_tracking" name="test_full_vehicle_flow" time="0.005"><failure message="RuntimeError: Event loop is closed">+ Exception Group Traceback (most recent call last):
  |   File "/root/.venv/lib/python3.11/site-packages/starlette/_utils.py", line 87, in collapse_excgroups
  |     yield
  |   File "/root/.venv/lib/python3.11/site-packages/starlette/middleware/base.py", line 190, in __call__
  |     async with anyio.create_task_group() as task_group:
  |   File "/root/.venv/lib/python3.11/site-packages/anyio/_backends/_asyncio.py", line 799, in __aexit__
  |     raise BaseExceptionGroup(
  | ExceptionGroup: unhandled errors in a TaskGroup (1 sub-exception)
  +-+---------------- 1 ----------------
    | Traceback (most recent call last):
    |   File "/root/.venv/lib/python3.11/site-packages/_pytest/runner.py", line 353, in from_call
    |     result: TResult | None = func()
    |                              ^^^^^^
    |   File "/root/.venv/lib/python3.11/site-packages/_pytest/runner.py", line 245, in &lt;lambda&gt;
    |     lambda: runtest_hook(item=item, **kwds),
    |             ^^^^^^^^^^^^^^^^^^^^^^^^^^^^^^^
    |   File "/root/.venv/lib/python3.11/site-packages/pluggy/_hooks.py", line 512, in __call__
    |     return self._hookexec(self.name, self._hookimpls.copy(), kwargs, firstresult)
    |            ^^^^^^^^^^^^^^^^^^^^^^^^^^^^^^^^^^^^^^^^^^^^^^^^^^^^^^^^^^^^^^^^^^^^^^
    |   File "/root/.venv/lib/python3.11/site-packages/pluggy/_manager.py", line 120, in _hookexec
    |     return self._inner_hookexec(hook_name, methods, kwargs, firstresult)
    |            ^^^^^^^^^^^^^^^^^^^^^^^^^^^^^^^^^^^^^^^^^^^^^^^^^^^^^^^^^^^^^
    |   File "/root/.venv/lib/python3.11/site-packages/pluggy/_callers.py", line 167, in _multicall
    |     raise exception
    |   File "/root/.venv/lib/python3.11/site-packages/pluggy/_callers.py", line 139, in _multicall
    |     teardown.throw(exception)
    |   File "/root/.venv/lib/python3.11/site-packages/_pytest/logging.py", line 850, in pytest_runtest_call
    |     yield
    |   File "/root/.venv/lib/python3.11/site-packages/pluggy/_callers.py", line 139, in _multicall
    |     teardown.throw(exception)
    |   File "/root/.venv/lib/python3.11/site-packages/_pytest/capture.py", line 900, in pytest_runtest_call
    |     return (yield)
    |             ^^^^^
    |   File "/root/.venv/lib/python3.11/site-packages/pluggy/_callers.py", line 139, in _multicall
    |     teardown.throw(exception)
    |   File "/root/.venv/lib/python3.11/site-packages/_pytest/skipping.py", line 268, in pytest_runtest_call
    |     return (yield)
    |             ^^^^^
    |   File "/root/.venv/lib/python3.11/site-packages/pluggy/_callers.py", line 121, in _multicall
    |     res = hook_impl.function(*args)
    |           ^^^^^^^^^^^^^^^^^^^^^^^^^
    |   File "/root/.venv/lib/python3.11/site-packages/_pytest/runner.py", line 179, in pytest_runtest_call
    |     item.runtest()
    |   File "/root/.venv/lib/python3.11/site-packages/pytest_asyncio/plugin.py", line 469, in runtest
    |     super().runtest()
    |   File "/root/.venv/lib/python3.11/site-packages/_pytest/python.py", line 1720, in runtest
    |     self.ihook.pytest_pyfunc_call(pyfuncitem=self)
    |   File "/root/.venv/lib/python3.11/site-packages/pluggy/_hooks.py", line 512, in __call__
    |     return self._hookexec(self.name, self._hookimpls.copy(), kwargs, firstresult)
    |            ^^^^^^^^^^^^^^^^^^^^^^^^^^^^^^^^^^^^^^^^^^^^^^^^^^^^^^^^^^^^^^^^^^^^^^
    |   File "/root/.venv/lib/python3.11/site-packages/pluggy/_manager.py", line 120, in _hookexec
    |     return self._inner_hookexec(hook_name, methods, kwargs, firstresult)
    |            ^^^^^^^^^^^^^^^^^^^^^^^^^^^^^^^^^^^^^^^^^^^^^^^^^^^^^^^^^^^^^
    |   File "/root/.venv/lib/python3.11/site-packages/pluggy/_callers.py", line 167, in _multicall
    |     raise exception
    |   File "/root/.venv/lib/python3.11/site-packages/pluggy/_callers.py", line 139, in _multicall
    |     teardown.throw(exception)
    |   File "/root/.venv/lib/python3.11/site-packages/pluggy/_callers.py", line 53, in run_old_style_hookwrapper
    |     return result.get_result()
    |            ^^^^^^^^^^^^^^^^^^^
    |   File "/root/.venv/lib/python3.11/site-packages/pluggy/_result.py", line 103, in get_result
    |     raise exc.with_traceback(tb)
    |   File "/root/.venv/lib/python3.11/site-packages/pluggy/_callers.py", line 38, in run_old_style_hookwrapper
    |     res = yield
    |           ^^^^^
    |   File "/root/.venv/lib/python3.11/site-packages/pluggy/_callers.py", line 121, in _multicall
    |     res = hook_impl.function(*args)
    |           ^^^^^^^^^^^^^^^^^^^^^^^^^
    |   File "/root/.venv/lib/python3.11/site-packages/_pytest/python.py", line 166, in pytest_pyfunc_call
    |     result = testfunction(**testargs)
    |              ^^^^^^^^^^^^^^^^^^^^^^^^
    |   File "/root/.venv/lib/python3.11/site-packages/pytest_asyncio/plugin.py", line 716, in inner
    |     runner.run(coro, context=context)
    |   File "/usr/local/lib/python3.11/asyncio/runners.py", line 118, in run
    |     return self._loop.run_until_complete(task)
    |            ^^^^^^^^^^^^^^^^^^^^^^^^^^^^^^^^^^^
    |   File "/usr/local/lib/python3.11/asyncio/base_events.py", line 654, in run_until_complete
    |     return future.result()
    |            ^^^^^^^^^^^^^^^
    |   File "/app/backend/tests/test_fleet_tracking.py", line 60, in test_full_vehicle_flow
    |     token = await _login_admin(client)
    |             ^^^^^^^^^^^^^^^^^^^^^^^^^^
    |   File "/app/backend/tests/test_fleet_tracking.py", line 32, in _login_admin
    |     r = await c.post("/api/auth/login",
    |         ^^^^^^^^^^^^^^^^^^^^^^^^^^^^^^^
    |   File "/root/.venv/lib/python3.11/site-packages/httpx/_client.py", line 1859, in post
    |     return await self.request(
    |            ^^^^^^^^^^^^^^^^^^^
    |   File "/root/.venv/lib/python3.11/site-packages/httpx/_client.py", line 1540, in request
    |     return await self.send(request, auth=auth, follow_redirects=follow_redirects)
    |            ^^^^^^^^^^^^^^^^^^^^^^^^^^^^^^^^^^^^^^^^^^^^^^^^^^^^^^^^^^^^^^^^^^^^^^
    |   File "/root/.venv/lib/python3.11/site-packages/httpx/_client.py", line 1629, in send
    |     response = await self._send_handling_auth(
    |                ^^^^^^^^^^^^^^^^^^^^^^^^^^^^^^^
    |   File "/root/.venv/lib/python3.11/site-packages/httpx/_client.py", line 1657, in _send_handling_auth
    |     response = await self._send_handling_redirects(
    |                ^^^^^^^^^^^^^^^^^^^^^^^^^^^^^^^^^^^^
    |   File "/root/.venv/lib/python3.11/site-packages/httpx/_client.py", line 1694, in _send_handling_redirects
    |     response = await self._send_single_request(request)
    |                ^^^^^^^^^^^^^^^^^^^^^^^^^^^^^^^^^^^^^^^^
    |   File "/root/.venv/lib/python3.11/site-packages/httpx/_client.py", line 1730, in _send_single_request
    |     response = await transport.handle_async_request(request)
    |                ^^^^^^^^^^^^^^^^^^^^^^^^^^^^^^^^^^^^^^^^^^^^^
    |   File "/root/.venv/lib/python3.11/site-packages/httpx/_transports/asgi.py", line 170, in handle_async_request
    |     await self.app(scope, receive, send)
    |   File "/root/.venv/lib/python3.11/site-packages/fastapi/applications.py", line 1054, in __call__
    |     await super().__call__(scope, receive, send)
    |   File "/root/.venv/lib/python3.11/site-packages/starlette/applications.py", line 123, in __call__
    |     await self.middleware_stack(scope, receive, send)
    |   File "/root/.venv/lib/python3.11/site-packages/starlette/middleware/errors.py", line 186, in __call__
    |     raise exc
    |   File "/root/.venv/lib/python3.11/site-packages/starlette/middleware/errors.py", line 164, in __call__
    |     await self.app(scope, receive, _send)
    |   File "/root/.venv/lib/python3.11/site-packages/starlette/middleware/cors.py", line 85, in __call__
    |     await self.app(scope, receive, send)
    |   File "/root/.venv/lib/python3.11/site-packages/starlette/middleware/base.py", line 189, in __call__
    |     with collapse_excgroups():
    |   File "/usr/local/lib/python3.11/contextlib.py", line 158, in __exit__
    |     self.gen.throw(typ, value, traceback)
    |   File "/root/.venv/lib/python3.11/site-packages/starlette/_utils.py", line 93, in collapse_excgroups
    |     raise exc
    |   File "/root/.venv/lib/python3.11/site-packages/starlette/middleware/base.py", line 191, in __call__
    |     response = await self.dispatch_func(request, call_next)
    |                ^^^^^^^^^^^^^^^^^^^^^^^^^^^^^^^^^^^^^^^^^^^^
    |   File "/app/backend/server.py", line 806, in dispatch
    |     response = await call_next(request)
    |                ^^^^^^^^^^^^^^^^^^^^^^^^
    |   File "/root/.venv/lib/python3.11/site-packages/starlette/middleware/base.py", line 165, in call_next
    |     raise app_exc
    |   File "/root/.venv/lib/python3.11/site-packages/starlette/middleware/base.py", line 151, in coro
    |     await self.app(scope, receive_or_disconnect, send_no_error)
    |   File "/root/.venv/lib/python3.11/site-packages/starlette/middleware/base.py", line 189, in __call__
    |     with collapse_excgroups():
    |   File "/usr/local/lib/python3.11/contextlib.py", line 158, in __exit__
    |     self.gen.throw(typ, value, traceback)
    |   File "/root/.venv/lib/python3.11/site-packages/starlette/_utils.py", line 93, in collapse_excgroups
    |     raise exc
    |   File "/root/.venv/lib/python3.11/site-packages/starlette/middleware/base.py", line 191, in __call__
    |     response = await self.dispatch_func(request, call_next)
    |                ^^^^^^^^^^^^^^^^^^^^^^^^^^^^^^^^^^^^^^^^^^^^
    |   File "/app/backend/server.py", line 387, in _add_powered_by_header
    |     response = await call_next(request)
    |                ^^^^^^^^^^^^^^^^^^^^^^^^
    |   File "/root/.venv/lib/python3.11/site-packages/starlette/middleware/base.py", line 165, in call_next
    |     raise app_exc
    |   File "/root/.venv/lib/python3.11/site-packages/starlette/middleware/base.py", line 151, in coro
    |     await self.app(scope, receive_or_disconnect, send_no_error)
    |   File "/root/.venv/lib/python3.11/site-packages/starlette/middleware/exceptions.py", line 65, in __call__
    |     await wrap_app_handling_exceptions(self.app, conn)(scope, receive, send)
    |   File "/root/.venv/lib/python3.11/site-packages/starlette/_exception_handler.py", line 64, in wrapped_app
    |     raise exc
    |   File "/root/.venv/lib/python3.11/site-packages/starlette/_exception_handler.py", line 53, in wrapped_app
    |     await app(scope, receive, sender)
    |   File "/root/.venv/lib/python3.11/site-packages/starlette/routing.py", line 756, in __call__
    |     await self.middleware_stack(scope, receive, send)
    |   File "/root/.venv/lib/python3.11/site-packages/starlette/routing.py", line 776, in app
    |     await route.handle(scope, receive, send)
    |   File "/root/.venv/lib/python3.11/site-packages/starlette/routing.py", line 297, in handle
    |     await self.app(scope, receive, send)
    |   File "/root/.venv/lib/python3.11/site-packages/starlette/routing.py", line 77, in app
    |     await wrap_app_handling_exceptions(app, request)(scope, receive, send)
    |   File "/root/.venv/lib/python3.11/site-packages/starlette/_exception_handler.py", line 64, in wrapped_app
    |     raise exc
    |   File "/root/.venv/lib/python3.11/site-packages/starlette/_exception_handler.py", line 53, in wrapped_app
    |     await app(scope, receive, sender)
    |   File "/root/.venv/lib/python3.11/site-packages/starlette/routing.py", line 72, in app
    |     response = await func(request)
    |                ^^^^^^^^^^^^^^^^^^^
    |   File "/root/.venv/lib/python3.11/site-packages/fastapi/routing.py", line 278, in app
    |     raw_response = await run_endpoint_function(
    |                    ^^^^^^^^^^^^^^^^^^^^^^^^^^^^
    |   File "/root/.venv/lib/python3.11/site-packages/fastapi/routing.py", line 191, in run_endpoint_function
    |     return await dependant.call(**values)
    |            ^^^^^^^^^^^^^^^^^^^^^^^^^^^^^^
    |   File "/root/.venv/lib/python3.11/site-packages/slowapi/extension.py", line 734, in async_wrapper
    |     response = await func(*args, **kwargs)  # type: ignore
    |                ^^^^^^^^^^^^^^^^^^^^^^^^^^^
    |   File "/app/backend/routes/users.py", line 64, in login
    |     if await is_locked_out(db, email):
    |        ^^^^^^^^^^^^^^^^^^^^^^^^^^^^^^
    |   File "/app/backend/auth.py", line 352, in is_locked_out
    |     failed = await db.login_attempts.count_documents({
    |                    ^^^^^^^^^^^^^^^^^^^^^^^^^^^^^^^^^^^
    |   File "/root/.venv/lib/python3.11/site-packages/motor/metaprogramming.py", line 74, in method
    |     return framework.run_on_executor(
    |            ^^^^^^^^^^^^^^^^^^^^^^^^^^
    |   File "/root/.venv/lib/python3.11/site-packages/motor/frameworks/asyncio/__init__.py", line 85, in run_on_executor
    |     return loop.run_in_executor(_EXECUTOR, functools.partial(fn, *args, **kwargs))
    |            ^^^^^^^^^^^^^^^^^^^^^^^^^^^^^^^^^^^^^^^^^^^^^^^^^^^^^^^^^^^^^^^^^^^^^^^
    |   File "/usr/local/lib/python3.11/asyncio/base_events.py", line 817, in run_in_executor
    |     self._check_closed()
    |   File "/usr/local/lib/python3.11/asyncio/base_events.py", line 520, in _check_closed
    |     raise RuntimeError('Event loop is closed')
    | RuntimeError: Event loop is closed
    +------------------------------------

During handling of the above exception, another exception occurred:

Traceback (most recent call last):
  File "/app/backend/tests/test_fleet_tracking.py", line 60, in test_full_vehicle_flow
    token = await _login_admin(client)
            ^^^^^^^^^^^^^^^^^^^^^^^^^^
  File "/app/backend/tests/test_fleet_tracking.py", line 32, in _login_admin
    r = await c.post("/api/auth/login",
        ^^^^^^^^^^^^^^^^^^^^^^^^^^^^^^^
  File "/root/.venv/lib/python3.11/site-packages/httpx/_client.py", line 1859, in post
    return await self.request(
           ^^^^^^^^^^^^^^^^^^^
  File "/root/.venv/lib/python3.11/site-packages/httpx/_client.py", line 1540, in request
    return await self.send(request, auth=auth, follow_redirects=follow_redirects)
           ^^^^^^^^^^^^^^^^^^^^^^^^^^^^^^^^^^^^^^^^^^^^^^^^^^^^^^^^^^^^^^^^^^^^^^
  File "/root/.venv/lib/python3.11/site-packages/httpx/_client.py", line 1629, in send
    response = await self._send_handling_auth(
               ^^^^^^^^^^^^^^^^^^^^^^^^^^^^^^^
  File "/root/.venv/lib/python3.11/site-packages/httpx/_client.py", line 1657, in _send_handling_auth
    response = await self._send_handling_redirects(
               ^^^^^^^^^^^^^^^^^^^^^^^^^^^^^^^^^^^^
  File "/root/.venv/lib/python3.11/site-packages/httpx/_client.py", line 1694, in _send_handling_redirects
    response = await self._send_single_request(request)
               ^^^^^^^^^^^^^^^^^^^^^^^^^^^^^^^^^^^^^^^^
  File "/root/.venv/lib/python3.11/site-packages/httpx/_client.py", line 1730, in _send_single_request
    response = await transport.handle_async_request(request)
               ^^^^^^^^^^^^^^^^^^^^^^^^^^^^^^^^^^^^^^^^^^^^^
  File "/root/.venv/lib/python3.11/site-packages/httpx/_transports/asgi.py", line 170, in handle_async_request
    await self.app(scope, receive, send)
  File "/root/.venv/lib/python3.11/site-packages/fastapi/applications.py", line 1054, in __call__
    await super().__call__(scope, receive, send)
  File "/root/.venv/lib/python3.11/site-packages/starlette/applications.py", line 123, in __call__
    await self.middleware_stack(scope, receive, send)
  File "/root/.venv/lib/python3.11/site-packages/starlette/middleware/errors.py", line 186, in __call__
    raise exc
  File "/root/.venv/lib/python3.11/site-packages/starlette/middleware/errors.py", line 164, in __call__
    await self.app(scope, receive, _send)
  File "/root/.venv/lib/python3.11/site-packages/starlette/middleware/cors.py", line 85, in __call__
    await self.app(scope, receive, send)
  File "/root/.venv/lib/python3.11/site-packages/starlette/middleware/base.py", line 189, in __call__
    with collapse_excgroups():
  File "/usr/local/lib/python3.11/contextlib.py", line 158, in __exit__
    self.gen.throw(typ, value, traceback)
  File "/root/.venv/lib/python3.11/site-packages/starlette/_utils.py", line 93, in collapse_excgroups
    raise exc
  File "/root/.venv/lib/python3.11/site-packages/starlette/middleware/base.py", line 191, in __call__
    response = await self.dispatch_func(request, call_next)
               ^^^^^^^^^^^^^^^^^^^^^^^^^^^^^^^^^^^^^^^^^^^^
  File "/app/backend/server.py", line 806, in dispatch
    response = await call_next(request)
               ^^^^^^^^^^^^^^^^^^^^^^^^
  File "/root/.venv/lib/python3.11/site-packages/starlette/middleware/base.py", line 165, in call_next
    raise app_exc
  File "/root/.venv/lib/python3.11/site-packages/starlette/middleware/base.py", line 151, in coro
    await self.app(scope, receive_or_disconnect, send_no_error)
  File "/root/.venv/lib/python3.11/site-packages/starlette/middleware/base.py", line 189, in __call__
    with collapse_excgroups():
  File "/usr/local/lib/python3.11/contextlib.py", line 158, in __exit__
    self.gen.throw(typ, value, traceback)
  File "/root/.venv/lib/python3.11/site-packages/starlette/_utils.py", line 93, in collapse_excgroups
    raise exc
  File "/root/.venv/lib/python3.11/site-packages/starlette/middleware/base.py", line 191, in __call__
    response = await self.dispatch_func(request, call_next)
               ^^^^^^^^^^^^^^^^^^^^^^^^^^^^^^^^^^^^^^^^^^^^
  File "/app/backend/server.py", line 387, in _add_powered_by_header
    response = await call_next(request)
               ^^^^^^^^^^^^^^^^^^^^^^^^
  File "/root/.venv/lib/python3.11/site-packages/starlette/middleware/base.py", line 165, in call_next
    raise app_exc
  File "/root/.venv/lib/python3.11/site-packages/starlette/middleware/base.py", line 151, in coro
    await self.app(scope, receive_or_disconnect, send_no_error)
  File "/root/.venv/lib/python3.11/site-packages/starlette/middleware/exceptions.py", line 65, in __call__
    await wrap_app_handling_exceptions(self.app, conn)(scope, receive, send)
  File "/root/.venv/lib/python3.11/site-packages/starlette/_exception_handler.py", line 64, in wrapped_app
    raise exc
  File "/root/.venv/lib/python3.11/site-packages/starlette/_exception_handler.py", line 53, in wrapped_app
    await app(scope, receive, sender)
  File "/root/.venv/lib/python3.11/site-packages/starlette/routing.py", line 756, in __call__
    await self.middleware_stack(scope, receive, send)
  File "/root/.venv/lib/python3.11/site-packages/starlette/routing.py", line 776, in app
    await route.handle(scope, receive, send)
  File "/root/.venv/lib/python3.11/site-packages/starlette/routing.py", line 297, in handle
    await self.app(scope, receive, send)
  File "/root/.venv/lib/python3.11/site-packages/starlette/routing.py", line 77, in app
    await wrap_app_handling_exceptions(app, request)(scope, receive, send)
  File "/root/.venv/lib/python3.11/site-packages/starlette/_exception_handler.py", line 64, in wrapped_app
    raise exc
  File "/root/.venv/lib/python3.11/site-packages/starlette/_exception_handler.py", line 53, in wrapped_app
    await app(scope, receive, sender)
  File "/root/.venv/lib/python3.11/site-packages/starlette/routing.py", line 72, in app
    response = await func(request)
               ^^^^^^^^^^^^^^^^^^^
  File "/root/.venv/lib/python3.11/site-packages/fastapi/routing.py", line 278, in app
    raw_response = await run_endpoint_function(
                   ^^^^^^^^^^^^^^^^^^^^^^^^^^^^
  File "/root/.venv/lib/python3.11/site-packages/fastapi/routing.py", line 191, in run_endpoint_function
    return await dependant.call(**values)
           ^^^^^^^^^^^^^^^^^^^^^^^^^^^^^^
  File "/root/.venv/lib/python3.11/site-packages/slowapi/extension.py", line 734, in async_wrapper
    response = await func(*args, **kwargs)  # type: ignore
               ^^^^^^^^^^^^^^^^^^^^^^^^^^^
  File "/app/backend/routes/users.py", line 64, in login
    if await is_locked_out(db, email):
       ^^^^^^^^^^^^^^^^^^^^^^^^^^^^^^
  File "/app/backend/auth.py", line 352, in is_locked_out
    failed = await db.login_attempts.count_documents({
                   ^^^^^^^^^^^^^^^^^^^^^^^^^^^^^^^^^^^
  File "/root/.venv/lib/python3.11/site-packages/motor/metaprogramming.py", line 74, in method
    return framework.run_on_executor(
           ^^^^^^^^^^^^^^^^^^^^^^^^^^
  File "/root/.venv/lib/python3.11/site-packages/motor/frameworks/asyncio/__init__.py", line 85, in run_on_executor
    return loop.run_in_executor(_EXECUTOR, functools.partial(fn, *args, **kwargs))
           ^^^^^^^^^^^^^^^^^^^^^^^^^^^^^^^^^^^^^^^^^^^^^^^^^^^^^^^^^^^^^^^^^^^^^^^
  File "/usr/local/lib/python3.11/asyncio/base_events.py", line 817, in run_in_executor
    self._check_closed()
  File "/usr/local/lib/python3.11/asyncio/base_events.py", line 520, in _check_closed
    raise RuntimeError('Event loop is closed')
RuntimeError: Event loop is closed

During handling of the above exception, another exception occurred:
tests/test_fleet_tracking.py:60: in test_full_vehicle_flow
    token = await _login_admin(client)
            ^^^^^^^^^^^^^^^^^^^^^^^^^^
tests/test_fleet_tracking.py:32: in _login_admin
    r = await c.post("/api/auth/login",
/root/.venv/lib/python3.11/site-packages/httpx/_client.py:1859: in post
    return await self.request(
/root/.venv/lib/python3.11/site-packages/httpx/_client.py:1540: in request
    return await self.send(request, auth=auth, follow_redirects=follow_redirects)
           ^^^^^^^^^^^^^^^^^^^^^^^^^^^^^^^^^^^^^^^^^^^^^^^^^^^^^^^^^^^^^^^^^^^^^^
/root/.venv/lib/python3.11/site-packages/httpx/_client.py:1629: in send
    response = await self._send_handling_auth(
/root/.venv/lib/python3.11/site-packages/httpx/_client.py:1657: in _send_handling_auth
    response = await self._send_handling_redirects(
/root/.venv/lib/python3.11/site-packages/httpx/_client.py:1694: in _send_handling_redirects
    response = await self._send_single_request(request)
               ^^^^^^^^^^^^^^^^^^^^^^^^^^^^^^^^^^^^^^^^
/root/.venv/lib/python3.11/site-packages/httpx/_client.py:1730: in _send_single_request
    response = await transport.handle_async_request(request)
               ^^^^^^^^^^^^^^^^^^^^^^^^^^^^^^^^^^^^^^^^^^^^^
/root/.venv/lib/python3.11/site-packages/httpx/_transports/asgi.py:170: in handle_async_request
    await self.app(scope, receive, send)
/root/.venv/lib/python3.11/site-packages/fastapi/applications.py:1054: in __call__
    await super().__call__(scope, receive, send)
/root/.venv/lib/python3.11/site-packages/starlette/applications.py:123: in __call__
    await self.middleware_stack(scope, receive, send)
/root/.venv/lib/python3.11/site-packages/starlette/middleware/errors.py:186: in __call__
    raise exc
/root/.venv/lib/python3.11/site-packages/starlette/middleware/errors.py:164: in __call__
    await self.app(scope, receive, _send)
/root/.venv/lib/python3.11/site-packages/starlette/middleware/cors.py:85: in __call__
    await self.app(scope, receive, send)
/root/.venv/lib/python3.11/site-packages/starlette/middleware/base.py:189: in __call__
    with collapse_excgroups():
/usr/local/lib/python3.11/contextlib.py:158: in __exit__
    self.gen.throw(typ, value, traceback)
/root/.venv/lib/python3.11/site-packages/starlette/_utils.py:93: in collapse_excgroups
    raise exc
/root/.venv/lib/python3.11/site-packages/starlette/middleware/base.py:191: in __call__
    response = await self.dispatch_func(request, call_next)
               ^^^^^^^^^^^^^^^^^^^^^^^^^^^^^^^^^^^^^^^^^^^^
server.py:806: in dispatch
    response = await call_next(request)
               ^^^^^^^^^^^^^^^^^^^^^^^^
/root/.venv/lib/python3.11/site-packages/starlette/middleware/base.py:165: in call_next
    raise app_exc
/root/.venv/lib/python3.11/site-packages/starlette/middleware/base.py:151: in coro
    await self.app(scope, receive_or_disconnect, send_no_error)
/root/.venv/lib/python3.11/site-packages/starlette/middleware/base.py:189: in __call__
    with collapse_excgroups():
/usr/local/lib/python3.11/contextlib.py:158: in __exit__
    self.gen.throw(typ, value, traceback)
/root/.venv/lib/python3.11/site-packages/starlette/_utils.py:93: in collapse_excgroups
    raise exc
/root/.venv/lib/python3.11/site-packages/starlette/middleware/base.py:191: in __call__
    response = await self.dispatch_func(request, call_next)
               ^^^^^^^^^^^^^^^^^^^^^^^^^^^^^^^^^^^^^^^^^^^^
server.py:387: in _add_powered_by_header
    response = await call_next(request)
               ^^^^^^^^^^^^^^^^^^^^^^^^
/root/.venv/lib/python3.11/site-packages/starlette/middleware/base.py:165: in call_next
    raise app_exc
/root/.venv/lib/python3.11/site-packages/starlette/middleware/base.py:151: in coro
    await self.app(scope, receive_or_disconnect, send_no_error)
/root/.venv/lib/python3.11/site-packages/starlette/middleware/exceptions.py:65: in __call__
    await wrap_app_handling_exceptions(self.app, conn)(scope, receive, send)
/root/.venv/lib/python3.11/site-packages/starlette/_exception_handler.py:64: in wrapped_app
    raise exc
/root/.venv/lib/python3.11/site-packages/starlette/_exception_handler.py:53: in wrapped_app
    await app(scope, receive, sender)
/root/.venv/lib/python3.11/site-packages/starlette/routing.py:756: in __call__
    await self.middleware_stack(scope, receive, send)
/root/.venv/lib/python3.11/site-packages/starlette/routing.py:776: in app
    await route.handle(scope, receive, send)
/root/.venv/lib/python3.11/site-packages/starlette/routing.py:297: in handle
    await self.app(scope, receive, send)
/root/.venv/lib/python3.11/site-packages/starlette/routing.py:77: in app
    await wrap_app_handling_exceptions(app, request)(scope, receive, send)
/root/.venv/lib/python3.11/site-packages/starlette/_exception_handler.py:64: in wrapped_app
    raise exc
/root/.venv/lib/python3.11/site-packages/starlette/_exception_handler.py:53: in wrapped_app
    await app(scope, receive, sender)
/root/.venv/lib/python3.11/site-packages/starlette/routing.py:72: in app
    response = await func(request)
               ^^^^^^^^^^^^^^^^^^^
/root/.venv/lib/python3.11/site-packages/fastapi/routing.py:278: in app
    raw_response = await run_endpoint_function(
/root/.venv/lib/python3.11/site-packages/fastapi/routing.py:191: in run_endpoint_function
    return await dependant.call(**values)
           ^^^^^^^^^^^^^^^^^^^^^^^^^^^^^^
/root/.venv/lib/python3.11/site-packages/slowapi/extension.py:734: in async_wrapper
    response = await func(*args, **kwargs)  # type: ignore
               ^^^^^^^^^^^^^^^^^^^^^^^^^^^
routes/users.py:64: in login
    if await is_locked_out(db, email):
       ^^^^^^^^^^^^^^^^^^^^^^^^^^^^^^
auth.py:352: in is_locked_out
    failed = await db.login_attempts.count_documents({
/root/.venv/lib/python3.11/site-packages/motor/metaprogramming.py:74: in method
    return framework.run_on_executor(
/root/.venv/lib/python3.11/site-packages/motor/frameworks/asyncio/__init__.py:85: in run_on_executor
    return loop.run_in_executor(_EXECUTOR, functools.partial(fn, *args, **kwargs))
           ^^^^^^^^^^^^^^^^^^^^^^^^^^^^^^^^^^^^^^^^^^^^^^^^^^^^^^^^^^^^^^^^^^^^^^^
/usr/local/lib/python3.11/asyncio/base_events.py:817: in run_in_executor
    self._check_closed()
/usr/local/lib/python3.11/asyncio/base_events.py:520: in _check_closed
    raise RuntimeError('Event loop is closed')
E   RuntimeError: Event loop is closed</failure></testcase><testcase classname="test_fleet_tracking" name="test_tk103_parser" time="0.002" /></testsuite></testsuites>