<?xml version="1.0" encoding="utf-8"?><testsuites name="pytest tests"><testsuite name="pytest" errors="0" failures="0" skipped="0" tests="12" time="20.505" timestamp="2026-05-14T13:38:41.962319+00:00" hostname="agent-env-43695c10-da5b-4d81-a958-3ab98d1b85d6"><testcase classname="backend.tests.test_iter65_ai_training.TestScenarios" name="test_scenarios_list_returns_60" time="0.668" /><testcase classname="backend.tests.test_iter65_ai_training.TestScenarios" name="test_scenario_detail_has_simulacao_conversa" time="0.153" /><testcase classname="backend.tests.test_iter65_ai_training.TestScenarios" name="test_scenario_404_for_missing" time="0.199" /><testcase classname="backend.tests.test_iter65_ai_training.TestScenarios" name="test_scenarios_filter_category" time="0.167" /><testcase classname="backend.tests.test_iter65_ai_training.TestValidationTests" name="test_tests_list_returns_20" time="0.140" /><testcase classname="backend.tests.test_iter65_ai_training.TestValidationTests" name="test_test_detail" time="0.160" /><testcase classname="backend.tests.test_iter65_ai_training.TestValidationTests" name="test_test_404" time="0.217" /><testcase classname="backend.tests.test_iter65_ai_training.TestDecisionMatrix" name="test_matrix_returns_31" time="0.153" /><testcase classname="backend.tests.test_iter65_ai_training.TestRunSingle" name="test_run_test_1_returns_score" time="17.930" /><testcase classname="backend.tests.test_iter65_ai_training.TestRunsHistory" name="test_runs_list" time="0.166" /><testcase classname="backend.tests.test_iter65_ai_training.TestRunsHistory" name="test_run_detail_if_any" time="0.390" /><testcase classname="backend.tests.test_iter65_ai_training.TestAuth" name="test_no_auth_rejected" time="0.135" /></testsuite></testsuites>