<?xml version="1.0" encoding="utf-8"?><testsuites name="pytest tests"><testsuite name="pytest" errors="0" failures="1" skipped="0" tests="15" time="11.656" timestamp="2026-06-12T11:51:14.177295+00:00" hostname="agent-env-43695c10-da5b-4d81-a958-3ab98d1b85d6"><testcase classname="test_iter_pricing_catalog_v13.TestPricingCatalog" name="test_list_initial" time="0.483" /><testcase classname="test_iter_pricing_catalog_v13.TestPricingCatalog" name="test_create_valid" time="0.054" /><testcase classname="test_iter_pricing_catalog_v13.TestPricingCatalog" name="test_patch_price_and_enabled" time="0.053" /><testcase classname="test_iter_pricing_catalog_v13.TestPricingCatalog" name="test_invalid_category" time="0.047" /><testcase classname="test_iter_pricing_catalog_v13.TestPricingCatalog" name="test_invalid_billing_cycle" time="0.048" /><testcase classname="test_iter_pricing_catalog_v13.TestPricingCatalog" name="test_negative_price" time="0.051" /><testcase classname="test_iter_pricing_catalog_v13.TestPricingCatalog" name="test_delete" time="0.099" /><testcase classname="test_iter_pricing_catalog_v13.TestIsabellaTestPricingInjection" name="test_inject_pricing_block" time="5.381" /><testcase classname="test_iter_pricing_catalog_v13.TestIsabellaTestPricingInjection" name="test_cleanup" time="0.053" /><testcase classname="test_iter_pricing_catalog_v13.TestIsabellaPromptVersioning" name="test_get_original_prompt" time="0.051" /><testcase classname="test_iter_pricing_catalog_v13.TestIsabellaPromptVersioning" name="test_put_creates_history_and_restore" time="0.129" /><testcase classname="test_iter_pricing_catalog_v13.TestAlvaroTest" name="test_invalid_scenario" time="0.048" /><testcase classname="test_iter_pricing_catalog_v13.TestAlvaroTest" name="test_online_scenario" time="4.918" /><testcase classname="test_iter_pricing_catalog_v13.TestAgentRenameMongo" name="test_mongo_state" time="0.090"><failure message="AssertionError: Isabella prompt_version errado: manual-2026-06-12T11:51:20&#10;assert ({'_id': ObjectId('6a00b66199afa99f99b30027'), 'active': True, 'company_id': 'co-demo', 'company_info': 'Ligo · ISP brasileiro com foco em experiência completa: internet fibra + 5G + streamings agregados. Suporte 24/7 humano. Wi-Fi 6 incluso. Instalação grátis. Cobertura crescente nos estados do RJ e SP. Diferencial: combos premium com economia comparada a assinaturas avulsas.', ...} is not None and 'manual-2026-06-12T11:51:20' == 'V13_CICLO_COMPLETO'&#10;  &#10;  - V13_CICLO_COMPLETO&#10;  + manual-2026-06-12T11:51:20)">tests/test_iter_pricing_catalog_v13.py:201: in test_mongo_state
    assert isabella is not None and isabella.get("prompt_version") == "V13_CICLO_COMPLETO", \
E   AssertionError: Isabella prompt_version errado: manual-2026-06-12T11:51:20
E   assert ({'_id': ObjectId('6a00b66199afa99f99b30027'), 'active': True, 'company_id': 'co-demo', 'company_info': 'Ligo · ISP brasileiro com foco em experiência completa: internet fibra + 5G + streamings agregados. Suporte 24/7 humano. Wi-Fi 6 incluso. Instalação grátis. Cobertura crescente nos estados do RJ e SP. Diferencial: combos premium com economia comparada a assinaturas avulsas.', ...} is not None and 'manual-2026-06-12T11:51:20' == 'V13_CICLO_COMPLETO'
E     
E     - V13_CICLO_COMPLETO
E     + manual-2026-06-12T11:51:20)</failure></testcase><testcase classname="test_iter_pricing_catalog_v13.TestIsabellaFragmentsNoHardcodedPrices" name="test_fragments_no_prices" time="0.069" /></testsuite></testsuites>