<?xml version="1.0" encoding="utf-8"?><testsuites name="pytest tests"><testsuite name="pytest" errors="0" failures="1" skipped="0" tests="19" time="1.551" timestamp="2026-06-17T05:35:40.233837+00:00" hostname="agent-env-43695c10-da5b-4d81-a958-3ab98d1b85d6"><testcase classname="test_iter249_boleto_watchdog.TestWatchdogEndpoints" name="test_status_with_auth" time="0.480" /><testcase classname="test_iter249_boleto_watchdog.TestWatchdogEndpoints" name="test_status_without_auth" time="0.730" /><testcase classname="test_iter249_boleto_watchdog.TestWatchdogEndpoints" name="test_tick_with_auth" time="0.151" /><testcase classname="test_iter249_boleto_watchdog.TestWatchdogEndpoints" name="test_tick_without_auth" time="0.040" /><testcase classname="test_iter249_boleto_watchdog.TestBubbleSplitter" name="test_strip_surrounding_quotes" time="0.001" /><testcase classname="test_iter249_boleto_watchdog.TestBubbleSplitter" name="test_quotes_as_bubble_separator" time="0.001"><failure message="AssertionError: Esperado 3 bolhas, obteve 1: ['Bolha1. Bolha2. Bolha3.']&#10;assert 1 == 3&#10; +  where 1 = len(['Bolha1. Bolha2. Bolha3.'])">tests/test_iter249_boleto_watchdog.py:147: in test_quotes_as_bubble_separator
    assert len(bubbles) == 3, f"Esperado 3 bolhas, obteve {len(bubbles)}: {bubbles!r}"
E   AssertionError: Esperado 3 bolhas, obteve 1: ['Bolha1. Bolha2. Bolha3.']
E   assert 1 == 3
E    +  where 1 = len(['Bolha1. Bolha2. Bolha3.'])</failure></testcase><testcase classname="test_iter249_boleto_watchdog.TestBubbleSplitter" name="test_preserve_text_without_quotes" time="0.000" /><testcase classname="test_iter249_boleto_watchdog.TestDetectBoletoIntent" name="test_positive_intent[quero meu boleto]" time="0.076" /><testcase classname="test_iter249_boleto_watchdog.TestDetectBoletoIntent" name="test_positive_intent[segunda via]" time="0.000" /><testcase classname="test_iter249_boleto_watchdog.TestDetectBoletoIntent" name="test_positive_intent[pagar]" time="0.000" /><testcase classname="test_iter249_boleto_watchdog.TestDetectBoletoIntent" name="test_positive_intent[fatura]" time="0.000" /><testcase classname="test_iter249_boleto_watchdog.TestDetectBoletoIntent" name="test_positive_intent[pix]" time="0.000" /><testcase classname="test_iter249_boleto_watchdog.TestDetectBoletoIntent" name="test_positive_intent[linha digit\xe1vel]" time="0.000" /><testcase classname="test_iter249_boleto_watchdog.TestDetectBoletoIntent" name="test_positive_intent[venceu]" time="0.000" /><testcase classname="test_iter249_boleto_watchdog.TestDetectBoletoIntent" name="test_negative_intent[?]" time="0.000" /><testcase classname="test_iter249_boleto_watchdog.TestDetectBoletoIntent" name="test_negative_intent[oi]" time="0.000" /><testcase classname="test_iter249_boleto_watchdog.TestDetectBoletoIntent" name="test_negative_intent[tudo bem]" time="0.000" /><testcase classname="test_iter249_boleto_watchdog.TestFormatInvoicesMessage" name="test_full_fields" time="0.000" /><testcase classname="test_iter249_boleto_watchdog.TestFormatInvoicesMessage" name="test_empty_list_friendly" time="0.001" /></testsuite></testsuites>