<?xml version="1.0" encoding="utf-8"?><testsuites name="pytest tests"><testsuite name="pytest" errors="0" failures="0" skipped="0" tests="9" time="1.891" timestamp="2026-06-12T03:16:59.228233+00:00" hostname="agent-env-43695c10-da5b-4d81-a958-3ab98d1b85d6"><testcase classname="test_iter240_treasury_period_range.TestKpisByMonthRange" name="test_range_two_months" time="0.559" /><testcase classname="test_iter240_treasury_period_range.TestKpisByMonthRange" name="test_single_month_compat" time="0.151" /><testcase classname="test_iter240_treasury_period_range.TestKpisByMonthRange" name="test_range_sum_matches_single_months" time="0.361" /><testcase classname="test_iter240_treasury_period_range.TestDREByPeriod" name="test_dre_single_month_range" time="0.116" /><testcase classname="test_iter240_treasury_period_range.TestDREByPeriod" name="test_dre_total_paid_matches_kpis" time="0.246" /><testcase classname="test_iter240_treasury_period_range.TestDREByPeriod" name="test_dre_pct_sums_per_group" time="0.104" /><testcase classname="test_iter240_treasury_period_range.TestDREByPeriod" name="test_dre_no_params_defaults_to_current_month" time="0.111" /><testcase classname="test_iter240_treasury_period_range.TestDREByPeriod" name="test_dre_invalid_params" time="0.098" /><testcase classname="test_iter240_treasury_period_range.TestDREByPeriod" name="test_kpis_invalid_params" time="0.102" /></testsuite></testsuites>