<?xml version="1.0" encoding="utf-8"?><testsuites name="pytest tests"><testsuite name="pytest" errors="0" failures="0" skipped="0" tests="13" time="1.893" timestamp="2026-05-16T02:00:52.062482+00:00" hostname="agent-env-43695c10-da5b-4d81-a958-3ab98d1b85d6"><testcase classname="backend.tests.test_iter78_alvaro_smartolt_actions.TestSmartoltOnuActions" name="test_actions_endpoint_unknown_external_id" time="0.241" /><testcase classname="backend.tests.test_iter78_alvaro_smartolt_actions.TestSmartoltOnuActions" name="test_actions_endpoint_limit_param" time="0.004" /><testcase classname="backend.tests.test_iter78_alvaro_smartolt_actions.TestSmartoltOnuActions" name="test_actions_endpoint_requires_auth" time="0.002" /><testcase classname="backend.tests.test_iter78_alvaro_smartolt_actions.TestAlvaroIsAutomaticMessage" name="test_auto_reply_true_is_automatic" time="1.602" /><testcase classname="backend.tests.test_iter78_alvaro_smartolt_actions.TestAlvaroIsAutomaticMessage" name="test_auto_reply_false_is_not_automatic" time="0.000" /><testcase classname="backend.tests.test_iter78_alvaro_smartolt_actions.TestAlvaroIsAutomaticMessage" name="test_actor_ai_is_automatic" time="0.000" /><testcase classname="backend.tests.test_iter78_alvaro_smartolt_actions.TestAlvaroIsAutomaticMessage" name="test_actor_human_not_automatic" time="0.000" /><testcase classname="backend.tests.test_iter78_alvaro_smartolt_actions.TestAlvaroBuildConversation" name="test_filters_auto_reply_messages" time="0.000" /><testcase classname="backend.tests.test_iter78_alvaro_smartolt_actions.TestAlvaroBuildConversation" name="test_filters_actor_ai_messages" time="0.000" /><testcase classname="backend.tests.test_iter78_alvaro_smartolt_actions.TestAlvaroBuildConversation" name="test_speaker_labels" time="0.000" /><testcase classname="backend.tests.test_iter78_alvaro_smartolt_actions.TestAlvaroRunDailyAnalysisSkipBot" name="test_skip_condition_pure_bot" time="0.000" /><testcase classname="backend.tests.test_iter78_alvaro_smartolt_actions.TestAlvaroRunDailyAnalysisSkipBot" name="test_not_skip_when_human_replied" time="0.000" /><testcase classname="backend.tests.test_iter78_alvaro_smartolt_actions.TestAlvaroRunDailyAnalysisSkipBot" name="test_not_skip_when_2plus_inbound" time="0.000" /></testsuite></testsuites>