<?xml version="1.0" encoding="utf-8"?><testsuites name="pytest tests"><testsuite name="pytest" errors="0" failures="0" skipped="0" tests="4" time="10.450" timestamp="2026-05-30T11:41:22.646587+00:00" hostname="agent-env-43695c10-da5b-4d81-a958-3ab98d1b85d6"><testcase classname="test_iter182_os_cto_picker.TestSentinelaConfig" name="test_get_sentinela_config" time="2.290" /><testcase classname="test_iter182_os_cto_picker.TestSentinelaConfig" name="test_patch_sentinela_config_69" time="0.628" /><testcase classname="test_iter182_os_cto_picker.TestSentinelaConfig" name="test_patch_sentinela_config_validation_out_of_range" time="0.573" /><testcase classname="test_iter182_os_cto_picker.TestSmartOltSyncVlanDryRun" name="test_dry_run_returns_200_and_fallback_fields" time="6.929" /></testsuite></testsuites>