<?xml version="1.0" encoding="utf-8"?><testsuites name="pytest tests"><testsuite name="pytest" errors="0" failures="0" skipped="0" tests="10" time="2.605" timestamp="2026-05-24T03:21:32.617849+00:00" hostname="agent-env-43695c10-da5b-4d81-a958-3ab98d1b85d6"><testcase classname="test_fleet" name="test_create_vehicle_as_gestor" time="0.566" /><testcase classname="test_fleet" name="test_list_vehicles" time="0.118" /><testcase classname="test_fleet" name="test_update_vehicle" time="0.223" /><testcase classname="test_fleet" name="test_duplicate_placa_rejected" time="0.236" /><testcase classname="test_fleet" name="test_inspection_start_requires_vehicle" time="0.125" /><testcase classname="test_fleet" name="test_inspection_full_flow_via_admin_collaborator" time="0.227" /><testcase classname="test_fleet" name="test_kpis_structure" time="0.111" /><testcase classname="test_fleet" name="test_transfer_create_and_list" time="0.501" /><testcase classname="test_fleet" name="test_fuel_create_and_list" time="0.241" /><testcase classname="test_fleet" name="test_fuel_auto_qtd_from_zero" time="0.232" /></testsuite></testsuites>