<?xml version="1.0" encoding="utf-8"?><testsuites name="pytest tests"><testsuite name="pytest" errors="0" failures="0" skipped="0" tests="12" time="26.966" timestamp="2026-05-10T19:52:49.222384+00:00" hostname="agent-env-43695c10-da5b-4d81-a958-3ab98d1b85d6"><testcase classname="backend.tests.test_iter41_whatsapp_autoreply.TestAutoReplySettings" name="test_get_default_disabled" time="0.707" /><testcase classname="backend.tests.test_iter41_whatsapp_autoreply.TestAutoReplySettings" name="test_put_enable_then_persists" time="0.269" /><testcase classname="backend.tests.test_iter41_whatsapp_autoreply.TestAutoReplySettings" name="test_put_disable" time="0.101" /><testcase classname="backend.tests.test_iter41_whatsapp_autoreply.TestInboundAutoReply" name="test_inbound_with_autoreply_off" time="0.815" /><testcase classname="backend.tests.test_iter41_whatsapp_autoreply.TestInboundAutoReply" name="test_inbound_with_autoreply_on" time="7.770" /><testcase classname="backend.tests.test_iter41_whatsapp_autoreply.TestInboundAutoReply" name="test_group_jid_is_skipped" time="0.253" /><testcase classname="backend.tests.test_iter41_whatsapp_autoreply.TestInboundAutoReply" name="test_from_me_is_ignored" time="0.223" /><testcase classname="backend.tests.test_iter41_whatsapp_autoreply.TestInboundAutoReply" name="test_multi_turn_session" time="10.364" /><testcase classname="backend.tests.test_iter41_whatsapp_autoreply.TestRegression" name="test_qr_endpoint" time="0.126" /><testcase classname="backend.tests.test_iter41_whatsapp_autoreply.TestRegression" name="test_voice_session_start" time="2.958" /><testcase classname="backend.tests.test_iter41_whatsapp_autoreply.TestRegression" name="test_textgen" time="3.115" /><testcase classname="backend.tests.test_iter41_whatsapp_autoreply.TestRegression" name="test_schedule_lousa_ticket" time="0.213" /></testsuite></testsuites>