<?xml version="1.0" encoding="utf-8"?><testsuites name="pytest tests"><testsuite name="pytest" errors="0" failures="0" skipped="0" tests="15" time="5.126" timestamp="2026-05-27T13:25:25.318243+00:00" hostname="agent-env-43695c10-da5b-4d81-a958-3ab98d1b85d6"><testcase classname="test_iter142_executive_briefing.TestReportTypes" name="test_report_types_includes_executive_briefing" time="0.650" /><testcase classname="test_iter142_executive_briefing.TestBriefingActivateValidation" name="test_activate_empty_phones_returns_400" time="0.053" /><testcase classname="test_iter142_executive_briefing.TestBriefingStatusOff" name="test_status_inactive_initially" time="0.050" /><testcase classname="test_iter142_executive_briefing.TestBriefingFullFlow" name="test_a_activate_creates_schedule" time="0.055" /><testcase classname="test_iter142_executive_briefing.TestBriefingFullFlow" name="test_b_status_active_after_activate" time="0.055" /><testcase classname="test_iter142_executive_briefing.TestBriefingFullFlow" name="test_c_activate_idempotent_no_duplicate" time="0.105" /><testcase classname="test_iter142_executive_briefing.TestBriefingFullFlow" name="test_d_run_briefing_generates_pdf" time="3.115" /><testcase classname="test_iter142_executive_briefing.TestBriefingFullFlow" name="test_e_deactivate_removes_all" time="0.106" /><testcase classname="test_iter142_executive_briefing.TestSchedulesAcceptExecutiveBriefing" name="test_create_schedule_executive_briefing" time="0.104" /><testcase classname="test_iter142_executive_briefing.TestBriefingAuth" name="test_activate_unauth" time="0.066" /><testcase classname="test_iter142_executive_briefing.TestBriefingAuth" name="test_status_unauth" time="0.067" /><testcase classname="test_iter142_executive_briefing.TestBriefingAuth" name="test_deactivate_unauth" time="0.073" /><testcase classname="test_iter142_executive_briefing.TestBriefingAuth" name="test_activate_forbidden_for_colaborador" time="0.402" /><testcase classname="test_iter142_executive_briefing.TestBriefingAuth" name="test_status_forbidden_for_colaborador" time="0.048" /><testcase classname="test_iter142_executive_briefing.TestBriefingAuth" name="test_deactivate_forbidden_for_colaborador" time="0.100" /></testsuite></testsuites>