<?xml version="1.0" encoding="utf-8"?><testsuites name="pytest tests"><testsuite name="pytest" errors="0" failures="0" skipped="0" tests="6" time="2.118" timestamp="2026-06-18T03:36:21.761640+00:00" hostname="agent-env-43695c10-da5b-4d81-a958-3ab98d1b85d6"><testcase classname="test_watchtower_shell_http" name="test_ia_presidente_shape" time="0.644" /><testcase classname="test_watchtower_shell_http" name="test_ia_presidente_window_validation" time="0.236" /><testcase classname="test_watchtower_shell_http" name="test_ia_presidente_window_variants" time="0.770" /><testcase classname="test_watchtower_shell_http" name="test_relacionamento_shape" time="0.108" /><testcase classname="test_watchtower_shell_http" name="test_endpoints_require_auth" time="0.198" /><testcase classname="test_watchtower_shell_http" name="test_endpoints_reject_bad_token" time="0.122" /></testsuite></testsuites>