<?xml version="1.0" encoding="utf-8"?><testsuites name="pytest tests"><testsuite name="pytest" errors="0" failures="0" skipped="0" tests="23" time="3.805" timestamp="2026-05-19T03:07:43.581736+00:00" hostname="agent-env-43695c10-da5b-4d81-a958-3ab98d1b85d6"><testcase classname="tests.test_iter106_wa_refactor.TestBackwardCompatImports" name="test_sidecar_helpers_reexport" time="1.602" /><testcase classname="tests.test_iter106_wa_refactor.TestBackwardCompatImports" name="test_split_ai_reply_reexport" time="0.001" /><testcase classname="tests.test_iter106_wa_refactor.TestBackwardCompatImports" name="test_split_ai_reply_quoted_bubbles" time="0.000" /><testcase classname="tests.test_iter106_wa_refactor.TestBackwardCompatImports" name="test_is_sales_completion_reexport" time="0.000" /><testcase classname="tests.test_iter106_wa_refactor.TestBackwardCompatImports" name="test_fetch_human_few_shots_reexport" time="0.000" /><testcase classname="tests.test_iter106_wa_refactor.TestBackwardCompatImports" name="test_persist_ai_failure_reexport" time="0.001" /><testcase classname="tests.test_iter106_wa_refactor.TestBackwardCompatImports" name="test_maybe_auto_reply_still_present" time="0.000" /><testcase classname="tests.test_iter106_wa_refactor.TestBackwardCompatImports" name="test_services_wa_direct_imports" time="0.000" /><testcase classname="tests.test_iter106_wa_refactor.TestBackwardCompatImports" name="test_old_alias_matches_new" time="0.000" /><testcase classname="tests.test_iter106_wa_refactor.TestWhatsAppBaileysEndpoints" name="test_ai_health" time="0.732" /><testcase classname="tests.test_iter106_wa_refactor.TestWhatsAppBaileysEndpoints" name="test_auto_reply_get" time="0.056" /><testcase classname="tests.test_iter106_wa_refactor.TestWhatsAppBaileysEndpoints" name="test_auto_reply_put_toggle" time="0.163" /><testcase classname="tests.test_iter106_wa_refactor.TestWhatsAppBaileysEndpoints" name="test_status" time="0.193" /><testcase classname="tests.test_iter106_wa_refactor.TestWhatsAppBaileysEndpoints" name="test_conversations" time="0.274" /><testcase classname="tests.test_iter106_wa_refactor.TestWhatsAppBaileysEndpoints" name="test_qr_endpoint" time="0.211" /><testcase classname="tests.test_iter106_wa_refactor.TestAIConfigEndpoints" name="test_ai_config_get" time="0.050" /><testcase classname="tests.test_iter106_wa_refactor.TestAIConfigEndpoints" name="test_ai_config_test_gemini" time="0.209" /><testcase classname="tests.test_iter106_wa_refactor.TestAIConfigEndpoints" name="test_ai_config_chain_put" time="0.097" /><testcase classname="tests.test_iter106_wa_refactor.TestCentralIADashboards" name="test_handoffs" time="0.052" /><testcase classname="tests.test_iter106_wa_refactor.TestCentralIADashboards" name="test_sentiment" time="0.059" /><testcase classname="tests.test_iter106_wa_refactor.TestMotorIAUsage" name="test_usage_has_cache_fields" time="0.072" /><testcase classname="tests.test_iter106_wa_refactor.TestRoutingIntegrity" name="test_pick_agent_callable" time="0.001" /><testcase classname="tests.test_iter106_wa_refactor.TestRoutingIntegrity" name="test_pick_agent_keyword_scoring" time="0.001" /></testsuite></testsuites>