<?xml version="1.0" encoding="utf-8"?><testsuites name="pytest tests"><testsuite name="pytest" errors="0" failures="0" skipped="0" tests="7" time="7.174" timestamp="2026-05-27T16:06:49.890305+00:00" hostname="agent-env-43695c10-da5b-4d81-a958-3ab98d1b85d6"><testcase classname="test_iter143_ont_scan_retirada.TestScanOntEndpoint" name="test_scan_ont_happy_path_claude_vision" time="3.521" /><testcase classname="test_iter143_ont_scan_retirada.TestScanOntEndpoint" name="test_scan_ont_invalid_base64" time="0.114" /><testcase classname="test_iter143_ont_scan_retirada.TestScanOntEndpoint" name="test_scan_ont_too_short_payload_pydantic" time="0.126" /><testcase classname="test_iter143_ont_scan_retirada.TestScanOntEndpoint" name="test_scan_ont_requires_auth" time="0.119" /><testcase classname="test_iter143_ont_scan_retirada.TestMoveOntForWithdraw" name="test_close_retirada_creates_new_ont_when_mac_unknown" time="1.586" /><testcase classname="test_iter143_ont_scan_retirada.TestMoveOntForWithdraw" name="test_close_retirada_mac_at_wrong_location_marks_inconsistency" time="0.507" /><testcase classname="test_iter143_ont_scan_retirada.TestMoveOntForWithdraw" name="test_close_retirada_mac_at_right_client_moves_to_tech" time="1.162" /></testsuite></testsuites>