<?xml version="1.0" encoding="utf-8"?><testsuites name="pytest tests"><testsuite name="pytest" errors="0" failures="1" skipped="1" tests="13" time="47.983" timestamp="2026-05-15T11:04:49.792335+00:00" hostname="agent-env-43695c10-da5b-4d81-a958-3ab98d1b85d6"><testcase classname="backend.tests.test_iter77_qr_bind_port.TestBindPort" name="test_404_unknown_cto" time="0.682" /><testcase classname="backend.tests.test_iter77_qr_bind_port.TestBindPort" name="test_404_unknown_port" time="0.892" /><testcase classname="backend.tests.test_iter77_qr_bind_port.TestBindPort" name="test_409_cto_not_approved" time="0.457" /><testcase classname="backend.tests.test_iter77_qr_bind_port.TestBindPort" name="test_bind_success_creates_ticket_and_history" time="0.314" /><testcase classname="backend.tests.test_iter77_qr_bind_port.TestBindPort" name="test_409_port_already_used" time="0.125" /><testcase classname="backend.tests.test_iter77_qr_bind_port.TestBindPort" name="test_ticket_persisted_with_source_rede_ia_qr" time="0.316"><skipped type="pytest.skip" message="Could not locate ticket listing endpoint to verify persistence">/app/backend/tests/test_iter77_qr_bind_port.py:220: Could not locate ticket listing endpoint to verify persistence</skipped></testcase><testcase classname="backend.tests.test_iter77_qr_bind_port.TestQrScanRegression" name="test_qrcode_info_and_scan_roundtrip" time="0.205" /><testcase classname="backend.tests.test_iter77_qr_bind_port.TestQrScanRegression" name="test_scan_invalid_token" time="0.109" /><testcase classname="backend.tests.test_iter77_qr_bind_port.TestRedeIaRegression" name="test_ctos_list" time="0.124" /><testcase classname="backend.tests.test_iter77_qr_bind_port.TestRedeIaRegression" name="test_bairros_list" time="0.099" /><testcase classname="backend.tests.test_iter77_qr_bind_port.TestRedeIaRegression" name="test_pendencies_has_smartolt_hints_field" time="0.095" /><testcase classname="backend.tests.test_iter77_qr_bind_port.TestRedeIaRegression" name="test_analyze_llm" time="44.105" /><testcase classname="backend.tests.test_iter77_qr_bind_port.TestConnectionsGetOnly" name="test_connections_get" time="0.392"><failure message="AssertionError: unexpected: 401 {&quot;detail&quot;:&quot;Não autenticado&quot;}&#10;assert 401 in (200, 404)&#10; +  where 401 = &lt;Response [401]&gt;.status_code">backend/tests/test_iter77_qr_bind_port.py:280: in test_connections_get
    assert r.status_code in (200, 404), f"unexpected: {r.status_code} {r.text[:200]}"
E   AssertionError: unexpected: 401 {"detail":"Não autenticado"}
E   assert 401 in (200, 404)
E    +  where 401 = &lt;Response [401]&gt;.status_code</failure></testcase></testsuite></testsuites>