<?xml version="1.0" encoding="utf-8"?><testsuites name="pytest tests"><testsuite name="pytest" errors="0" failures="0" skipped="0" tests="8" time="8.148" timestamp="2026-06-05T18:06:03.864788+00:00" hostname="agent-env-43695c10-da5b-4d81-a958-3ab98d1b85d6"><testcase classname="test_lousa_tv_rompimento.TestLousaTvLink" name="test_tv_link_get_returns_token" time="0.504" /><testcase classname="test_lousa_tv_rompimento.TestLousaTvLink" name="test_tv_link_rotate_generates_new_token" time="0.071" /><testcase classname="test_lousa_tv_rompimento.TestLousaTvLink" name="test_public_tv_grid_no_auth_works" time="0.483" /><testcase classname="test_lousa_tv_rompimento.TestLousaTvLink" name="test_public_tv_grid_invalid_token_404" time="0.113" /><testcase classname="test_lousa_tv_rompimento.TestRompimentoParsePreview" name="test_parse_preview_short_text_400" time="0.123" /><testcase classname="test_lousa_tv_rompimento.TestRompimentoParsePreview" name="test_parse_preview_valid_text_returns_items" time="2.994" /><testcase classname="test_lousa_tv_rompimento.TestRompimentoTicketCreation" name="test_create_ticket_type_rompimento" time="0.238" /><testcase classname="test_lousa_tv_rompimento.TestRompimentoTicketCreation" name="test_open_and_finalize_rompimento" time="3.596" /></testsuite></testsuites>