<?xml version="1.0" encoding="utf-8"?><testsuites name="pytest tests"><testsuite name="pytest" errors="0" failures="0" skipped="0" tests="20" time="7.340" timestamp="2026-05-09T02:07:48.051331+00:00" hostname="agent-env-43695c10-da5b-4d81-a958-3ab98d1b85d6"><testcase classname="backend.tests.test_iteration3_sla_logs_nota" name="test_regression_login_admin" time="0.380" /><testcase classname="backend.tests.test_iteration3_sla_logs_nota" name="test_regression_login_gestor" time="0.298" /><testcase classname="backend.tests.test_iteration3_sla_logs_nota" name="test_settings_has_new_sla_fields" time="0.076" /><testcase classname="backend.tests.test_iteration3_sla_logs_nota" name="test_settings_put_updates_new_fields" time="0.223" /><testcase classname="backend.tests.test_iteration3_sla_logs_nota" name="test_grid_returns_groups_and_sla" time="0.669" /><testcase classname="backend.tests.test_iteration3_sla_logs_nota" name="test_sla_status_na_when_pending" time="0.314" /><testcase classname="backend.tests.test_iteration3_sla_logs_nota" name="test_sla_status_overdue_when_opened_long_ago" time="0.311" /><testcase classname="backend.tests.test_iteration3_sla_logs_nota" name="test_sla_status_warning_when_above_pct" time="0.284" /><testcase classname="backend.tests.test_iteration3_sla_logs_nota" name="test_log_action_criada" time="0.285" /><testcase classname="backend.tests.test_iteration3_sla_logs_nota" name="test_log_action_aberta_via_public" time="0.490" /><testcase classname="backend.tests.test_iteration3_sla_logs_nota" name="test_log_action_finalizada" time="0.508" /><testcase classname="backend.tests.test_iteration3_sla_logs_nota" name="test_log_action_encerrar" time="0.359" /><testcase classname="backend.tests.test_iteration3_sla_logs_nota" name="test_log_action_transferida_with_origin_destination" time="0.492" /><testcase classname="backend.tests.test_iteration3_sla_logs_nota" name="test_logs_endpoint_sorted_desc" time="0.080" /><testcase classname="backend.tests.test_iteration3_sla_logs_nota" name="test_collaborator_accepts_praca_id_NOTA" time="0.141" /><testcase classname="backend.tests.test_iteration3_sla_logs_nota" name="test_clock_record_NOTA_dynamic_fence_inside" time="0.609" /><testcase classname="backend.tests.test_iteration3_sla_logs_nota" name="test_clock_record_NOTA_blocked_when_no_open_ticket" time="1.031" /><testcase classname="backend.tests.test_iteration3_sla_logs_nota" name="test_regression_lousa_all" time="0.074" /><testcase classname="backend.tests.test_iteration3_sla_logs_nota" name="test_regression_notifications" time="0.070" /><testcase classname="backend.tests.test_iteration3_sla_logs_nota" name="test_regression_lousa_me_for_colab" time="0.550" /></testsuite></testsuites>