<?xml version="1.0" encoding="utf-8"?><testsuites name="pytest tests"><testsuite name="pytest" errors="0" failures="0" skipped="0" tests="21" time="28.880" timestamp="2026-06-07T21:41:46.823120+00:00" hostname="agent-env-43695c10-da5b-4d81-a958-3ab98d1b85d6"><testcase classname="test_iter219_leo_presidente" name="test_new_tools_in_spec_extra" time="0.000" /><testcase classname="test_iter219_leo_presidente" name="test_new_tools_in_func_extra" time="0.000" /><testcase classname="test_iter219_leo_presidente" name="test_new_tools_visible_in_secretaria_tools_spec" time="0.000" /><testcase classname="test_iter219_leo_presidente" name="test_corporate_health_shape" time="0.019" /><testcase classname="test_iter219_leo_presidente" name="test_top_risks_shape" time="0.019" /><testcase classname="test_iter219_leo_presidente" name="test_top_opportunities_shape" time="0.008" /><testcase classname="test_iter219_leo_presidente" name="test_clients_at_risk_shape" time="0.009" /><testcase classname="test_iter219_leo_presidente" name="test_presidente_scan_shape" time="0.042" /><testcase classname="test_iter219_leo_presidente" name="test_is_manager_phone_presidente_briefing_phone" time="0.006" /><testcase classname="test_iter219_leo_presidente" name="test_system_prompt_mentions_presidente_and_leo" time="0.000" /><testcase classname="test_iter219_leo_presidente" name="test_ask_saude_da_empresa" time="8.255" /><testcase classname="test_iter219_leo_presidente" name="test_ask_riscos_hoje" time="2.507" /><testcase classname="test_iter219_leo_presidente" name="test_ask_oportunidade_receita" time="4.741" /><testcase classname="test_iter219_leo_presidente" name="test_ask_churn_clientes_em_risco" time="4.578" /><testcase classname="test_iter219_leo_presidente" name="test_secretaria_log_persisted" time="6.067" /><testcase classname="test_iter219_leo_presidente" name="test_regression_whatsapp_activity_summary" time="0.005" /><testcase classname="test_iter219_leo_presidente" name="test_regression_revenue_summary" time="0.070" /><testcase classname="test_iter219_leo_presidente" name="test_regression_list_olts" time="0.001" /><testcase classname="test_iter219_leo_presidente" name="test_regression_smartolt_status" time="0.008" /><testcase classname="test_iter219_leo_presidente" name="test_briefing_settings_put" time="0.724" /><testcase classname="test_iter219_leo_presidente" name="test_briefing_preview" time="0.175" /></testsuite></testsuites>