<?xml version="1.0" encoding="utf-8"?><testsuites name="pytest tests"><testsuite name="pytest" errors="0" failures="0" skipped="0" tests="12" time="1.369" timestamp="2026-05-28T14:19:19.101222+00:00" hostname="agent-env-43695c10-da5b-4d81-a958-3ab98d1b85d6"><testcase classname="test_iter147_cadastro_rede_wizard.TestSuggestName" name="test_suggest_cto" time="0.201" /><testcase classname="test_iter147_cadastro_rede_wizard.TestSuggestName" name="test_suggest_ce" time="0.060" /><testcase classname="test_iter147_cadastro_rede_wizard.TestSuggestName" name="test_suggest_cabo" time="0.050" /><testcase classname="test_iter147_cadastro_rede_wizard.TestListElements" name="test_list_returns_items" time="0.065" /><testcase classname="test_iter147_cadastro_rede_wizard.TestCreateElements" name="test_create_cto" time="0.185" /><testcase classname="test_iter147_cadastro_rede_wizard.TestCreateElements" name="test_create_ce_with_bandejas" time="0.112" /><testcase classname="test_iter147_cadastro_rede_wizard.TestCreateElements" name="test_ce_without_bandejas_fails" time="0.052" /><testcase classname="test_iter147_cadastro_rede_wizard.TestCreateElements" name="test_create_cabo" time="0.177" /><testcase classname="test_iter147_cadastro_rede_wizard.TestCreateElements" name="test_cabo_without_from_to_fails" time="0.050" /><testcase classname="test_iter147_cadastro_rede_wizard.TestCreateElements" name="test_cabo_invalid_fibras_fails" time="0.110" /><testcase classname="test_iter147_cadastro_rede_wizard.TestCreateElements" name="test_cabo_same_origin_destination_fails" time="0.108" /><testcase classname="test_iter147_cadastro_rede_wizard.TestIndependentNumbering" name="test_cto_ce_cabo_numbering_independent" time="0.151" /></testsuite></testsuites>