<?xml version="1.0" encoding="utf-8"?><testsuites name="pytest tests"><testsuite name="pytest" errors="0" failures="0" skipped="0" tests="15" time="5.440" timestamp="2026-05-10T20:37:37.885376+00:00" hostname="agent-env-43695c10-da5b-4d81-a958-3ab98d1b85d6"><testcase classname="backend.tests.test_iter43_central_ia.TestCentralIaKpis" name="test_kpis_default_7d" time="0.241" /><testcase classname="backend.tests.test_iter43_central_ia.TestCentralIaKpis" name="test_kpis_30d_param" time="0.004" /><testcase classname="backend.tests.test_iter43_central_ia.TestCentralIaKpis" name="test_kpis_invalid_days" time="0.003" /><testcase classname="backend.tests.test_iter43_central_ia.TestCentralIaKpis" name="test_kpis_requires_auth" time="0.002" /><testcase classname="backend.tests.test_iter43_central_ia.TestCentralIaAttendants" name="test_attendants_ranking" time="0.003" /><testcase classname="backend.tests.test_iter43_central_ia.TestCentralIaIntents" name="test_intents" time="0.003" /><testcase classname="backend.tests.test_iter43_central_ia.TestCentralIaAlerts" name="test_alerts" time="0.005" /><testcase classname="backend.tests.test_iter43_central_ia.TestCentralIaEvaluations" name="test_list_evaluations" time="0.004" /><testcase classname="backend.tests.test_iter43_central_ia.TestCentralIaEvaluations" name="test_evaluate_now_short_conversation_returns_400" time="0.004" /><testcase classname="backend.tests.test_iter43_central_ia.TestCentralIaEvaluations" name="test_evaluate_now_real_phone" time="1.461" /><testcase classname="backend.tests.test_iter43_central_ia.TestCentralIaSummary" name="test_summary" time="0.005" /><testcase classname="backend.tests.test_iter43_central_ia.TestRegression" name="test_qr" time="0.027" /><testcase classname="backend.tests.test_iter43_central_ia.TestRegression" name="test_conversations" time="0.007" /><testcase classname="backend.tests.test_iter43_central_ia.TestRegression" name="test_voice_sessions_start" time="2.306" /><testcase classname="backend.tests.test_iter43_central_ia.TestRegression" name="test_aihub_text_gen" time="1.317" /></testsuite></testsuites>