<?xml version="1.0" encoding="utf-8"?><testsuites name="pytest tests"><testsuite name="pytest" errors="0" failures="0" skipped="0" tests="12" time="4.416" timestamp="2026-05-09T07:00:41.386134+00:00" hostname="agent-env-43695c10-da5b-4d81-a958-3ab98d1b85d6"><testcase classname="tests.test_iteration14_lousa_grid_historical.TestLousaGridDefault" name="test_no_params_returns_historical_false" time="2.939" /><testcase classname="tests.test_iteration14_lousa_grid_historical.TestLousaGridDefault" name="test_no_params_tickets_not_locked" time="0.112" /><testcase classname="tests.test_iteration14_lousa_grid_historical.TestLousaGridHistorical" name="test_day_range_returns_historical_true" time="0.174" /><testcase classname="tests.test_iteration14_lousa_grid_historical.TestLousaGridHistorical" name="test_day_range_tickets_locked_and_historical" time="0.197" /><testcase classname="tests.test_iteration14_lousa_grid_historical.TestLousaGridHistorical" name="test_week_range" time="0.165" /><testcase classname="tests.test_iteration14_lousa_grid_historical.TestLousaGridHistorical" name="test_month_range" time="0.179" /><testcase classname="tests.test_iteration14_lousa_grid_historical.TestLousaGridHistorical" name="test_no_auth_returns_401_or_403" time="0.100" /><testcase classname="tests.test_iteration14_lousa_grid_historical.TestLousaByCollaboratorMirror" name="test_endpoint_is_public_no_auth" time="0.102" /><testcase classname="tests.test_iteration14_lousa_grid_historical.TestLousaByCollaboratorMirror" name="test_response_shape" time="0.105" /><testcase classname="tests.test_iteration14_lousa_grid_historical.TestLousaByCollaboratorMirror" name="test_tickets_only_active_status" time="0.105" /><testcase classname="tests.test_iteration14_lousa_grid_historical.TestLousaByCollaboratorMirror" name="test_recent_resolved_separate_array" time="0.097" /><testcase classname="tests.test_iteration14_lousa_grid_historical.TestServerTime" name="test_server_time_endpoint_works" time="0.097" /></testsuite></testsuites>