<?xml version="1.0" encoding="utf-8"?><testsuites name="pytest tests"><testsuite name="pytest" errors="0" failures="0" skipped="0" tests="17" time="42.085" timestamp="2026-05-09T10:10:30.167688+00:00" hostname="agent-env-43695c10-da5b-4d81-a958-3ab98d1b85d6"><testcase classname="tests.test_iteration22_atlaz_seconds_lousa_redirect.TestSyncIntervalSecondsField" name="test_get_settings_has_sync_interval_seconds" time="0.539" /><testcase classname="tests.test_iteration22_atlaz_seconds_lousa_redirect.TestSyncIntervalSecondsField" name="test_put_sync_interval_seconds_valid" time="0.411" /><testcase classname="tests.test_iteration22_atlaz_seconds_lousa_redirect.TestSyncIntervalSecondsField" name="test_put_sync_interval_seconds_invalid_returns_422[5]" time="0.204" /><testcase classname="tests.test_iteration22_atlaz_seconds_lousa_redirect.TestSyncIntervalSecondsField" name="test_put_sync_interval_seconds_invalid_returns_422[9]" time="0.214" /><testcase classname="tests.test_iteration22_atlaz_seconds_lousa_redirect.TestSyncIntervalSecondsField" name="test_put_sync_interval_seconds_invalid_returns_422[0]" time="0.231" /><testcase classname="tests.test_iteration22_atlaz_seconds_lousa_redirect.TestSyncIntervalSecondsField" name="test_put_sync_interval_seconds_invalid_returns_422[-1]" time="0.211" /><testcase classname="tests.test_iteration22_atlaz_seconds_lousa_redirect.TestSyncIntervalSecondsField" name="test_put_sync_interval_seconds_invalid_returns_422[99999]" time="0.210" /><testcase classname="tests.test_iteration22_atlaz_seconds_lousa_redirect.TestSyncIntervalSecondsField" name="test_put_sync_interval_seconds_invalid_returns_422[100000]" time="0.206" /><testcase classname="tests.test_iteration22_atlaz_seconds_lousa_redirect.TestSyncIntervalSecondsField" name="test_put_boundary_values" time="0.474" /><testcase classname="tests.test_iteration22_atlaz_seconds_lousa_redirect.TestSyncIntervalSecondsField" name="test_tenant_domain_persisted_demo" time="0.116" /><testcase classname="tests.test_iteration22_atlaz_seconds_lousa_redirect.TestWorkerSecondsPrecedence" name="test_worker_uses_seconds_precedence" time="35.610" /><testcase classname="tests.test_iteration22_atlaz_seconds_lousa_redirect.TestRegressionEndpoints" name="test_test_connection" time="1.059" /><testcase classname="tests.test_iteration22_atlaz_seconds_lousa_redirect.TestRegressionEndpoints" name="test_sync_now" time="0.828" /><testcase classname="tests.test_iteration22_atlaz_seconds_lousa_redirect.TestRegressionEndpoints" name="test_sync_technicians" time="1.004" /><testcase classname="tests.test_iteration22_atlaz_seconds_lousa_redirect.TestRegressionEndpoints" name="test_sync_logs" time="0.104" /><testcase classname="tests.test_iteration22_atlaz_seconds_lousa_redirect.TestRegressionEndpoints" name="test_lousa_grid" time="0.100" /><testcase classname="tests.test_iteration22_atlaz_seconds_lousa_redirect.TestRegressionEndpoints" name="test_lousa_public_reorder_exists" time="0.529" /></testsuite></testsuites>