<?xml version="1.0" encoding="utf-8"?><testsuites name="pytest tests"><testsuite name="pytest" errors="0" failures="0" skipped="0" tests="14" time="2.386" timestamp="2026-05-09T06:27:35.651739+00:00" hostname="agent-env-43695c10-da5b-4d81-a958-3ab98d1b85d6"><testcase classname="backend.tests.test_iteration12_lousa_history.TestHistoryDay" name="test_day_today_returns_200_and_shape" time="0.603" /><testcase classname="backend.tests.test_iteration12_lousa_history.TestHistoryDay" name="test_day_item_fields" time="0.113" /><testcase classname="backend.tests.test_iteration12_lousa_history.TestHistoryDay" name="test_summary_fields" time="0.123" /><testcase classname="backend.tests.test_iteration12_lousa_history.TestHistoryMonth" name="test_month_covers_full_month" time="0.144" /><testcase classname="backend.tests.test_iteration12_lousa_history.TestHistoryMonth" name="test_month_december_rollover" time="0.123" /><testcase classname="backend.tests.test_iteration12_lousa_history.TestHistoryYear" name="test_year_covers_full_year" time="0.118" /><testcase classname="backend.tests.test_iteration12_lousa_history.TestHistoryRange" name="test_range_missing_params_returns_400" time="0.112" /><testcase classname="backend.tests.test_iteration12_lousa_history.TestHistoryRange" name="test_range_missing_both_returns_400" time="0.142" /><testcase classname="backend.tests.test_iteration12_lousa_history.TestHistoryRange" name="test_range_with_both_works" time="0.102" /><testcase classname="backend.tests.test_iteration12_lousa_history.TestHistoryFilters" name="test_status_filter_limits_results" time="0.117" /><testcase classname="backend.tests.test_iteration12_lousa_history.TestHistoryFilters" name="test_type_filter_alias" time="0.154" /><testcase classname="backend.tests.test_iteration12_lousa_history.TestHistoryFilters" name="test_collaborator_filter" time="0.273" /><testcase classname="backend.tests.test_iteration12_lousa_history.TestHistoryAuth" name="test_no_auth_returns_401_or_403" time="0.116" /><testcase classname="backend.tests.test_iteration12_lousa_history.TestHistoryAuth" name="test_bad_token_rejected" time="0.102" /></testsuite></testsuites>