<?xml version="1.0" encoding="utf-8"?><testsuites name="pytest tests"><testsuite name="pytest" errors="0" failures="0" skipped="0" tests="4" time="2.996" timestamp="2026-06-07T19:30:39.388438+00:00" hostname="agent-env-43695c10-da5b-4d81-a958-3ab98d1b85d6"><testcase classname="test_diagnostic_report" name="test_requires_auth" time="0.477" /><testcase classname="test_diagnostic_report" name="test_returns_16_sections_and_meta" time="1.168" /><testcase classname="test_diagnostic_report" name="test_days_parameter_reflected" time="0.679" /><testcase classname="test_diagnostic_report" name="test_section_shapes" time="0.634" /></testsuite></testsuites>