<?xml version="1.0" encoding="utf-8"?><testsuites name="pytest tests"><testsuite name="pytest" errors="0" failures="0" skipped="0" tests="3" time="3.399" timestamp="2026-05-13T04:14:16.416098+00:00" hostname="agent-env-43695c10-da5b-4d81-a958-3ab98d1b85d6"><testcase classname="backend.tests.test_wa_ai_health.TestAiHealthEndpoint" name="test_ai_health_returns_valid_shape" time="0.566" /><testcase classname="backend.tests.test_wa_ai_health.TestSilentFailurePersistence" name="test_inbound_persists_failed_outbound" time="2.299" /><testcase classname="backend.tests.test_wa_ai_health.TestAutoReplyToggle" name="test_put_auto_reply_enabled_then_health_then_revert" time="0.507" /></testsuite></testsuites>