<?xml version="1.0" encoding="utf-8"?><testsuites name="pytest tests"><testsuite name="pytest" errors="0" failures="0" skipped="0" tests="7" time="2.334" timestamp="2026-05-11T00:11:07.622397+00:00" hostname="agent-env-43695c10-da5b-4d81-a958-3ab98d1b85d6"><testcase classname="backend.tests.test_iter51_whatsapp_delivery_status" name="test_sidecar_connected" time="0.580" /><testcase classname="backend.tests.test_iter51_whatsapp_delivery_status" name="test_send_to_own_number_returns_502" time="0.083" /><testcase classname="backend.tests.test_iter51_whatsapp_delivery_status" name="test_own_number_persists_failed_doc" time="0.646" /><testcase classname="backend.tests.test_iter51_whatsapp_delivery_status" name="test_send_to_valid_other_number" time="0.155" /><testcase classname="backend.tests.test_iter51_whatsapp_delivery_status" name="test_other_number_persists_with_delivery_status" time="0.719" /><testcase classname="backend.tests.test_iter51_whatsapp_delivery_status" name="test_send_empty_text_returns_422" time="0.060" /><testcase classname="backend.tests.test_iter51_whatsapp_delivery_status" name="test_send_short_phone_returns_422" time="0.061" /></testsuite></testsuites>