<?xml version="1.0" encoding="utf-8"?><testsuites name="pytest tests"><testsuite name="pytest" errors="0" failures="0" skipped="0" tests="14" time="6.872" timestamp="2026-05-09T02:51:19.278522+00:00" hostname="agent-env-43695c10-da5b-4d81-a958-3ab98d1b85d6"><testcase classname="backend.tests.test_iteration4_lousa_grid_fixed_slots.TestSettingsLousaGrid" name="test_put_lousa_grid_settings" time="0.464" /><testcase classname="backend.tests.test_iteration4_lousa_grid_fixed_slots.TestSettingsLousaGrid" name="test_get_settings_persists_grid" time="0.115" /><testcase classname="backend.tests.test_iteration4_lousa_grid_fixed_slots.TestGridFormat" name="test_grid_returns_fixed_slots_block" time="0.583" /><testcase classname="backend.tests.test_iteration4_lousa_grid_fixed_slots.TestGridFormat" name="test_each_column_has_slots_and_unscheduled" time="0.981" /><testcase classname="backend.tests.test_iteration4_lousa_grid_fixed_slots.TestSlotAssignment" name="test_horario_0930_falls_in_0900" time="0.358" /><testcase classname="backend.tests.test_iteration4_lousa_grid_fixed_slots.TestSlotAssignment" name="test_normal_without_scheduled_falls_in_unscheduled" time="0.323" /><testcase classname="backend.tests.test_iteration4_lousa_grid_fixed_slots.TestTransferGridSlot" name="test_transfer_only_grid_slot_keeps_collaborator" time="0.410" /><testcase classname="backend.tests.test_iteration4_lousa_grid_fixed_slots.TestTransferGridSlot" name="test_transfer_with_collaborator_and_slot" time="0.570" /><testcase classname="backend.tests.test_iteration4_lousa_grid_fixed_slots.TestTransferGridSlot" name="test_slot_full_returns_409" time="0.999" /><testcase classname="backend.tests.test_iteration4_lousa_grid_fixed_slots.TestTransferGridSlot" name="test_sem_horario_no_capacity_limit" time="0.906" /><testcase classname="backend.tests.test_iteration4_lousa_grid_fixed_slots.TestSlotMinutes30" name="test_30min_slots_returns_20_slots" time="0.357" /><testcase classname="backend.tests.test_iteration4_lousa_grid_fixed_slots.TestRegression" name="test_lousa_logs_endpoint" time="0.102" /><testcase classname="backend.tests.test_iteration4_lousa_grid_fixed_slots.TestRegression" name="test_admin_close_still_works" time="0.296" /><testcase classname="backend.tests.test_iteration4_lousa_grid_fixed_slots.TestRegression" name="test_lousa_all_works" time="0.362" /></testsuite></testsuites>