<?xml version="1.0" encoding="utf-8"?><testsuites name="pytest tests"><testsuite name="pytest" errors="0" failures="0" skipped="0" tests="14" time="4.518" timestamp="2026-05-10T23:25:21.342942+00:00" hostname="agent-env-43695c10-da5b-4d81-a958-3ab98d1b85d6"><testcase classname="backend.tests.test_iter49_sla_lousa_aievals.TestAIEvaluationsSummary" name="test_endpoint_returns_required_envelope" time="0.471" /><testcase classname="backend.tests.test_iter49_sla_lousa_aievals.TestAIEvaluationsSummary" name="test_ai_only_has_all_kpi_fields" time="0.155" /><testcase classname="backend.tests.test_iter49_sla_lousa_aievals.TestAIEvaluationsSummary" name="test_human_block_has_same_shape" time="0.113" /><testcase classname="backend.tests.test_iter49_sla_lousa_aievals.TestAIEvaluationsSummary" name="test_ai_only_known_values" time="0.299" /><testcase classname="backend.tests.test_iter49_sla_lousa_aievals.TestAIEvaluationsSummary" name="test_nps_formula_consistency" time="0.117" /><testcase classname="backend.tests.test_iter49_sla_lousa_aievals.TestAIEvaluationsSummary" name="test_requires_auth" time="0.107" /><testcase classname="backend.tests.test_iter49_sla_lousa_aievals.TestSLAAlerts" name="test_alerts_endpoint_responds" time="0.111" /><testcase classname="backend.tests.test_iter49_sla_lousa_aievals.TestSLAAlerts" name="test_alert_items_well_formed" time="0.110" /><testcase classname="backend.tests.test_iter49_sla_lousa_aievals.TestSLAAlerts" name="test_sla_alert_kinds_are_allowed" time="0.112" /><testcase classname="backend.tests.test_iter49_sla_lousa_aievals.TestLousaDateFilterAndReschedule" name="test_today_ticket_appears_in_collaborator_lousa" time="0.362" /><testcase classname="backend.tests.test_iter49_sla_lousa_aievals.TestLousaDateFilterAndReschedule" name="test_tomorrow_ticket_filtered_out" time="0.308" /><testcase classname="backend.tests.test_iter49_sla_lousa_aievals.TestLousaDateFilterAndReschedule" name="test_reagendar_keeps_pendente_and_moves_to_new_day" time="0.852" /><testcase classname="backend.tests.test_iter49_sla_lousa_aievals.TestLousaDateFilterAndReschedule" name="test_cancelar_marks_cancelada" time="0.585" /><testcase classname="backend.tests.test_iter49_sla_lousa_aievals.TestLousaDateFilterAndReschedule" name="test_encerrar_marks_encerrada" time="0.765" /></testsuite></testsuites>