<?xml version="1.0" encoding="utf-8"?><testsuites name="pytest tests"><testsuite name="pytest" errors="0" failures="0" skipped="0" tests="7" time="17.762" timestamp="2026-05-13T05:04:51.820780+00:00" hostname="agent-env-43695c10-da5b-4d81-a958-3ab98d1b85d6"><testcase classname="backend.tests.test_iter59_routing_stats" name="test_ai_health_endpoint" time="0.488" /><testcase classname="backend.tests.test_iter59_routing_stats" name="test_auto_reply_state" time="0.107" /><testcase classname="backend.tests.test_iter59_routing_stats" name="test_conversations_list" time="0.156" /><testcase classname="backend.tests.test_iter59_routing_stats" name="test_aihub_agents_isabella" time="0.131" /><testcase classname="backend.tests.test_iter59_routing_stats" name="test_routing_stats_schema" time="0.146" /><testcase classname="backend.tests.test_iter59_routing_stats" name="test_routing_stats_24h" time="0.208" /><testcase classname="backend.tests.test_iter59_routing_stats" name="test_isabella_replies_inbound" time="16.506" /></testsuite></testsuites>