<?xml version="1.0" encoding="utf-8"?><testsuites name="pytest tests"><testsuite name="pytest" errors="0" failures="0" skipped="0" tests="9" time="5.914" timestamp="2026-05-10T19:26:42.295947+00:00" hostname="agent-env-43695c10-da5b-4d81-a958-3ab98d1b85d6"><testcase classname="backend.tests.test_iter39_textgen_lousa.TestTextGen" name="test_textgen_gerar_company_info" time="2.169" /><testcase classname="backend.tests.test_iter39_textgen_lousa.TestTextGen" name="test_textgen_aprimorar_with_text" time="1.416" /><testcase classname="backend.tests.test_iter39_textgen_lousa.TestTextGen" name="test_textgen_aprimorar_empty_returns_400" time="0.120" /><testcase classname="backend.tests.test_iter39_textgen_lousa.TestScheduleLousa" name="test_schedule_creates_ticket" time="0.205" /><testcase classname="backend.tests.test_iter39_textgen_lousa.TestScheduleLousa" name="test_ticket_visible_in_lousa_list" time="0.281" /><testcase classname="backend.tests.test_iter39_textgen_lousa.TestAgentNewFields" name="test_create_agent_with_new_fields" time="0.399" /><testcase classname="backend.tests.test_iter39_textgen_lousa.TestToolsCatalog" name="test_schedule_lousa_in_catalog" time="0.105" /><testcase classname="backend.tests.test_iter39_textgen_lousa.TestRegression" name="test_voice_session_start" time="1.054" /><testcase classname="backend.tests.test_iter39_textgen_lousa.TestRegression" name="test_status_summary_keys" time="0.122" /></testsuite></testsuites>