<?xml version="1.0" encoding="utf-8"?><testsuites name="pytest tests"><testsuite name="pytest" errors="0" failures="0" skipped="0" tests="7" time="5.288" timestamp="2026-05-10T19:41:06.373117+00:00" hostname="agent-env-43695c10-da5b-4d81-a958-3ab98d1b85d6"><testcase classname="backend.tests.test_iter40_whatsapp_baileys.TestWhatsAppBaileys" name="test_qr_returns_png_data_url" time="0.603" /><testcase classname="backend.tests.test_iter40_whatsapp_baileys.TestWhatsAppBaileys" name="test_status" time="0.165" /><testcase classname="backend.tests.test_iter40_whatsapp_baileys.TestWhatsAppBaileys" name="test_send_not_connected_returns_503" time="0.155" /><testcase classname="backend.tests.test_iter40_whatsapp_baileys.TestWhatsAppBaileys" name="test_inbound_webhook_and_messages" time="0.237" /><testcase classname="backend.tests.test_iter40_whatsapp_baileys.TestRegression" name="test_voice_session_start" time="2.336" /><testcase classname="backend.tests.test_iter40_whatsapp_baileys.TestRegression" name="test_textgen" time="1.646" /><testcase classname="backend.tests.test_iter40_whatsapp_baileys.TestRegression" name="test_schedule_lousa_ticket" time="0.116" /></testsuite></testsuites>