<?xml version="1.0" encoding="utf-8"?><testsuites name="pytest tests"><testsuite name="pytest" errors="0" failures="0" skipped="2" tests="15" time="13.860" timestamp="2026-06-07T22:02:38.583398+00:00" hostname="agent-env-43695c10-da5b-4d81-a958-3ab98d1b85d6"><testcase classname="test_iter219c_leo_exec" name="test_system_prompt_confirmation_rules" time="0.000" /><testcase classname="test_iter219c_leo_exec" name="test_exec_tools_in_spec_extra" time="0.000" /><testcase classname="test_iter219c_leo_exec" name="test_exec_tools_in_func_extra" time="0.000" /><testcase classname="test_iter219c_leo_exec" name="test_exec_tools_visible_in_final_TOOLS_SPEC" time="0.000" /><testcase classname="test_iter219c_leo_exec" name="test_exec_pause_promo_delegates" time="0.001" /><testcase classname="test_iter219c_leo_exec" name="test_history_persisted_and_capped_to_6" time="0.011" /><testcase classname="test_iter219c_leo_exec" name="test_e2e_turno1_proposta_e_turno2_sim" time="7.789" /><testcase classname="test_iter219c_leo_exec" name="test_e2e_turno2_nao_cancela" time="4.176" /><testcase classname="test_iter219c_leo_exec" name="test_regression_corporate_health" time="0.016" /><testcase classname="test_iter219c_leo_exec" name="test_regression_top_risks" time="0.020" /><testcase classname="test_iter219c_leo_exec" name="test_regression_top_opportunities" time="0.014" /><testcase classname="test_iter219c_leo_exec" name="test_regression_clients_at_risk" time="0.010" /><testcase classname="test_iter219c_leo_exec" name="test_regression_presidente_scan" time="0.042" /><testcase classname="test_iter219c_leo_exec" name="test_regression_presidente_dashboard" time="0.000"><skipped type="pytest.skip" message="REACT_APP_BACKEND_URL não configurado">/app/backend/tests/test_iter219c_leo_exec.py:318: REACT_APP_BACKEND_URL não configurado</skipped></testcase><testcase classname="test_iter219c_leo_exec" name="test_regression_presidente_conselho" time="0.000"><skipped type="pytest.skip" message="REACT_APP_BACKEND_URL não configurado">/app/backend/tests/test_iter219c_leo_exec.py:329: REACT_APP_BACKEND_URL não configurado</skipped></testcase></testsuite></testsuites>