<?xml version="1.0" encoding="utf-8"?><testsuites name="pytest tests"><testsuite name="pytest" errors="0" failures="0" skipped="0" tests="84" time="74.571" timestamp="2026-05-09T07:03:06.790555+00:00" hostname="agent-env-43695c10-da5b-4d81-a958-3ab98d1b85d6"><testcase classname="tests.test_iteration4_lousa_grid_fixed_slots.TestSettingsLousaGrid" name="test_put_lousa_grid_settings" time="0.455" /><testcase classname="tests.test_iteration4_lousa_grid_fixed_slots.TestSettingsLousaGrid" name="test_get_settings_persists_grid" time="0.102" /><testcase classname="tests.test_iteration4_lousa_grid_fixed_slots.TestGridFormat" name="test_grid_returns_fixed_slots_block" time="0.541" /><testcase classname="tests.test_iteration4_lousa_grid_fixed_slots.TestGridFormat" name="test_each_column_has_slots_and_unscheduled" time="2.319" /><testcase classname="tests.test_iteration4_lousa_grid_fixed_slots.TestSlotAssignment" name="test_horario_0930_falls_in_0900" time="2.235" /><testcase classname="tests.test_iteration4_lousa_grid_fixed_slots.TestSlotAssignment" name="test_normal_without_scheduled_falls_in_unscheduled" time="1.557" /><testcase classname="tests.test_iteration4_lousa_grid_fixed_slots.TestTransferGridSlot" name="test_transfer_only_grid_slot_keeps_collaborator" time="1.864" /><testcase classname="tests.test_iteration4_lousa_grid_fixed_slots.TestTransferGridSlot" name="test_transfer_with_collaborator_and_slot" time="1.664" /><testcase classname="tests.test_iteration4_lousa_grid_fixed_slots.TestTransferGridSlot" name="test_slot_full_returns_409" time="5.706" /><testcase classname="tests.test_iteration4_lousa_grid_fixed_slots.TestTransferGridSlot" name="test_sem_horario_no_capacity_limit" time="5.139" /><testcase classname="tests.test_iteration4_lousa_grid_fixed_slots.TestSlotMinutes30" name="test_30min_slots_returns_20_slots" time="0.351" /><testcase classname="tests.test_iteration4_lousa_grid_fixed_slots.TestRegression" name="test_lousa_logs_endpoint" time="0.113" /><testcase classname="tests.test_iteration4_lousa_grid_fixed_slots.TestRegression" name="test_admin_close_still_works" time="1.669" /><testcase classname="tests.test_iteration4_lousa_grid_fixed_slots.TestRegression" name="test_lousa_all_works" time="0.337" /><testcase classname="tests.test_iteration5_time_sync_admin_open_edit_types.TestServerTime" name="test_server_time_public_no_auth" time="0.444" /><testcase classname="tests.test_iteration5_time_sync_admin_open_edit_types.TestSettingsTimeSync" name="test_update_time_sync_settings" time="0.099" /><testcase classname="tests.test_iteration5_time_sync_admin_open_edit_types.TestSettingsTimeSync" name="test_server_time_reflects_settings" time="0.107" /><testcase classname="tests.test_iteration5_time_sync_admin_open_edit_types.TestClockRecordsTimeSync" name="test_drift_too_old_blocks_412" time="0.215" /><testcase classname="tests.test_iteration5_time_sync_admin_open_edit_types.TestClockRecordsTimeSync" name="test_no_client_time_ms_does_not_block" time="0.105" /><testcase classname="tests.test_iteration5_time_sync_admin_open_edit_types.TestClockRecordsTimeSync" name="test_drift_within_limit_passes" time="0.106" /><testcase classname="tests.test_iteration5_time_sync_admin_open_edit_types.TestClockRecordsTimeSync" name="test_drift_ignored_when_sync_disabled" time="0.333" /><testcase classname="tests.test_iteration5_time_sync_admin_open_edit_types.TestNewTicketTypes" name="test_create_with_new_types[prioridade]" time="2.084" /><testcase classname="tests.test_iteration5_time_sync_admin_open_edit_types.TestNewTicketTypes" name="test_create_with_new_types[preventiva]" time="1.705" /><testcase classname="tests.test_iteration5_time_sync_admin_open_edit_types.TestNewTicketTypes" name="test_create_with_new_types[venda]" time="2.273" /><testcase classname="tests.test_iteration5_time_sync_admin_open_edit_types.TestNewTicketTypes" name="test_create_invalid_type_returns_422" time="0.113" /><testcase classname="tests.test_iteration5_time_sync_admin_open_edit_types.TestAdminOpen" name="test_admin_open_pending_ticket" time="1.895" /><testcase classname="tests.test_iteration5_time_sync_admin_open_edit_types.TestAdminOpen" name="test_admin_open_already_open_returns_400" time="2.452" /><testcase classname="tests.test_iteration5_time_sync_admin_open_edit_types.TestEditTicket" name="test_patch_updates_client_snapshot_and_fields" time="1.953" /><testcase classname="tests.test_iteration5_time_sync_admin_open_edit_types.TestEditTicket" name="test_patch_finalized_ticket_returns_400" time="2.021" /><testcase classname="tests.test_iteration5_time_sync_admin_open_edit_types.TestEditTicket" name="test_patch_creates_editada_log" time="2.182" /><testcase classname="tests.test_iteration5_time_sync_admin_open_edit_types.TestGridSlaPerType" name="test_grid_uses_default_sla_for_preventiva_and_venda" time="4.008" /><testcase classname="tests.test_iteration5_time_sync_admin_open_edit_types.TestGridSlaPerType" name="test_grid_reflects_custom_sla_values" time="4.165" /><testcase classname="tests.test_iteration5_time_sync_admin_open_edit_types.TestRegression" name="test_lousa_all" time="0.120" /><testcase classname="tests.test_iteration5_time_sync_admin_open_edit_types.TestRegression" name="test_by_collaborator" time="0.105" /><testcase classname="tests.test_iteration5_time_sync_admin_open_edit_types.TestRegression" name="test_transfer_still_works" time="1.967" /><testcase classname="tests.test_iteration5_time_sync_admin_open_edit_types.TestRegression" name="test_admin_close_still_works" time="2.280" /><testcase classname="tests.test_iteration8_stats_ai_evaluate.TestLousaGridEnrichment" name="test_grid_returns_columns_with_new_fields" time="0.461" /><testcase classname="tests.test_iteration8_stats_ai_evaluate.TestLousaGridEnrichment" name="test_grid_recent_resolved_within_24h" time="0.121" /><testcase classname="tests.test_iteration8_stats_ai_evaluate.TestByCollaborator" name="test_by_collaborator_returns_last_close_fields" time="0.232" /><testcase classname="tests.test_iteration8_stats_ai_evaluate.TestLousaStats" name="test_stats_default_30d" time="0.108" /><testcase classname="tests.test_iteration8_stats_ai_evaluate.TestLousaStats" name="test_stats_supports_days_param" time="0.240" /><testcase classname="tests.test_iteration8_stats_ai_evaluate.TestLousaStats" name="test_stats_requires_auth" time="0.097" /><testcase classname="tests.test_iteration8_stats_ai_evaluate.TestAiEvaluate" name="test_ai_evaluate_returns_full_payload" time="0.395" /><testcase classname="tests.test_iteration8_stats_ai_evaluate.TestAiEvaluate" name="test_ai_evaluate_404_invalid_ticket" time="0.113" /><testcase classname="tests.test_iteration8_stats_ai_evaluate.TestAiEvaluate" name="test_ai_evaluate_creates_log" time="1.649" /><testcase classname="tests.test_iteration8_stats_ai_evaluate.TestAiEvaluate" name="test_ai_evaluate_requires_auth" time="0.226" /><testcase classname="tests.test_iteration9_briefing.TestBriefingAuth" name="test_no_auth_returns_401" time="0.105" /><testcase classname="tests.test_iteration9_briefing.TestBriefingDataOnly" name="test_use_ai_false_returns_summary_data" time="0.468" /><testcase classname="tests.test_iteration9_briefing.TestBriefingDataOnly" name="test_admin_role_can_access" time="0.454" /><testcase classname="tests.test_iteration9_briefing.TestBriefingLLM" name="test_use_ai_true_returns_narrative_or_falls_back" time="0.212" /><testcase classname="tests.test_iteration11_lousa_mgmt" name="test_management_kpis_shape" time="0.438" /><testcase classname="tests.test_iteration11_lousa_mgmt" name="test_management_insights" time="0.193" /><testcase classname="tests.test_iteration11_lousa_mgmt" name="test_admin_close_reschedule_with_date_time" time="2.127" /><testcase classname="tests.test_iteration11_lousa_mgmt" name="test_admin_close_creates_notification" time="2.345" /><testcase classname="tests.test_iteration11_lousa_mgmt" name="test_canceled_ticket_disappears_from_mobile" time="1.984" /><testcase classname="tests.test_iteration11_lousa_mgmt" name="test_rescheduled_ticket_disappears_from_mobile" time="1.833" /><testcase classname="tests.test_iteration11_lousa_mgmt" name="test_admin_open_logs_aberta_admin" time="1.866" /><testcase classname="tests.test_iteration11_lousa_mgmt" name="test_admin_close_requires_auth" time="0.106" /><testcase classname="tests.test_iteration12_lousa_history.TestHistoryDay" name="test_day_today_returns_200_and_shape" time="0.427" /><testcase classname="tests.test_iteration12_lousa_history.TestHistoryDay" name="test_day_item_fields" time="0.111" /><testcase classname="tests.test_iteration12_lousa_history.TestHistoryDay" name="test_summary_fields" time="0.108" /><testcase classname="tests.test_iteration12_lousa_history.TestHistoryMonth" name="test_month_covers_full_month" time="0.106" /><testcase classname="tests.test_iteration12_lousa_history.TestHistoryMonth" name="test_month_december_rollover" time="0.098" /><testcase classname="tests.test_iteration12_lousa_history.TestHistoryYear" name="test_year_covers_full_year" time="0.108" /><testcase classname="tests.test_iteration12_lousa_history.TestHistoryRange" name="test_range_missing_params_returns_400" time="0.094" /><testcase classname="tests.test_iteration12_lousa_history.TestHistoryRange" name="test_range_missing_both_returns_400" time="0.108" /><testcase classname="tests.test_iteration12_lousa_history.TestHistoryRange" name="test_range_with_both_works" time="0.096" /><testcase classname="tests.test_iteration12_lousa_history.TestHistoryFilters" name="test_status_filter_limits_results" time="0.100" /><testcase classname="tests.test_iteration12_lousa_history.TestHistoryFilters" name="test_type_filter_alias" time="0.115" /><testcase classname="tests.test_iteration12_lousa_history.TestHistoryFilters" name="test_collaborator_filter" time="0.210" /><testcase classname="tests.test_iteration12_lousa_history.TestHistoryAuth" name="test_no_auth_returns_401_or_403" time="0.102" /><testcase classname="tests.test_iteration12_lousa_history.TestHistoryAuth" name="test_bad_token_rejected" time="0.094" /><testcase classname="tests.test_iteration14_lousa_grid_historical.TestLousaGridDefault" name="test_no_params_returns_historical_false" time="0.492" /><testcase classname="tests.test_iteration14_lousa_grid_historical.TestLousaGridDefault" name="test_no_params_tickets_not_locked" time="0.133" /><testcase classname="tests.test_iteration14_lousa_grid_historical.TestLousaGridHistorical" name="test_day_range_returns_historical_true" time="0.205" /><testcase classname="tests.test_iteration14_lousa_grid_historical.TestLousaGridHistorical" name="test_day_range_tickets_locked_and_historical" time="0.202" /><testcase classname="tests.test_iteration14_lousa_grid_historical.TestLousaGridHistorical" name="test_week_range" time="0.191" /><testcase classname="tests.test_iteration14_lousa_grid_historical.TestLousaGridHistorical" name="test_month_range" time="0.193" /><testcase classname="tests.test_iteration14_lousa_grid_historical.TestLousaGridHistorical" name="test_no_auth_returns_401_or_403" time="0.109" /><testcase classname="tests.test_iteration14_lousa_grid_historical.TestLousaByCollaboratorMirror" name="test_endpoint_is_public_no_auth" time="0.099" /><testcase classname="tests.test_iteration14_lousa_grid_historical.TestLousaByCollaboratorMirror" name="test_response_shape" time="0.110" /><testcase classname="tests.test_iteration14_lousa_grid_historical.TestLousaByCollaboratorMirror" name="test_tickets_only_active_status" time="0.123" /><testcase classname="tests.test_iteration14_lousa_grid_historical.TestLousaByCollaboratorMirror" name="test_recent_resolved_separate_array" time="0.107" /><testcase classname="tests.test_iteration14_lousa_grid_historical.TestServerTime" name="test_server_time_endpoint_works" time="0.098" /></testsuite></testsuites>