<?xml version="1.0" encoding="utf-8"?><testsuites name="pytest tests"><testsuite name="pytest" errors="0" failures="0" skipped="0" tests="7" time="1.942" timestamp="2026-06-12T02:54:50.700667+00:00" hostname="agent-env-43695c10-da5b-4d81-a958-3ab98d1b85d6"><testcase classname="test_treasury_receipt_config" name="test_auth_required" time="0.779" /><testcase classname="test_treasury_receipt_config" name="test_get_default_template" time="0.138" /><testcase classname="test_treasury_receipt_config" name="test_put_custom_template" time="0.234" /><testcase classname="test_treasury_receipt_config" name="test_upload_pdf_ok" time="0.229" /><testcase classname="test_treasury_receipt_config" name="test_upload_invalid_type" time="0.121" /><testcase classname="test_treasury_receipt_config" name="test_preview_renders_placeholders" time="0.104" /><testcase classname="test_treasury_receipt_config" name="test_delete_pdf" time="0.292" /></testsuite></testsuites>