<?xml version="1.0" encoding="utf-8"?><testsuites name="pytest tests"><testsuite name="pytest" errors="0" failures="0" skipped="0" tests="19" time="3.182" timestamp="2026-05-27T17:42:46.214205+00:00" hostname="agent-env-43695c10-da5b-4d81-a958-3ab98d1b85d6"><testcase classname="test_stok_transfers.TestAuthGuard" name="test_no_token_returns_401_or_403" time="0.662" /><testcase classname="test_stok_transfers.TestAuthGuard" name="test_invalid_token_returns_401_or_403" time="0.228" /><testcase classname="test_stok_transfers.TestTechOnts" name="test_list_all" time="0.150" /><testcase classname="test_stok_transfers.TestTechOnts" name="test_group_novos" time="0.160" /><testcase classname="test_stok_transfers.TestTechOnts" name="test_group_retirados" time="0.147" /><testcase classname="test_stok_transfers.TestClientOnts" name="test_list_client_onts" time="0.111" /><testcase classname="test_stok_transfers.TestPreviewMac" name="test_preview_match_ok" time="0.104" /><testcase classname="test_stok_transfers.TestPreviewMac" name="test_preview_mismatch" time="0.153" /><testcase classname="test_stok_transfers.TestPreviewMac" name="test_preview_smartolt_ausente" time="0.118" /><testcase classname="test_stok_transfers.TestPreviewMac" name="test_preview_empty_mac" time="0.139" /><testcase classname="test_stok_transfers.TestPreviewMac" name="test_preview_service_not_found" time="0.107" /><testcase classname="test_stok_transfers.TestInstallMatch" name="test_install_match_moves_to_client" time="0.111" /><testcase classname="test_stok_transfers.TestInstallMismatch" name="test_install_mismatch_creates_pending" time="0.109" /><testcase classname="test_stok_transfers.TestPendingList" name="test_list_pending" time="0.125" /><testcase classname="test_stok_transfers.TestRejectAndReapprove" name="test_reject" time="0.118" /><testcase classname="test_stok_transfers.TestRejectAndReapprove" name="test_reject_again_returns_404" time="0.102" /><testcase classname="test_stok_transfers.TestApprove" name="test_approve_moves_to_client" time="0.172" /><testcase classname="test_stok_transfers.TestApprove" name="test_approve_invalid_id" time="0.119" /><testcase classname="test_stok_transfers.TestKpis" name="test_kpis_30_days" time="0.118" /></testsuite></testsuites>