<?xml version="1.0" encoding="utf-8"?><testsuites name="pytest tests"><testsuite name="pytest" errors="0" failures="0" skipped="0" tests="10" time="6.400" timestamp="2026-05-09T04:30:25.305388+00:00" hostname="agent-env-43695c10-da5b-4d81-a958-3ab98d1b85d6"><testcase classname="backend.tests.test_iteration8_stats_ai_evaluate.TestLousaGridEnrichment" name="test_grid_returns_columns_with_new_fields" time="0.491" /><testcase classname="backend.tests.test_iteration8_stats_ai_evaluate.TestLousaGridEnrichment" name="test_grid_recent_resolved_within_24h" time="0.138" /><testcase classname="backend.tests.test_iteration8_stats_ai_evaluate.TestByCollaborator" name="test_by_collaborator_returns_last_close_fields" time="0.262" /><testcase classname="backend.tests.test_iteration8_stats_ai_evaluate.TestLousaStats" name="test_stats_default_30d" time="0.113" /><testcase classname="backend.tests.test_iteration8_stats_ai_evaluate.TestLousaStats" name="test_stats_supports_days_param" time="0.209" /><testcase classname="backend.tests.test_iteration8_stats_ai_evaluate.TestLousaStats" name="test_stats_requires_auth" time="0.104" /><testcase classname="backend.tests.test_iteration8_stats_ai_evaluate.TestAiEvaluate" name="test_ai_evaluate_returns_full_payload" time="1.773" /><testcase classname="backend.tests.test_iteration8_stats_ai_evaluate.TestAiEvaluate" name="test_ai_evaluate_404_invalid_ticket" time="0.101" /><testcase classname="backend.tests.test_iteration8_stats_ai_evaluate.TestAiEvaluate" name="test_ai_evaluate_creates_log" time="2.930" /><testcase classname="backend.tests.test_iteration8_stats_ai_evaluate.TestAiEvaluate" name="test_ai_evaluate_requires_auth" time="0.237" /></testsuite></testsuites>