<?xml version="1.0" encoding="utf-8"?><testsuites name="pytest tests"><testsuite name="pytest" errors="0" failures="0" skipped="0" tests="8" time="5.061" timestamp="2026-05-16T04:56:50.782128+00:00" hostname="agent-env-43695c10-da5b-4d81-a958-3ab98d1b85d6"><testcase classname="backend.tests.test_iter88_central_ont.TestSettings" name="test_get_default_settings" time="0.628" /><testcase classname="backend.tests.test_iter88_central_ont.TestSettings" name="test_put_settings_persist" time="0.220" /><testcase classname="backend.tests.test_iter88_central_ont.TestSettings" name="test_settings_requires_admin" time="0.125" /><testcase classname="backend.tests.test_iter88_central_ont.TestBadSignalE2E" name="test_full_flow" time="1.937" /><testcase classname="backend.tests.test_iter88_central_ont.TestBlockOffPassive" name="test_block_off_allows_close" time="0.672" /><testcase classname="backend.tests.test_iter88_central_ont.TestReport" name="test_report_shape" time="0.122" /><testcase classname="backend.tests.test_iter88_central_ont.TestRejectFlow" name="test_reject" time="0.958" /><testcase classname="backend.tests.test_iter88_central_ont.TestPublicAuthStatusEdge" name="test_404_unknown" time="0.372" /></testsuite></testsuites>