<?xml version="1.0" encoding="utf-8"?><testsuites name="pytest tests"><testsuite name="pytest" errors="0" failures="0" skipped="0" tests="6" time="8.225" timestamp="2026-06-11T18:39:06.885713+00:00" hostname="agent-env-43695c10-da5b-4d81-a958-3ab98d1b85d6"><testcase classname="test_user_magic_links_enhancements.TestRotateExpiration" name="test_rotate_with_expires_in_days_sets_active_expires_at" time="0.889" /><testcase classname="test_user_magic_links_enhancements.TestRotateExpiration" name="test_rotate_without_expires_in_days_active_has_no_expires" time="0.120" /><testcase classname="test_user_magic_links_enhancements.TestMagicLoginExpired" name="test_expired_token_is_revoked_and_returns_401" time="0.209" /><testcase classname="test_user_magic_links_enhancements.TestSendMagicLink" name="test_send_whatsapp_with_phone_returns_ok" time="6.533" /><testcase classname="test_user_magic_links_enhancements.TestSendMagicLink" name="test_send_without_phone_and_no_collaborator_returns_400" time="0.137" /><testcase classname="test_user_magic_links_enhancements.TestSendMagicLink" name="test_send_with_sms_channel_returns_400" time="0.296" /></testsuite></testsuites>