<?xml version="1.0" encoding="utf-8"?><testsuites name="pytest tests"><testsuite name="pytest" errors="0" failures="0" skipped="1" tests="5" time="1.597" timestamp="2026-05-09T13:05:10.392936+00:00" hostname="agent-env-43695c10-da5b-4d81-a958-3ab98d1b85d6"><testcase classname="tests.test_iteration25_stok_extra" name="test_gestor_can_access_stok" time="0.467" /><testcase classname="tests.test_iteration25_stok_extra" name="test_colaborador_blocked_from_stok" time="0.323" /><testcase classname="tests.test_iteration25_stok_extra" name="test_technicians_excludes_atlaz_inbox" time="0.323" /><testcase classname="tests.test_iteration25_stok_extra" name="test_patch_ont_updates_model" time="0.146" /><testcase classname="tests.test_iteration25_stok_extra" name="test_bridge_finalize_keeps_service_active" time="0.316"><skipped type="pytest.skip" message="finalize não disponível neste fluxo: 422 {&quot;detail&quot;:[{&quot;type&quot;:&quot;missing&quot;,&quot;loc&quot;:[&quot;body&quot;,&quot;completion_data&quot;],&quot;msg&quot;:&quot;Field required&quot;,&quot;input&quot;:{&quot;collaborator_id&quot;:&quot;col-30a">/app/backend/tests/test_iteration25_stok_extra.py:111: finalize não disponível neste fluxo: 422 {"detail":[{"type":"missing","loc":["body","completion_data"],"msg":"Field required","input":{"collaborator_id":"col-30a</skipped></testcase></testsuite></testsuites>