<?xml version="1.0" encoding="utf-8"?><testsuites name="pytest tests"><testsuite name="pytest" errors="0" failures="0" skipped="0" tests="26" time="2.139" timestamp="2026-06-18T07:03:51.357034+00:00" hostname="agent-env-43695c10-da5b-4d81-a958-3ab98d1b85d6"><testcase classname="test_onda_a_stok" name="test_bug1_auto_zera_deficit_negativo" time="1.624" /><testcase classname="test_onda_a_stok" name="test_bug1_explicit_credito_em_negativo" time="0.006" /><testcase classname="test_onda_a_stok" name="test_bug1_reposicao_cobertura_parcial" time="0.007" /><testcase classname="test_onda_a_stok" name="test_bug1_auto_credito_em_positivo" time="0.005" /><testcase classname="test_onda_a_stok" name="test_bug1_audit_persistido" time="0.006" /><testcase classname="test_onda_a_stok" name="test_bug1_mode_invalido_400" time="0.003" /><testcase classname="test_onda_a_stok" name="test_bug2_reconciliacao_marca_orfa" time="0.023" /><testcase classname="test_onda_a_stok" name="test_bug2_dry_run_nao_altera" time="0.003" /><testcase classname="test_onda_a_stok" name="test_bug2_idempotente" time="0.003" /><testcase classname="test_onda_b_late_close" name="test_late_close_finds_finalized_ticket_with_active_svc" time="0.010" /><testcase classname="test_onda_b_late_close" name="test_late_close_respects_grace_period" time="0.004" /><testcase classname="test_onda_b_late_close" name="test_late_close_dry_run_nao_altera" time="0.004" /><testcase classname="test_onda_b_late_close" name="test_late_close_real_fecha_e_marca" time="0.007" /><testcase classname="test_onda_b_late_close" name="test_late_close_idempotente" time="0.006" /><testcase classname="test_onda_b_late_close" name="test_late_close_grava_run_report" time="0.006" /><testcase classname="test_onda_b_late_close" name="test_trace_phase_grava_doc" time="0.002" /><testcase classname="test_onda_c_lousa" name="test_bug4_instalacao_sem_ont_bloqueia" time="0.075" /><testcase classname="test_onda_c_lousa" name="test_bug4_instalacao_sem_drop_bloqueia" time="0.006" /><testcase classname="test_onda_c_lousa" name="test_bug4_instalacao_sem_conector_sem_justificativa_bloqueia" time="0.006" /><testcase classname="test_onda_c_lousa" name="test_bug4_instalacao_completa_passa_da_validacao" time="0.006" /><testcase classname="test_onda_c_lousa" name="test_bug4_retirada_sem_ont_bloqueia" time="0.006" /><testcase classname="test_onda_c_lousa" name="test_bug4_reparo_sem_material_e_sem_just_bloqueia" time="0.006" /><testcase classname="test_onda_c_lousa" name="test_bug4_reparo_com_justificativa_libera" time="0.007" /><testcase classname="test_onda_c_lousa" name="test_bug6_swap_detectado_gera_evento_e_audit" time="0.009" /><testcase classname="test_onda_c_lousa" name="test_bug6_sem_swap_quando_ont_igual" time="0.007" /><testcase classname="test_onda_c_lousa" name="test_bug6_idempotente_em_double_finalize" time="0.021" /></testsuite></testsuites>