<?xml version="1.0" encoding="utf-8"?><testsuites name="pytest tests"><testsuite name="pytest" errors="0" failures="0" skipped="2" tests="25" time="8.025" timestamp="2026-05-10T02:08:30.617982+00:00" hostname="agent-env-43695c10-da5b-4d81-a958-3ab98d1b85d6"><testcase classname="tests.test_iteration31_assets_branding.TestBranding" name="test_get_branding_settings" time="0.530" /><testcase classname="tests.test_iteration31_assets_branding.TestBranding" name="test_get_branding_public_no_auth" time="0.123" /><testcase classname="tests.test_iteration31_assets_branding.TestBranding" name="test_put_branding_persists_default_values" time="0.458" /><testcase classname="tests.test_iteration31_assets_branding.TestCollabAssetsCRUD" name="test_create_asset_with_unit_value" time="0.118" /><testcase classname="tests.test_iteration31_assets_branding.TestCollabAssetsCRUD" name="test_get_by_collaborator" time="0.107" /><testcase classname="tests.test_iteration31_assets_branding.TestCollabAssetsCRUD" name="test_patch_status_returns_marks_returned_at" time="0.105" /><testcase classname="tests.test_iteration31_assets_branding.TestCollabAssetsCRUD" name="test_delete_asset" time="0.203" /><testcase classname="tests.test_iteration31_assets_branding.TestPublicAssetsAndSigning" name="test_public_by_collaborator_no_auth" time="0.126" /><testcase classname="tests.test_iteration31_assets_branding.TestPublicAssetsAndSigning" name="test_sign_marks_signed_at" time="0.478" /><testcase classname="tests.test_iteration31_assets_branding.TestPublicAssetsAndSigning" name="test_sign_invalid_signature_data_url" time="0.113" /><testcase classname="tests.test_iteration31_assets_branding.TestPublicAssetsAndSigning" name="test_sign_with_invalid_asset_id_succeeds_zero" time="0.106" /><testcase classname="tests.test_iteration31_assets_branding.TestRomaneioPDF" name="test_404_collaborator_inexistente_authed" time="0.447" /><testcase classname="tests.test_iteration31_assets_branding.TestRomaneioPDF" name="test_404_collaborator_inexistente_public" time="0.445" /><testcase classname="tests.test_iteration31_assets_branding.TestRomaneioPDF" name="test_400_when_no_assets" time="0.491"><skipped type="pytest.skip" message="col-30aafc3c has 2 assets — cannot test empty 400">/app/backend/tests/test_iteration31_assets_branding.py:262: col-30aafc3c has 2 assets — cannot test empty 400</skipped></testcase><testcase classname="tests.test_iteration31_assets_branding.TestRomaneioPDF" name="test_pdf_generation_authed" time="0.762" /><testcase classname="tests.test_iteration31_assets_branding.TestAIDashboard" name="test_assets_overview" time="0.097" /><testcase classname="tests.test_iteration31_assets_branding.TestAIDashboard" name="test_other_ai_endpoints_200[overview]" time="0.116" /><testcase classname="tests.test_iteration31_assets_branding.TestAIDashboard" name="test_other_ai_endpoints_200[tech-spending]" time="0.105" /><testcase classname="tests.test_iteration31_assets_branding.TestAIDashboard" name="test_other_ai_endpoints_200[repair-map]" time="0.116" /><testcase classname="tests.test_iteration31_assets_branding.TestAIDashboard" name="test_other_ai_endpoints_200[defective-equipment]" time="0.281" /><testcase classname="tests.test_iteration31_assets_branding.TestAIDashboard" name="test_other_ai_endpoints_200[common-issues]" time="0.258" /><testcase classname="tests.test_iteration31_assets_branding.TestAIDashboard" name="test_other_ai_endpoints_200[recurring-tickets]" time="0.107" /><testcase classname="tests.test_iteration31_assets_branding.TestAIDashboard" name="test_other_ai_endpoints_200[insights/history]" time="0.097" /><testcase classname="tests.test_iteration31_assets_branding.TestPendingLossesHook" name="test_deactivation_creates_notification" time="1.932" /><testcase classname="tests.test_iteration31_assets_branding.TestLousaSLAModes" name="test_grid_returns_sla_per_bubble" time="0.247"><skipped type="pytest.skip" message="No bolhas — cannot validate SLA modes">/app/backend/tests/test_iteration31_assets_branding.py:418: No bolhas — cannot validate SLA modes</skipped></testcase></testsuite></testsuites>