<?xml version="1.0" encoding="utf-8"?><testsuites name="pytest tests"><testsuite name="pytest" errors="0" failures="0" skipped="0" tests="17" time="1.779" timestamp="2026-06-15T06:21:05.875572+00:00" hostname="agent-env-43695c10-da5b-4d81-a958-3ab98d1b85d6"><testcase classname="test_ceo_provenance" name="test_briefing_today_source_and_provenance" time="0.132" /><testcase classname="test_ceo_provenance" name="test_briefing_now_source_and_provenance_fresh" time="0.152" /><testcase classname="test_ceo_provenance" name="test_memory_top_level_and_items_source" time="0.147" /><testcase classname="test_ceo_provenance" name="test_cto_digest_source_and_provenance" time="0.109" /><testcase classname="test_ceo_provenance" name="test_metas_has_source_and_kind_config_no_dp" time="0.106" /><testcase classname="test_ceo_provenance" name="test_goals_has_source_kind_config_no_dp" time="0.102" /><testcase classname="test_ceo_provenance" name="test_decisions_list_source_kind_registry_no_dp" time="0.102" /><testcase classname="test_ceo_provenance" name="test_decisions_create_persists_source" time="0.194" /><testcase classname="test_ceo_provenance" name="test_goals_upsert_new_doc_persists_source" time="0.258" /><testcase classname="test_ceo_provenance" name="test_stale_warning_when_collected_at_old" time="0.240" /><testcase classname="test_ceo_provenance" name="test_openapi_valid_and_contains_dataprovenance" time="0.100" /><testcase classname="test_ceo_provenance" name="test_auth_required_briefing_today" time="0.100" /><testcase classname="test_ceo_provenance.TestDataProvenanceUnits" name="test_malformed_DATA_SOURCE_MODE_falls_back_prod" time="0.001" /><testcase classname="test_ceo_provenance.TestDataProvenanceUnits" name="test_missing_collected_at_marks_stale" time="0.000" /><testcase classname="test_ceo_provenance.TestDataProvenanceUnits" name="test_malformed_iso_treated_as_stale" time="0.000" /><testcase classname="test_ceo_provenance.TestDataProvenanceUnits" name="test_DATA_STALE_HOURS_override" time="0.000" /><testcase classname="test_ceo_provenance.TestDataProvenanceUnits" name="test_test_source_makes_decision_unsafe_even_if_fresh" time="0.000" /></testsuite></testsuites>