<?xml version="1.0" encoding="utf-8"?><testsuites name="pytest tests"><testsuite name="pytest" errors="0" failures="0" skipped="0" tests="13" time="4.923" timestamp="2026-05-09T07:22:30.031604+00:00" hostname="agent-env-43695c10-da5b-4d81-a958-3ab98d1b85d6"><testcase classname="backend.tests.test_iteration15_bulk_actions.TestBulkAiEvaluate" name="test_empty_ticket_ids_returns_422" time="0.521" /><testcase classname="backend.tests.test_iteration15_bulk_actions.TestBulkAiEvaluate" name="test_max_length_50_violation_returns_422" time="0.123" /><testcase classname="backend.tests.test_iteration15_bulk_actions.TestBulkAiEvaluate" name="test_unknown_ids_return_error_items" time="0.102" /><testcase classname="backend.tests.test_iteration15_bulk_actions.TestBulkAiEvaluate" name="test_real_ids_return_heuristic" time="0.275" /><testcase classname="backend.tests.test_iteration15_bulk_actions.TestBulkAiEvaluate" name="test_role_guard_colab_forbidden" time="0.638" /><testcase classname="backend.tests.test_iteration15_bulk_actions.TestBulkActionValidation" name="test_empty_ticket_ids_returns_422" time="0.104" /><testcase classname="backend.tests.test_iteration15_bulk_actions.TestBulkActionValidation" name="test_invalid_action_returns_422" time="0.105" /><testcase classname="backend.tests.test_iteration15_bulk_actions.TestBulkActionValidation" name="test_max_length_200_violation_returns_422" time="0.128" /><testcase classname="backend.tests.test_iteration15_bulk_actions.TestBulkActionValidation" name="test_role_guard_colab_forbidden" time="0.103" /><testcase classname="backend.tests.test_iteration15_bulk_actions.TestBulkActionValidation" name="test_unknown_ids_register_failures" time="0.101" /><testcase classname="backend.tests.test_iteration15_bulk_actions.TestBulkActionEncerrar" name="test_encerrar_real_tickets" time="1.498" /><testcase classname="backend.tests.test_iteration15_bulk_actions.TestBulkActionReagendar" name="test_reagendar_with_new_date_time" time="0.727" /><testcase classname="backend.tests.test_iteration15_bulk_actions.TestBulkActionCancelar" name="test_cancelar_real_tickets" time="0.451" /></testsuite></testsuites>