<?xml version="1.0" encoding="utf-8"?><testsuites name="pytest tests"><testsuite name="pytest" errors="0" failures="0" skipped="0" tests="19" time="4.461" timestamp="2026-05-14T03:53:45.645605+00:00" hostname="agent-env-43695c10-da5b-4d81-a958-3ab98d1b85d6"><testcase classname="tests.test_iter62_ai_corrections.TestAiCorrectionsCRUD" name="test_create_correction" time="0.493" /><testcase classname="tests.test_iter62_ai_corrections.TestAiCorrectionsCRUD" name="test_create_correction_validation_short_reply" time="0.107" /><testcase classname="tests.test_iter62_ai_corrections.TestAiCorrectionsCRUD" name="test_list_corrections_contains_new" time="0.108" /><testcase classname="tests.test_iter62_ai_corrections.TestAiCorrectionsCRUD" name="test_list_corrections_limit_param" time="0.120" /><testcase classname="tests.test_iter62_ai_corrections.TestAiCorrectionsCRUD" name="test_delete_correction" time="0.224" /><testcase classname="tests.test_iter62_ai_corrections.TestAiCorrectionsCRUD" name="test_delete_unknown_returns_404" time="0.116" /><testcase classname="tests.test_iter62_ai_corrections.TestAiCorrectionsCRUD" name="test_unauth_blocked" time="0.098" /><testcase classname="tests.test_iter62_ai_corrections.TestMotorIaMultiVendor" name="test_get_config" time="0.154" /><testcase classname="tests.test_iter62_ai_corrections.TestMotorIaMultiVendor" name="test_put_config_anthropic_claude" time="0.107" /><testcase classname="tests.test_iter62_ai_corrections.TestMotorIaMultiVendor" name="test_put_config_openai_gpt" time="0.133" /><testcase classname="tests.test_iter62_ai_corrections.TestMotorIaMultiVendor" name="test_put_config_google_gemini" time="0.114" /><testcase classname="tests.test_iter62_ai_corrections.TestMotorIaMultiVendor" name="test_put_config_invalid_format_rejected" time="0.102" /><testcase classname="tests.test_iter62_ai_corrections.TestMotorIaMultiVendor" name="test_put_config_fallbacks_filtered" time="0.107" /><testcase classname="tests.test_iter62_ai_corrections.TestMotorIaMultiVendor" name="test_restore_original_atendimento_model" time="0.112" /><testcase classname="tests.test_iter62_ai_corrections.TestInternalServiceImports" name="test_import_ai_history_fetch_history_turns" time="0.081" /><testcase classname="tests.test_iter62_ai_corrections.TestInternalServiceImports" name="test_import_ai_orchestrator_build_context" time="1.607" /><testcase classname="tests.test_iter62_ai_corrections.TestInternalServiceImports" name="test_corrections_prompt_helpers" time="0.213" /><testcase classname="tests.test_iter62_ai_corrections.TestWhatsAppBaileysNonRegression" name="test_get_conversations" time="0.147" /><testcase classname="tests.test_iter62_ai_corrections.TestWhatsAppBaileysNonRegression" name="test_get_messages" time="0.257" /></testsuite></testsuites>