<?xml version="1.0" encoding="utf-8"?><testsuites name="pytest tests"><testsuite name="pytest" errors="0" failures="1" skipped="0" tests="11" time="22.654" timestamp="2026-06-15T13:46:29.257652+00:00" hostname="agent-env-43695c10-da5b-4d81-a958-3ab98d1b85d6"><testcase classname="test_iter156_evolution_provider.TestListChannels" name="test_list_returns_four_channels" time="4.635" /><testcase classname="test_iter156_evolution_provider.TestListChannels" name="test_each_channel_has_provider_and_evolution_fields" time="4.250"><failure message="AssertionError: channel channel-2 missing 'provider'&#10;assert 'provider' in {'channel_name': 'Canal 2', 'company_id': 'co-demo', 'created_at': '2026-05-24T15:15:07.032660+00:00', 'id': 'channel-2', ...}">backend/tests/test_iter156_evolution_provider.py:91: in test_each_channel_has_provider_and_evolution_fields
    assert "provider" in ch, f"channel {ch.get('id')} missing 'provider'"
E   AssertionError: channel channel-2 missing 'provider'
E   assert 'provider' in {'channel_name': 'Canal 2', 'company_id': 'co-demo', 'created_at': '2026-05-24T15:15:07.032660+00:00', 'id': 'channel-2', ...}</failure></testcase><testcase classname="test_iter156_evolution_provider.TestListChannels" name="test_api_key_never_in_clear_on_list" time="4.282" /><testcase classname="test_iter156_evolution_provider.TestProviderValidation" name="test_evolution_without_credentials_returns_400" time="0.122" /><testcase classname="test_iter156_evolution_provider.TestProviderValidation" name="test_invalid_provider_returns_400" time="0.116" /><testcase classname="test_iter156_evolution_provider.TestProviderLifecycle" name="test_a_set_evolution_full_persists_and_masks" time="0.112" /><testcase classname="test_iter156_evolution_provider.TestProviderLifecycle" name="test_b_get_list_after_set_shows_mask_not_clear_key" time="4.219" /><testcase classname="test_iter156_evolution_provider.TestProviderLifecycle" name="test_c_qr_evolution_returns_502_not_500_not_baileys" time="0.173" /><testcase classname="test_iter156_evolution_provider.TestProviderLifecycle" name="test_d_revert_to_baileys_clears_evolution_fields" time="0.099" /><testcase classname="test_iter156_evolution_provider.TestProviderLifecycle" name="test_e_get_list_after_revert" time="4.268" /><testcase classname="test_iter156_evolution_provider.TestBaileysPathPreserved" name="test_qr_baileys_does_not_500" time="0.313" /></testsuite></testsuites>