<?xml version="1.0" encoding="utf-8"?><testsuites name="pytest tests"><testsuite name="pytest" errors="0" failures="0" skipped="0" tests="7" time="8.588" timestamp="2026-05-16T05:20:41.426821+00:00" hostname="agent-env-43695c10-da5b-4d81-a958-3ab98d1b85d6"><testcase classname="backend.tests.test_iter89_ocr_sn_and_fotos.TestOcrSnValidation" name="test_rejects_empty_payload" time="0.264" /><testcase classname="backend.tests.test_iter89_ocr_sn_and_fotos.TestOcrSnValidation" name="test_rejects_too_short_base64" time="0.114" /><testcase classname="backend.tests.test_iter89_ocr_sn_and_fotos.TestOcrSnValidation" name="test_rejects_too_short_tiny_png" time="0.122" /><testcase classname="backend.tests.test_iter89_ocr_sn_and_fotos.TestOcrSnValidation" name="test_rejects_garbage_base64_decoded" time="5.430" /><testcase classname="backend.tests.test_iter89_ocr_sn_and_fotos.TestOcrSnValidation" name="test_rejects_oversize_image" time="0.693" /><testcase classname="backend.tests.test_iter89_ocr_sn_and_fotos.TestOcrSnContract" name="test_valid_image_returns_schema" time="1.829" /><testcase classname="backend.tests.test_iter89_ocr_sn_and_fotos.TestFotosRegression" name="test_finalize_endpoint_accepts_fotos_schema" time="0.113" /></testsuite></testsuites>