<?xml version="1.0" encoding="utf-8"?><testsuites name="pytest tests"><testsuite name="pytest" errors="0" failures="0" skipped="0" tests="4" time="3.303" timestamp="2026-05-27T16:06:34.519412+00:00" hostname="agent-env-43695c10-da5b-4d81-a958-3ab98d1b85d6"><testcase classname="test_iter143_ont_scan_retirada.TestScanOntEndpoint" name="test_scan_ont_happy_path_claude_vision" time="2.872" /><testcase classname="test_iter143_ont_scan_retirada.TestScanOntEndpoint" name="test_scan_ont_invalid_base64" time="0.127" /><testcase classname="test_iter143_ont_scan_retirada.TestScanOntEndpoint" name="test_scan_ont_too_short_payload_pydantic" time="0.129" /><testcase classname="test_iter143_ont_scan_retirada.TestScanOntEndpoint" name="test_scan_ont_requires_auth" time="0.139" /></testsuite></testsuites>