<?xml version="1.0" encoding="utf-8"?><testsuites name="pytest tests"><testsuite name="pytest" errors="0" failures="0" skipped="0" tests="34" time="7.881" timestamp="2026-05-09T07:22:40.328523+00:00" hostname="agent-env-43695c10-da5b-4d81-a958-3ab98d1b85d6"><testcase classname="backend.tests.test_iteration14_lousa_grid_historical.TestLousaGridDefault" name="test_no_params_returns_historical_false" time="0.494" /><testcase classname="backend.tests.test_iteration14_lousa_grid_historical.TestLousaGridDefault" name="test_no_params_tickets_not_locked" time="0.131" /><testcase classname="backend.tests.test_iteration14_lousa_grid_historical.TestLousaGridHistorical" name="test_day_range_returns_historical_true" time="0.271" /><testcase classname="backend.tests.test_iteration14_lousa_grid_historical.TestLousaGridHistorical" name="test_day_range_tickets_locked_and_historical" time="0.208" /><testcase classname="backend.tests.test_iteration14_lousa_grid_historical.TestLousaGridHistorical" name="test_week_range" time="0.220" /><testcase classname="backend.tests.test_iteration14_lousa_grid_historical.TestLousaGridHistorical" name="test_month_range" time="0.213" /><testcase classname="backend.tests.test_iteration14_lousa_grid_historical.TestLousaGridHistorical" name="test_no_auth_returns_401_or_403" time="0.102" /><testcase classname="backend.tests.test_iteration14_lousa_grid_historical.TestLousaByCollaboratorMirror" name="test_endpoint_is_public_no_auth" time="0.095" /><testcase classname="backend.tests.test_iteration14_lousa_grid_historical.TestLousaByCollaboratorMirror" name="test_response_shape" time="0.097" /><testcase classname="backend.tests.test_iteration14_lousa_grid_historical.TestLousaByCollaboratorMirror" name="test_tickets_only_active_status" time="0.106" /><testcase classname="backend.tests.test_iteration14_lousa_grid_historical.TestLousaByCollaboratorMirror" name="test_recent_resolved_separate_array" time="0.108" /><testcase classname="backend.tests.test_iteration14_lousa_grid_historical.TestServerTime" name="test_server_time_endpoint_works" time="0.110" /><testcase classname="backend.tests.test_iteration11_lousa_mgmt" name="test_management_kpis_shape" time="0.438" /><testcase classname="backend.tests.test_iteration11_lousa_mgmt" name="test_management_insights" time="0.746" /><testcase classname="backend.tests.test_iteration11_lousa_mgmt" name="test_admin_close_reschedule_with_date_time" time="0.733" /><testcase classname="backend.tests.test_iteration11_lousa_mgmt" name="test_admin_close_creates_notification" time="0.380" /><testcase classname="backend.tests.test_iteration11_lousa_mgmt" name="test_canceled_ticket_disappears_from_mobile" time="0.372" /><testcase classname="backend.tests.test_iteration11_lousa_mgmt" name="test_rescheduled_ticket_disappears_from_mobile" time="0.392" /><testcase classname="backend.tests.test_iteration11_lousa_mgmt" name="test_admin_open_logs_aberta_admin" time="0.519" /><testcase classname="backend.tests.test_iteration11_lousa_mgmt" name="test_admin_close_requires_auth" time="0.106" /><testcase classname="backend.tests.test_iteration12_lousa_history.TestHistoryDay" name="test_day_today_returns_200_and_shape" time="0.443" /><testcase classname="backend.tests.test_iteration12_lousa_history.TestHistoryDay" name="test_day_item_fields" time="0.125" /><testcase classname="backend.tests.test_iteration12_lousa_history.TestHistoryDay" name="test_summary_fields" time="0.117" /><testcase classname="backend.tests.test_iteration12_lousa_history.TestHistoryMonth" name="test_month_covers_full_month" time="0.110" /><testcase classname="backend.tests.test_iteration12_lousa_history.TestHistoryMonth" name="test_month_december_rollover" time="0.097" /><testcase classname="backend.tests.test_iteration12_lousa_history.TestHistoryYear" name="test_year_covers_full_year" time="0.106" /><testcase classname="backend.tests.test_iteration12_lousa_history.TestHistoryRange" name="test_range_missing_params_returns_400" time="0.100" /><testcase classname="backend.tests.test_iteration12_lousa_history.TestHistoryRange" name="test_range_missing_both_returns_400" time="0.101" /><testcase classname="backend.tests.test_iteration12_lousa_history.TestHistoryRange" name="test_range_with_both_works" time="0.121" /><testcase classname="backend.tests.test_iteration12_lousa_history.TestHistoryFilters" name="test_status_filter_limits_results" time="0.101" /><testcase classname="backend.tests.test_iteration12_lousa_history.TestHistoryFilters" name="test_type_filter_alias" time="0.134" /><testcase classname="backend.tests.test_iteration12_lousa_history.TestHistoryFilters" name="test_collaborator_filter" time="0.220" /><testcase classname="backend.tests.test_iteration12_lousa_history.TestHistoryAuth" name="test_no_auth_returns_401_or_403" time="0.115" /><testcase classname="backend.tests.test_iteration12_lousa_history.TestHistoryAuth" name="test_bad_token_rejected" time="0.099" /></testsuite></testsuites>