<?xml version="1.0" encoding="utf-8"?><testsuites name="pytest tests"><testsuite name="pytest" errors="0" failures="0" skipped="0" tests="7" time="10.459" timestamp="2026-05-10T21:51:13.660049+00:00" hostname="agent-env-43695c10-da5b-4d81-a958-3ab98d1b85d6"><testcase classname="tests.test_iter46_wa_subscriber_link" name="test_login_admin_returns_token" time="0.387" /><testcase classname="tests.test_iter46_wa_subscriber_link" name="test_no_cannot_import_link_phone_after_now" time="6.633" /><testcase classname="tests.test_iter46_wa_subscriber_link" name="test_conversations_returns_enriched_fields" time="0.174" /><testcase classname="tests.test_iter46_wa_subscriber_link" name="test_vando_conversation_enriched_with_subscriber" time="0.170" /><testcase classname="tests.test_iter46_wa_subscriber_link" name="test_mark_seen_zeros_unread" time="0.878" /><testcase classname="tests.test_iter46_wa_subscriber_link" name="test_sidecar_contacts_bulk_endpoint" time="0.002" /><testcase classname="tests.test_iter46_wa_subscriber_link" name="test_retroactive_link_when_phone_added_to_subscriber" time="2.195" /></testsuite></testsuites>