<?xml version="1.0" encoding="utf-8"?><testsuites name="pytest tests"><testsuite name="pytest" errors="0" failures="0" skipped="0" tests="13" time="5.638" timestamp="2026-05-09T09:35:49.864382+00:00" hostname="agent-env-43695c10-da5b-4d81-a958-3ab98d1b85d6"><testcase classname="backend.tests.test_iteration19_date_nav_reorder.TestGridDateNavigator" name="test_grid_default_no_historical_flag" time="0.549" /><testcase classname="backend.tests.test_iteration19_date_nav_reorder.TestGridDateNavigator" name="test_grid_with_date_range_returns_historical_flags" time="0.145" /><testcase classname="backend.tests.test_iteration19_date_nav_reorder.TestGridDateNavigator" name="test_grid_with_only_date_from" time="0.141" /><testcase classname="backend.tests.test_iteration19_date_nav_reorder.TestPublicReorder" name="test_reorder_404_for_unknown_collaborator" time="0.099" /><testcase classname="backend.tests.test_iteration19_date_nav_reorder.TestPublicReorder" name="test_reorder_400_for_ticket_not_belonging" time="1.407" /><testcase classname="backend.tests.test_iteration19_date_nav_reorder.TestPublicReorder" name="test_reorder_normal_tickets_swap_positions" time="0.237" /><testcase classname="backend.tests.test_iteration19_date_nav_reorder.TestPublicReorder" name="test_reorder_locked_priority_rejected" time="1.035" /><testcase classname="backend.tests.test_iteration19_date_nav_reorder.TestRegression" name="test_grid" time="0.147" /><testcase classname="backend.tests.test_iteration19_date_nav_reorder.TestRegression" name="test_by_collaborator" time="0.106" /><testcase classname="backend.tests.test_iteration19_date_nav_reorder.TestRegression" name="test_ai_rankings" time="0.491" /><testcase classname="backend.tests.test_iteration19_date_nav_reorder.TestRegression" name="test_briefing" time="0.644" /><testcase classname="backend.tests.test_iteration19_date_nav_reorder.TestRegression" name="test_atlaz_settings" time="0.154" /><testcase classname="backend.tests.test_iteration19_date_nav_reorder.TestRegression" name="test_bulk_action_endpoint_exists" time="0.440" /></testsuite></testsuites>