<?xml version="1.0" encoding="utf-8"?><testsuites name="pytest tests"><testsuite name="pytest" errors="0" failures="0" skipped="0" tests="28" time="8.234" timestamp="2026-06-09T19:29:06.785059+00:00" hostname="agent-env-43695c10-da5b-4d81-a958-3ab98d1b85d6"><testcase classname="test_iter98_post_mockoff" name="test_login_and_me_company_id" time="0.707" /><testcase classname="test_iter98_post_mockoff" name="test_presidente_endpoint_200[/api/presidente-ia/executive]" time="0.257" /><testcase classname="test_iter98_post_mockoff" name="test_presidente_endpoint_200[/api/presidente-ia/governador/saude]" time="0.218" /><testcase classname="test_iter98_post_mockoff" name="test_presidente_endpoint_200[/api/presidente-ia/governador/relatorio-diario]" time="0.126" /><testcase classname="test_iter98_post_mockoff" name="test_presidente_endpoint_200[/api/presidente-ia/state-of-presidency]" time="0.156" /><testcase classname="test_iter98_post_mockoff" name="test_presidente_endpoint_200[/api/presidente-ia/brain/autopilot/top10]" time="0.323" /><testcase classname="test_iter98_post_mockoff" name="test_presidente_endpoint_200[/api/presidente-ia/self/audit]" time="0.313" /><testcase classname="test_iter98_post_mockoff" name="test_presidente_endpoint_200[/api/presidente-ia/self/readiness]" time="0.233" /><testcase classname="test_iter98_post_mockoff" name="test_presidente_endpoint_200[/api/presidente-ia/self/evolution]" time="0.274" /><testcase classname="test_iter98_post_mockoff" name="test_presidente_endpoint_200[/api/presidente-ia/evolution/backlog]" time="0.421" /><testcase classname="test_iter98_post_mockoff" name="test_presidente_endpoint_200[/api/presidente-ia/evolution/sprints]" time="0.401" /><testcase classname="test_iter98_post_mockoff" name="test_presidente_endpoint_200[/api/presidente-ia/evolution/roadmap]" time="0.511" /><testcase classname="test_iter98_post_mockoff" name="test_presidente_endpoint_200[/api/presidente-ia/actions]" time="0.132" /><testcase classname="test_iter98_post_mockoff" name="test_self_audit_mock_resolved" time="0.254" /><testcase classname="test_iter98_post_mockoff" name="test_mock_guard_returns_503[/api/security-home/devices]" time="0.113" /><testcase classname="test_iter98_post_mockoff" name="test_mock_guard_returns_503[/api/security-home/dashboard]" time="0.133" /><testcase classname="test_iter98_post_mockoff" name="test_mock_guard_returns_503[/api/security-home/overview]" time="0.127" /><testcase classname="test_iter98_post_mockoff" name="test_ai_center_endpoints_200[/api/ai-center/cash/war-room]" time="0.392" /><testcase classname="test_iter98_post_mockoff" name="test_ai_center_endpoints_200[/api/ai-center/cash/go-live]" time="0.180" /><testcase classname="test_iter98_post_mockoff" name="test_ai_center_endpoints_200[/api/ai-center/financial/summary]" time="0.200" /><testcase classname="test_iter98_post_mockoff" name="test_ai_center_endpoints_200[/api/ai-center/blockers/audit]" time="0.254" /><testcase classname="test_iter98_post_mockoff" name="test_ai_center_endpoints_200[/api/ai-center/nervous-system/coverage]" time="0.168" /><testcase classname="test_iter98_post_mockoff" name="test_ai_center_endpoints_200[/api/ai-center/autonomous/summary]" time="0.119" /><testcase classname="test_iter98_post_mockoff" name="test_ai_center_endpoints_200[/api/ai-center/multitenant/audit]" time="1.498" /><testcase classname="test_iter98_post_mockoff" name="test_ai_center_endpoints_200[/api/ai-center/multitenant/tenants]" time="0.124" /><testcase classname="test_iter98_post_mockoff" name="test_multitenant_tenants_listing" time="0.108" /><testcase classname="test_iter98_post_mockoff" name="test_health_endpoint" time="0.135" /><testcase classname="test_iter98_post_mockoff" name="test_presidente_actions_ledger_smoke" time="0.307" /></testsuite></testsuites>