<?xml version="1.0" encoding="utf-8"?><testsuites name="pytest tests"><testsuite name="pytest" errors="0" failures="0" skipped="0" tests="10" time="8.745" timestamp="2026-06-07T22:43:59.515481+00:00" hostname="agent-env-43695c10-da5b-4d81-a958-3ab98d1b85d6"><testcase classname="test_iter219d_leo_proactive" name="test_returns_not_configured_without_phone" time="0.006" /><testcase classname="test_iter219d_leo_proactive" name="test_detector_zero_redemption_promos_finds_seed" time="0.001" /><testcase classname="test_iter219d_leo_proactive" name="test_e2e_mock_send_seeds_state_and_cooldown" time="0.076" /><testcase classname="test_iter219d_leo_proactive" name="test_proactive_scan_returns_leo_proactive_field" time="0.044" /><testcase classname="test_iter219d_leo_proactive" name="test_endpoint_leo_proactive_without_phone" time="0.627" /><testcase classname="test_iter219d_leo_proactive" name="test_endpoint_leo_proactive_with_phone_shape" time="0.178" /><testcase classname="test_iter219d_leo_proactive" name="test_e2e_proposal_then_sim_executes_pause_promo" time="5.134" /><testcase classname="test_iter219d_leo_proactive" name="test_regression_dashboard" time="0.243" /><testcase classname="test_iter219d_leo_proactive" name="test_regression_iter219c_exec_tools_still_visible" time="0.000" /><testcase classname="test_iter219d_leo_proactive" name="test_regression_iter219c_history_fifo_capped_6" time="0.006" /></testsuite></testsuites>