<?xml version="1.0" encoding="utf-8"?><testsuites name="pytest tests"><testsuite name="pytest" errors="0" failures="0" skipped="1" tests="15" time="5.452" timestamp="2026-05-18T19:21:28.604264+00:00" hostname="agent-env-43695c10-da5b-4d81-a958-3ab98d1b85d6"><testcase classname="backend.tests.test_iter91_lousa_quality_notes.TestQualityNotesConfig" name="test_get_config_as_admin" time="0.551" /><testcase classname="backend.tests.test_iter91_lousa_quality_notes.TestQualityNotesConfig" name="test_get_config_as_gestor" time="0.502" /><testcase classname="backend.tests.test_iter91_lousa_quality_notes.TestQualityNotesConfig" name="test_get_config_forbidden_for_colaborador" time="0.550" /><testcase classname="backend.tests.test_iter91_lousa_quality_notes.TestQualityNotesConfig" name="test_put_config_admin_can_toggle" time="0.262" /><testcase classname="backend.tests.test_iter91_lousa_quality_notes.TestQualityNotesConfig" name="test_put_config_gestor_forbidden" time="0.144" /><testcase classname="backend.tests.test_iter91_lousa_quality_notes.TestQualityNotesConfig" name="test_put_config_empty_body_rejected" time="0.138" /><testcase classname="backend.tests.test_iter91_lousa_quality_notes.TestQualityNotesList" name="test_list_returns_structure" time="0.133" /><testcase classname="backend.tests.test_iter91_lousa_quality_notes.TestQualityNotesList" name="test_list_forbidden_for_colaborador" time="0.121" /><testcase classname="backend.tests.test_iter91_lousa_quality_notes.TestManualCaptureSignal" name="test_capture_returns_422_when_no_onu" time="0.690" /><testcase classname="backend.tests.test_iter91_lousa_quality_notes.TestManualCaptureSignal" name="test_capture_404_unknown_ticket" time="0.129" /><testcase classname="backend.tests.test_iter91_lousa_quality_notes.TestManualCaptureSignal" name="test_capture_unauth_no_token" time="0.149" /><testcase classname="backend.tests.test_iter91_lousa_quality_notes.TestManualCaptureSignal" name="test_capture_colaborador_cannot_touch_others_ticket" time="0.141"><skipped type="pytest.skip" message="cannot create ticket for other tech: 404 {&quot;detail&quot;:&quot;Colaborador não encontrado&quot;}">/app/backend/tests/test_iter91_lousa_quality_notes.py:198: cannot create ticket for other tech: 404 {"detail":"Colaborador não encontrado"}</skipped></testcase><testcase classname="backend.tests.test_iter91_lousa_quality_notes.TestManualCaptureSignal" name="test_capture_invalid_moment_rejected" time="0.128" /><testcase classname="backend.tests.test_iter91_lousa_quality_notes.TestManualCaptureSignal" name="test_capture_blocked_when_toggle_off" time="1.222" /><testcase classname="backend.tests.test_iter91_lousa_quality_notes.TestSnapshotHelperOnCreate" name="test_create_ticket_has_signal_at_open_field_handled" time="0.539" /></testsuite></testsuites>