<?xml version="1.0" encoding="utf-8"?><testsuites name="pytest tests"><testsuite name="pytest" errors="0" failures="0" skipped="0" tests="16" time="2.181" timestamp="2026-06-15T05:20:35.588246+00:00" hostname="agent-env-43695c10-da5b-4d81-a958-3ab98d1b85d6"><testcase classname="test_ceo_digital_p0.TestMetasAndGoals" name="test_metas_requires_token" time="0.128" /><testcase classname="test_ceo_digital_p0.TestMetasAndGoals" name="test_metas_returns_corporate_goals_source" time="0.098" /><testcase classname="test_ceo_digital_p0.TestMetasAndGoals" name="test_metas_idempotent_autoseed" time="0.284" /><testcase classname="test_ceo_digital_p0.TestMetasAndGoals" name="test_goals_list_schema" time="0.098" /><testcase classname="test_ceo_digital_p0.TestDecisionsCreate" name="test_create_minimal_defaults" time="0.100" /><testcase classname="test_ceo_digital_p0.TestDecisionsCreate" name="test_create_missing_decision_field_400" time="0.126" /><testcase classname="test_ceo_digital_p0.TestDecisionsCreate" name="test_create_invalid_priority_400" time="0.099" /><testcase classname="test_ceo_digital_p0.TestDecisionsListAndPatch" name="test_list_returns_count_and_items" time="0.207" /><testcase classname="test_ceo_digital_p0.TestDecisionsListAndPatch" name="test_filter_status_proposed" time="0.097" /><testcase classname="test_ceo_digital_p0.TestDecisionsListAndPatch" name="test_patch_approve" time="0.215" /><testcase classname="test_ceo_digital_p0.TestDecisionsListAndPatch" name="test_patch_done_sets_completed_at" time="0.098" /><testcase classname="test_ceo_digital_p0.TestDecisionsListAndPatch" name="test_patch_unknown_id_404" time="0.098" /><testcase classname="test_ceo_digital_p0.TestOpenApi" name="test_openapi_schema_has_new_ops_and_schemas" time="0.134" /><testcase classname="test_ceo_digital_p0.TestBriefingNoRegression" name="test_briefing_today" time="0.090" /><testcase classname="test_ceo_digital_p0.TestBriefingNoRegression" name="test_briefing_now_post" time="0.142" /><testcase classname="test_ceo_digital_p0.TestBriefingNoRegression" name="test_memory_returns_array" time="0.110" /></testsuite></testsuites>