<?xml version="1.0" encoding="utf-8"?><testsuites name="pytest tests"><testsuite name="pytest" errors="0" failures="0" skipped="0" tests="11" time="2.665" timestamp="2026-06-11T18:26:34.589077+00:00" hostname="agent-env-43695c10-da5b-4d81-a958-3ab98d1b85d6"><testcase classname="test_user_magic_links_p0.TestMagicLinkGet" name="test_get_returns_active_and_reserve" time="0.638" /><testcase classname="test_user_magic_links_p0.TestMagicLinkGet" name="test_get_requires_auth" time="0.113" /><testcase classname="test_user_magic_links_p0.TestMagicLinkRotateAndLogin" name="test_rotate_revokes_active_promotes_reserve_new_reserve" time="0.244" /><testcase classname="test_user_magic_links_p0.TestMagicLinkRotateAndLogin" name="test_magic_login_with_old_active_returns_401" time="0.112" /><testcase classname="test_user_magic_links_p0.TestMagicLinkRotateAndLogin" name="test_magic_login_with_reserve_returns_401" time="0.158" /><testcase classname="test_user_magic_links_p0.TestMagicLinkRotateAndLogin" name="test_magic_login_with_new_active_returns_jwt" time="0.220" /><testcase classname="test_user_magic_links_p0.TestMagicLinkRotateAndLogin" name="test_magic_login_invalid_token_401" time="0.114" /><testcase classname="test_user_magic_links_p0.TestMagicLinkRotateAndLogin" name="test_magic_login_short_token_400" time="0.119" /><testcase classname="test_user_magic_links_p0.TestCollaboratorUnique" name="test_create_user_with_taken_collaborator_returns_409" time="0.117" /><testcase classname="test_user_magic_links_p0.TestCollaboratorUnique" name="test_put_user_with_taken_collaborator_returns_409" time="0.216" /><testcase classname="test_user_magic_links_p0.TestCollaboratorUnique" name="test_put_user_collaborator_null_ok" time="0.564" /></testsuite></testsuites>