<?xml version="1.0" encoding="utf-8"?><testsuites name="pytest tests"><testsuite name="pytest" errors="0" failures="0" skipped="0" tests="10" time="0.984" timestamp="2026-06-04T07:20:02.326649+00:00" hostname="agent-env-43695c10-da5b-4d81-a958-3ab98d1b85d6"><testcase classname="test_iter214_cliente.TestLogin" name="test_login_valid_cpf" time="0.230" /><testcase classname="test_iter214_cliente.TestLogin" name="test_login_invalid_cpf" time="0.055" /><testcase classname="test_iter214_cliente.TestLogin" name="test_login_masked_cpf_works" time="0.056" /><testcase classname="test_iter214_cliente.TestCustomerEndpoints" name="test_me" time="0.114" /><testcase classname="test_iter214_cliente.TestCustomerEndpoints" name="test_stats" time="0.129" /><testcase classname="test_iter214_cliente.TestCustomerEndpoints" name="test_referrals" time="0.061" /><testcase classname="test_iter214_cliente.TestCustomerEndpoints" name="test_leaderboard" time="0.056" /><testcase classname="test_iter214_cliente.TestCustomerEndpoints" name="test_pix_save" time="0.063" /><testcase classname="test_iter214_cliente.TestCustomerEndpoints" name="test_referral_landing_regression" time="0.116" /><testcase classname="test_iter214_cliente.TestCustomerEndpoints" name="test_unauthorized_me" time="0.057" /></testsuite></testsuites>