<?xml version="1.0" encoding="utf-8"?><testsuites name="pytest tests"><testsuite name="pytest" errors="0" failures="1" skipped="0" tests="9" time="0.727" timestamp="2026-05-22T05:50:21.976240+00:00" hostname="agent-env-43695c10-da5b-4d81-a958-3ab98d1b85d6"><testcase classname="test_iter109_after_hours_metrics" name="test_after_hours_schema_default" time="0.288" /><testcase classname="test_iter109_after_hours_metrics" name="test_after_hours_by_day_items_shape" time="0.051" /><testcase classname="test_iter109_after_hours_metrics" name="test_after_hours_top_agents_shape" time="0.056" /><testcase classname="test_iter109_after_hours_metrics" name="test_after_hours_samples_shape" time="0.055" /><testcase classname="test_iter109_after_hours_metrics" name="test_after_hours_range_1d" time="0.046" /><testcase classname="test_iter109_after_hours_metrics" name="test_after_hours_range_30d" time="0.055" /><testcase classname="test_iter109_after_hours_metrics" name="test_after_hours_range_clamped_high" time="0.055" /><testcase classname="test_iter109_after_hours_metrics" name="test_after_hours_requires_auth" time="0.004" /><testcase classname="test_iter109_after_hours_metrics" name="test_after_hours_total_matches_by_day_sum" time="0.051"><failure message="AssertionError: sum(by_day)=134 != total=177&#10;assert 134 == 177">backend/tests/test_iter109_after_hours_metrics.py:136: in test_after_hours_total_matches_by_day_sum
    assert s == total, f"sum(by_day)={s} != total={total}"
E   AssertionError: sum(by_day)=134 != total=177
E   assert 134 == 177</failure></testcase></testsuite></testsuites>