<?xml version="1.0" encoding="utf-8"?><testsuites name="pytest tests"><testsuite name="pytest" errors="0" failures="0" skipped="0" tests="25" time="6.804" timestamp="2026-05-15T10:28:05.280394+00:00" hostname="agent-env-43695c10-da5b-4d81-a958-3ab98d1b85d6"><testcase classname="backend.tests.test_iter76_rede_ia" name="test_seed_gestor_rede" time="3.436" /><testcase classname="backend.tests.test_iter76_rede_ia.TestBairros" name="test_list_bairros" time="0.139" /><testcase classname="backend.tests.test_iter76_rede_ia.TestBairros" name="test_create_bairro_requires_role" time="0.096" /><testcase classname="backend.tests.test_iter76_rede_ia.TestBairros" name="test_create_bairro_admin" time="0.219" /><testcase classname="backend.tests.test_iter76_rede_ia.TestBairros" name="test_create_bairro_duplicate_returns_409" time="0.100" /><testcase classname="backend.tests.test_iter76_rede_ia.TestBairros" name="test_gestor_rede_can_create_bairro" time="0.213" /><testcase classname="backend.tests.test_iter76_rede_ia.TestBairros" name="test_update_bairro" time="0.095" /><testcase classname="backend.tests.test_iter76_rede_ia" name="test_suggest_name" time="0.123" /><testcase classname="backend.tests.test_iter76_rede_ia.TestCTO" name="test_create_cto_bad_capacity" time="0.106" /><testcase classname="backend.tests.test_iter76_rede_ia.TestCTO" name="test_create_cto_desbalanceada_needs_splitter" time="0.112" /><testcase classname="backend.tests.test_iter76_rede_ia.TestCTO" name="test_create_cto_unknown_sigla" time="0.139" /><testcase classname="backend.tests.test_iter76_rede_ia.TestCTO" name="test_create_cto_ok" time="0.114" /><testcase classname="backend.tests.test_iter76_rede_ia.TestCTO" name="test_create_cto_duplicate_returns_409" time="0.123" /><testcase classname="backend.tests.test_iter76_rede_ia.TestCTO" name="test_suggest_name_with_number_existing" time="0.147" /><testcase classname="backend.tests.test_iter76_rede_ia.TestCTO" name="test_pendencies_lists_cto" time="0.118" /><testcase classname="backend.tests.test_iter76_rede_ia.TestCTO" name="test_pendencies_blocked_for_colab" time="0.108" /><testcase classname="backend.tests.test_iter76_rede_ia.TestCTO" name="test_colab_cannot_validate" time="0.099" /><testcase classname="backend.tests.test_iter76_rede_ia.TestCTO" name="test_gestor_rede_approves" time="0.230" /><testcase classname="backend.tests.test_iter76_rede_ia.TestCTO" name="test_history_lists_entries" time="0.102" /><testcase classname="backend.tests.test_iter76_rede_ia.TestDiretrizes" name="test_get_default" time="0.101" /><testcase classname="backend.tests.test_iter76_rede_ia.TestDiretrizes" name="test_put_update" time="0.213" /><testcase classname="backend.tests.test_iter76_rede_ia.TestDiretrizes" name="test_put_blocked_for_colab" time="0.105" /><testcase classname="backend.tests.test_iter76_rede_ia" name="test_flowchart" time="0.123" /><testcase classname="backend.tests.test_iter76_rede_ia" name="test_analyze" time="0.112" /><testcase classname="backend.tests.test_iter76_rede_ia" name="test_zz_cleanup" time="0.270" /></testsuite></testsuites>