<?xml version="1.0" encoding="utf-8"?><testsuites name="pytest tests"><testsuite name="pytest" errors="0" failures="0" skipped="0" tests="11" time="60.771" timestamp="2026-05-16T02:17:35.027440+00:00" hostname="agent-env-43695c10-da5b-4d81-a958-3ab98d1b85d6"><testcase classname="backend.tests.test_iter78_wa_audio_typing" name="test_inbound_audio_empty_text_is_accepted" time="4.731" /><testcase classname="backend.tests.test_iter78_wa_audio_typing" name="test_inbound_audio_persisted_and_listed" time="11.178" /><testcase classname="backend.tests.test_iter78_wa_audio_typing" name="test_inbound_audio_webm_extension" time="6.334" /><testcase classname="backend.tests.test_iter78_wa_audio_typing" name="test_inbound_audio_requires_token" time="0.051" /><testcase classname="backend.tests.test_iter78_wa_audio_typing" name="test_inbound_empty_without_audio_is_ignored" time="0.052" /><testcase classname="backend.tests.test_iter78_wa_audio_typing" name="test_audio_file_served_with_query_token" time="8.439" /><testcase classname="backend.tests.test_iter78_wa_audio_typing" name="test_audio_file_requires_token" time="6.984" /><testcase classname="backend.tests.test_iter78_wa_audio_typing" name="test_audio_file_invalid_filename" time="0.214" /><testcase classname="backend.tests.test_iter78_wa_audio_typing" name="test_audio_file_existing_sample" time="0.104" /><testcase classname="backend.tests.test_iter78_wa_audio_typing" name="test_conversations_exposes_typing_fields" time="17.311" /><testcase classname="backend.tests.test_iter78_wa_audio_typing" name="test_ai_typing_flag_surfaces_via_api" time="5.348" /></testsuite></testsuites>