<?xml version="1.0" encoding="utf-8"?><testsuites name="pytest tests"><testsuite name="pytest" errors="0" failures="0" skipped="0" tests="14" time="211.277" timestamp="2026-05-15T08:43:43.959644+00:00" hostname="agent-env-43695c10-da5b-4d81-a958-3ab98d1b85d6"><testcase classname="backend.tests.test_iter75_secretaria_mass_ratelimit.TestSecretariaAsk" name="test_ask_valid_payload_returns_200" time="17.128" /><testcase classname="backend.tests.test_iter75_secretaria_mass_ratelimit.TestSecretariaAsk" name="test_ask_minimal_payload_returns_200" time="4.126" /><testcase classname="backend.tests.test_iter75_secretaria_mass_ratelimit.TestSecretariaAsk" name="test_ask_missing_question_returns_422" time="0.111" /><testcase classname="backend.tests.test_iter75_secretaria_mass_ratelimit.TestSecretariaAsk" name="test_ask_unauthorized" time="0.113" /><testcase classname="backend.tests.test_iter75_secretaria_mass_ratelimit.TestSecretariaAsk" name="test_ask_10_calls_below_dev_limit" time="178.571" /><testcase classname="backend.tests.test_iter75_secretaria_mass_ratelimit.TestMassCampaignCreate" name="test_create_campaign_valid_returns_200" time="0.236" /><testcase classname="backend.tests.test_iter75_secretaria_mass_ratelimit.TestMassCampaignCreate" name="test_5_calls_below_dev_limit" time="1.080" /><testcase classname="backend.tests.test_iter75_secretaria_mass_ratelimit.TestMassCampaignStart" name="test_start_with_zero_recipients_returns_400" time="0.353" /><testcase classname="backend.tests.test_iter75_secretaria_mass_ratelimit.TestMassCampaignStart" name="test_start_default_payload_does_not_422" time="0.367" /><testcase classname="backend.tests.test_iter75_secretaria_mass_ratelimit.TestWhatsappTwilioWebhook" name="test_twilio_webhook_accepts_post" time="1.565" /><testcase classname="backend.tests.test_iter75_secretaria_mass_ratelimit.TestWhatsappMetaWebhook" name="test_meta_webhook_accepts_post" time="0.109" /><testcase classname="backend.tests.test_iter75_secretaria_mass_ratelimit.TestRegression" name="test_financeiro_analytics_still_works" time="0.104" /><testcase classname="backend.tests.test_iter75_secretaria_mass_ratelimit.TestRegression" name="test_secretaria_config_no_ratelimit" time="2.107" /><testcase classname="backend.tests.test_iter75_secretaria_mass_ratelimit.TestRegression" name="test_auth_login_ratelimit_still_works" time="5.264" /></testsuite></testsuites>