<?xml version="1.0" encoding="utf-8"?><testsuites name="pytest tests"><testsuite name="pytest" errors="0" failures="0" skipped="0" tests="6" time="3.240" timestamp="2026-05-09T11:00:50.821289+00:00" hostname="agent-env-43695c10-da5b-4d81-a958-3ab98d1b85d6"><testcase classname="tests.test_iteration24_clock_in_enabled" name="test_create_collaborator_default_clock_in_enabled" time="0.605" /><testcase classname="tests.test_iteration24_clock_in_enabled" name="test_put_set_clock_in_enabled_false" time="0.208" /><testcase classname="tests.test_iteration24_clock_in_enabled" name="test_lousa_unlocked_when_clock_disabled" time="0.157" /><testcase classname="tests.test_iteration24_clock_in_enabled" name="test_lousa_locked_when_clock_enabled_no_entrada" time="0.218" /><testcase classname="tests.test_iteration24_clock_in_enabled" name="test_public_open_ticket_skips_clock_check_when_disabled" time="1.825" /><testcase classname="tests.test_iteration24_clock_in_enabled" name="test_clock_records_filter_works" time="0.202" /></testsuite></testsuites>