<?xml version="1.0" encoding="utf-8"?><testsuites name="pytest tests"><testsuite name="pytest" errors="0" failures="0" skipped="0" tests="6" time="1.172" timestamp="2026-05-18T22:02:36.590337+00:00" hostname="agent-env-43695c10-da5b-4d81-a958-3ab98d1b85d6"><testcase classname="backend.tests.test_iter97_reconcile_payments.TestReconcilePayments" name="test_endpoint_reachable_empty_period" time="0.469" /><testcase classname="backend.tests.test_iter97_reconcile_payments.TestReconcilePayments" name="test_auto_mark_match_score_100" time="0.100" /><testcase classname="backend.tests.test_iter97_reconcile_payments.TestReconcilePayments" name="test_idempotent_second_run_skips_reconciled" time="0.162" /><testcase classname="backend.tests.test_iter97_reconcile_payments.TestReconcilePayments" name="test_resolves_doc_via_subscriber_external_code" time="0.080" /><testcase classname="backend.tests.test_iter97_reconcile_payments.TestReconcilePayments" name="test_reconcile_confirm_manual_match" time="0.142" /><testcase classname="backend.tests.test_iter97_reconcile_payments.TestReconcilePayments" name="test_orphans_capped" time="0.106" /></testsuite></testsuites>