<?xml version="1.0" encoding="utf-8"?><testsuites name="pytest tests"><testsuite name="pytest" errors="0" failures="0" skipped="0" tests="35" time="8.578" timestamp="2026-05-22T21:56:05.953856+00:00" hostname="agent-env-43695c10-da5b-4d81-a958-3ab98d1b85d6"><testcase classname="test_iter117_projects_kanban.TestProjectCRUD" name="test_create_project_as_auditor" time="0.605" /><testcase classname="test_iter117_projects_kanban.TestProjectCRUD" name="test_create_project_invalid_status" time="0.190" /><testcase classname="test_iter117_projects_kanban.TestProjectCRUD" name="test_create_project_empty_title" time="0.103" /><testcase classname="test_iter117_projects_kanban.TestProjectCRUD" name="test_list_projects" time="0.173" /><testcase classname="test_iter117_projects_kanban.TestProjectCRUD" name="test_list_projects_with_filter" time="0.124" /><testcase classname="test_iter117_projects_kanban.TestProjectCRUD" name="test_list_projects_invalid_status_filter" time="0.155" /><testcase classname="test_iter117_projects_kanban.TestProjectCRUD" name="test_stats" time="0.134" /><testcase classname="test_iter117_projects_kanban.TestProjectCRUD" name="test_get_project" time="0.150" /><testcase classname="test_iter117_projects_kanban.TestProjectCRUD" name="test_get_project_404" time="0.110" /><testcase classname="test_iter117_projects_kanban.TestProjectCRUD" name="test_patch_status_transition_and_activity" time="0.548" /><testcase classname="test_iter117_projects_kanban.TestProjectCRUD" name="test_patch_status_invalid" time="0.143" /><testcase classname="test_iter117_projects_kanban.TestProjectCRUD" name="test_patch_404" time="0.124" /><testcase classname="test_iter117_projects_kanban.TestChecklist" name="test_setup_project" time="0.136" /><testcase classname="test_iter117_projects_kanban.TestChecklist" name="test_add_checklist_item" time="0.130" /><testcase classname="test_iter117_projects_kanban.TestChecklist" name="test_add_checklist_empty_text" time="0.117" /><testcase classname="test_iter117_projects_kanban.TestChecklist" name="test_add_checklist_proj_404" time="0.129" /><testcase classname="test_iter117_projects_kanban.TestChecklist" name="test_mark_done_and_undo" time="0.516" /><testcase classname="test_iter117_projects_kanban.TestChecklist" name="test_delete_checklist_item" time="0.266" /><testcase classname="test_iter117_projects_kanban.TestChecklist" name="test_checklist_activity_events" time="0.126" /><testcase classname="test_iter117_projects_kanban.TestFiles" name="test_setup_project" time="0.154" /><testcase classname="test_iter117_projects_kanban.TestFiles" name="test_upload_pdf" time="0.147" /><testcase classname="test_iter117_projects_kanban.TestFiles" name="test_upload_invalid_mime" time="0.127" /><testcase classname="test_iter117_projects_kanban.TestFiles" name="test_upload_size_limit" time="0.770" /><testcase classname="test_iter117_projects_kanban.TestFiles" name="test_upload_project_404" time="0.157" /><testcase classname="test_iter117_projects_kanban.TestFiles" name="test_download_file" time="0.128" /><testcase classname="test_iter117_projects_kanban.TestFiles" name="test_download_file_404" time="0.133" /><testcase classname="test_iter117_projects_kanban.TestFiles" name="test_get_project_includes_files" time="0.130" /><testcase classname="test_iter117_projects_kanban.TestFiles" name="test_delete_file" time="0.254" /><testcase classname="test_iter117_projects_kanban.TestFiles" name="test_files_activity_events" time="0.117" /><testcase classname="test_iter117_projects_kanban.TestRBAC" name="test_colaborador_cannot_create" time="0.476" /><testcase classname="test_iter117_projects_kanban.TestRBAC" name="test_colaborador_can_list" time="0.122" /><testcase classname="test_iter117_projects_kanban.TestRBAC" name="test_colaborador_cannot_patch" time="0.368" /><testcase classname="test_iter117_projects_kanban.TestCascadeDelete" name="test_delete_cascade" time="0.768" /><testcase classname="test_iter117_projects_kanban.TestCascadeDelete" name="test_delete_404" time="0.127" /><testcase classname="test_iter117_projects_kanban" name="test_zz_final_cleanup" time="0.547" /></testsuite></testsuites>