<?xml version="1.0" encoding="utf-8"?><testsuites name="pytest tests"><testsuite name="pytest" errors="0" failures="0" skipped="0" tests="23" time="5.701" timestamp="2026-06-07T20:28:24.644636+00:00" hostname="agent-env-43695c10-da5b-4d81-a958-3ab98d1b85d6"><testcase classname="test_iter217_pre_attendance_wa_campaigns.TestPreAttendanceCRUD" name="test_list_promos" time="0.532" /><testcase classname="test_iter217_pre_attendance_wa_campaigns.TestPreAttendanceCRUD" name="test_create_promo" time="0.123" /><testcase classname="test_iter217_pre_attendance_wa_campaigns.TestPreAttendanceCRUD" name="test_promo_persisted" time="0.148" /><testcase classname="test_iter217_pre_attendance_wa_campaigns.TestPreAttendanceCRUD" name="test_update_promo" time="0.246" /><testcase classname="test_iter217_pre_attendance_wa_campaigns.TestPreAttendanceCRUD" name="test_toggle_promo" time="0.325" /><testcase classname="test_iter217_pre_attendance_wa_campaigns.TestPreAttendanceCRUD" name="test_stats" time="0.131" /><testcase classname="test_iter217_pre_attendance_wa_campaigns.TestPreAttendanceCRUD" name="test_delete_promo" time="0.203" /><testcase classname="test_iter217_pre_attendance_wa_campaigns.TestPreAttendanceUpload" name="test_upload_valid_png" time="0.111" /><testcase classname="test_iter217_pre_attendance_wa_campaigns.TestPreAttendanceUpload" name="test_upload_with_data_uri_prefix" time="0.101" /><testcase classname="test_iter217_pre_attendance_wa_campaigns.TestPreAttendanceUpload" name="test_upload_invalid_too_small" time="0.148" /><testcase classname="test_iter217_pre_attendance_wa_campaigns.TestPreAttendanceUpload" name="test_upload_too_large" time="0.492" /><testcase classname="test_iter217_pre_attendance_wa_campaigns.TestPreAttendanceUpload" name="test_get_image" time="0.129" /><testcase classname="test_iter217_pre_attendance_wa_campaigns.TestPreAttendanceUpload" name="test_get_image_traversal_rejected" time="0.184" /><testcase classname="test_iter217_pre_attendance_wa_campaigns.TestServiceUnits" name="test_filter_matches_and_placeholders" time="0.147" /><testcase classname="test_iter217_pre_attendance_wa_campaigns.TestServiceUnits" name="test_was_dispatched_recently" time="0.004" /><testcase classname="test_iter217_pre_attendance_wa_campaigns.TestWACampaigns" name="test_list_with_filter" time="0.487" /><testcase classname="test_iter217_pre_attendance_wa_campaigns.TestWACampaigns" name="test_create_draft" time="0.111" /><testcase classname="test_iter217_pre_attendance_wa_campaigns.TestWACampaigns" name="test_get_draft_detail" time="0.145" /><testcase classname="test_iter217_pre_attendance_wa_campaigns.TestWACampaigns" name="test_edit_draft" time="0.247" /><testcase classname="test_iter217_pre_attendance_wa_campaigns.TestWACampaigns" name="test_approve_dispatch" time="0.333" /><testcase classname="test_iter217_pre_attendance_wa_campaigns.TestWACampaigns" name="test_approve_empty_recipients_fails" time="0.214" /><testcase classname="test_iter217_pre_attendance_wa_campaigns.TestWACampaigns" name="test_edit_after_dispatch_409" time="0.727" /><testcase classname="test_iter217_pre_attendance_wa_campaigns.TestWACampaigns" name="test_reject_draft" time="0.326" /></testsuite></testsuites>