<?xml version="1.0" encoding="utf-8"?><testsuites name="pytest tests"><testsuite name="pytest" errors="0" failures="0" skipped="1" tests="19" time="3.239" timestamp="2026-06-15T22:55:50.463628+00:00" hostname="agent-env-43695c10-da5b-4d81-a958-3ab98d1b85d6"><testcase classname="test_iter242_isabella_neg_and_interactions.TestNegotiationRulesGet" name="test_get_returns_4_canonical_actions" time="0.246" /><testcase classname="test_iter242_isabella_neg_and_interactions.TestNegotiationRulesPut" name="test_put_gestor_forbidden" time="0.102" /><testcase classname="test_iter242_isabella_neg_and_interactions.TestNegotiationRulesPut" name="test_put_admin_merges_deep_preserves_others" time="0.105" /><testcase classname="test_iter242_isabella_neg_and_interactions.TestNegotiationRulesCanOffer" name="test_discount_disabled_blocks" time="0.221" /><testcase classname="test_iter242_isabella_neg_and_interactions.TestNegotiationRulesCanOffer" name="test_discount_enabled_within_max_allowed" time="0.217" /><testcase classname="test_iter242_isabella_neg_and_interactions.TestNegotiationRulesCanOffer" name="test_discount_pct_above_max_blocked" time="0.110" /><testcase classname="test_iter242_isabella_neg_and_interactions.TestNegotiationRulesCanOffer" name="test_promise_dias_above_max_blocked" time="0.218" /><testcase classname="test_iter242_isabella_neg_and_interactions.TestNegotiationRulesCanOffer" name="test_installment_requires_human_blocks" time="0.231" /><testcase classname="test_iter242_isabella_neg_and_interactions.TestNegotiationAttempts" name="test_list_attempts_paginated" time="0.099" /><testcase classname="test_iter242_isabella_neg_and_interactions.TestNegotiationAttempts" name="test_list_attempts_filter_by_action" time="0.108" /><testcase classname="test_iter242_isabella_neg_and_interactions.TestHandoff" name="test_handoff_creates_ticket_and_interaction" time="0.109" /><testcase classname="test_iter242_isabella_neg_and_interactions.TestHandoff" name="test_handoff_missing_subscriber_and_phone_returns_400" time="0.108" /><testcase classname="test_iter242_isabella_neg_and_interactions.TestHandoff" name="test_handoff_short_reason_returns_400" time="0.108" /><testcase classname="test_iter242_isabella_neg_and_interactions.TestHandoff" name="test_handoff_invalid_urgency_returns_400" time="0.117" /><testcase classname="test_iter242_isabella_neg_and_interactions.TestTimeline360" name="test_timeline_returns_structure" time="0.109" /><testcase classname="test_iter242_isabella_neg_and_interactions.TestTimeline360" name="test_timeline_ordered_desc" time="0.107" /><testcase classname="test_iter242_isabella_neg_and_interactions.TestPostNoteInteraction" name="test_post_note_and_appears_in_timeline" time="0.261" /><testcase classname="test_iter242_isabella_neg_and_interactions.TestHandoffsList" name="test_list_handoffs_aberta_finds_handoff_tickets" time="0.210" /><testcase classname="test_iter242_isabella_neg_and_interactions.TestHandoffsList" name="test_list_handoffs_default_status_broken_bug" time="0.215"><skipped type="pytest.skip" message="BUG CONFIRMADO: default status='aberto' nunca casa porque tickets sao salvos como 'aberta' (STATUS_ALIASES). Fix: usar 'aberta' como default em routes/interactions.py">/app/backend/tests/test_iter242_isabella_neg_and_interactions.py:303: BUG CONFIRMADO: default status='aberto' nunca casa porque tickets sao salvos como 'aberta' (STATUS_ALIASES). Fix: usar 'aberta' como default em routes/interactions.py</skipped></testcase></testsuite></testsuites>