<?xml version="1.0" encoding="utf-8"?><testsuites name="pytest tests"><testsuite name="pytest" errors="0" failures="0" skipped="0" tests="7" time="1.244" timestamp="2026-06-15T22:30:58.740658+00:00" hostname="agent-env-43695c10-da5b-4d81-a958-3ab98d1b85d6"><testcase classname="test_iter_p0_ceo_filial.TestKpisByFilial" name="test_happy_path_month_range" time="0.196" /><testcase classname="test_iter_p0_ceo_filial.TestKpisByFilial" name="test_default_current_month" time="0.147" /><testcase classname="test_iter_p0_ceo_filial.TestKpisByFilial" name="test_invalid_period" time="0.108" /><testcase classname="test_iter_p0_ceo_filial.TestKpisByFilial" name="test_requires_auth" time="0.102" /><testcase classname="test_iter_p0_ceo_filial.TestPaymentsFilialFilter" name="test_filter_filial_none" time="0.138" /><testcase classname="test_iter_p0_ceo_filial.TestPaymentsFilialFilter" name="test_filter_specific_filial" time="0.218" /><testcase classname="test_iter_p0_ceo_filial.TestPostPaymentFilialValidation" name="test_post_invalid_filial_404" time="0.114" /></testsuite></testsuites>