<?xml version="1.0" encoding="utf-8"?><testsuites name="pytest tests"><testsuite name="pytest" errors="0" failures="0" skipped="0" tests="10" time="2.511" timestamp="2026-05-14T18:09:06.965527+00:00" hostname="agent-env-43695c10-da5b-4d81-a958-3ab98d1b85d6"><testcase classname="backend.tests.test_iter68_holerite_sign_govbr.TestByCollaboratorFilter" name="test_returns_only_paid_available" time="0.258" /><testcase classname="backend.tests.test_iter68_holerite_sign_govbr.TestByCollaboratorFilter" name="test_unknown_collab_returns_404" time="0.141" /><testcase classname="backend.tests.test_iter68_holerite_sign_govbr.TestSignUpload" name="test_upload_unsigned_pdf_returns_warning" time="0.290" /><testcase classname="backend.tests.test_iter68_holerite_sign_govbr.TestSignUpload" name="test_upload_signed_pdf_marks_valid" time="0.130" /><testcase classname="backend.tests.test_iter68_holerite_sign_govbr.TestSignUpload" name="test_upload_non_pdf_returns_400" time="0.158" /><testcase classname="backend.tests.test_iter68_holerite_sign_govbr.TestSignUpload" name="test_upload_too_large_returns_413" time="0.811" /><testcase classname="backend.tests.test_iter68_holerite_sign_govbr.TestSignUpload" name="test_upload_unknown_doc_returns_404" time="0.136" /><testcase classname="backend.tests.test_iter68_holerite_sign_govbr.TestSignedFile" name="test_get_signed_file_after_upload" time="0.235" /><testcase classname="backend.tests.test_iter68_holerite_sign_govbr.TestSignedFile" name="test_get_signed_file_unknown_doc_returns_404" time="0.133" /><testcase classname="backend.tests.test_iter68_holerite_sign_govbr.TestPayDatePersisted" name="test_pay_date_present_on_existing_doc" time="0.185" /></testsuite></testsuites>