<?xml version="1.0" encoding="utf-8"?><testsuites name="pytest tests"><testsuite name="pytest" errors="0" failures="0" skipped="0" tests="17" time="3.488" timestamp="2026-05-10T22:17:25.909274+00:00" hostname="agent-env-43695c10-da5b-4d81-a958-3ab98d1b85d6"><testcase classname="backend.tests.test_iter47_plans_and_subscriber_rules.TestPlans" name="test_list_plans" time="0.495" /><testcase classname="backend.tests.test_iter47_plans_and_subscriber_rules.TestPlans" name="test_create_plan_speed_label_derived" time="0.222" /><testcase classname="backend.tests.test_iter47_plans_and_subscriber_rules.TestPlans" name="test_duplicate_name_409" time="0.239" /><testcase classname="backend.tests.test_iter47_plans_and_subscriber_rules.TestPlans" name="test_get_and_update_plan" time="0.216" /><testcase classname="backend.tests.test_iter47_plans_and_subscriber_rules.TestPlans" name="test_update_rename_to_existing_409" time="0.243" /><testcase classname="backend.tests.test_iter47_plans_and_subscriber_rules.TestSubscriberRules" name="test_regra1_external_code_autogen_ignores_hack" time="0.126" /><testcase classname="backend.tests.test_iter47_plans_and_subscriber_rules.TestSubscriberRules" name="test_regra1_external_code_immutable_on_patch" time="0.098" /><testcase classname="backend.tests.test_iter47_plans_and_subscriber_rules.TestSubscriberRules" name="test_regra2_auto_nickname_first_name" time="0.112" /><testcase classname="backend.tests.test_iter47_plans_and_subscriber_rules.TestSubscriberRules" name="test_regra2_keeps_custom_nickname" time="0.122" /><testcase classname="backend.tests.test_iter47_plans_and_subscriber_rules.TestSubscriberRules" name="test_regra2_name_change_auto_updates_default_nickname" time="0.108" /><testcase classname="backend.tests.test_iter47_plans_and_subscriber_rules.TestSubscriberRules" name="test_regra2_name_change_preserves_custom_nickname" time="0.104" /><testcase classname="backend.tests.test_iter47_plans_and_subscriber_rules.TestSubscriberRules" name="test_regra3_all_phones_primary_on_create" time="0.110" /><testcase classname="backend.tests.test_iter47_plans_and_subscriber_rules.TestSubscriberRules" name="test_regra3_add_phone_endpoint_forces_primary" time="0.144" /><testcase classname="backend.tests.test_iter47_plans_and_subscriber_rules.TestSubscriberRules" name="test_regra4_plan_snapshot_hydration_on_create" time="0.104" /><testcase classname="backend.tests.test_iter47_plans_and_subscriber_rules.TestSubscriberRules" name="test_regra4_plan_re_hydrate_on_patch" time="0.112" /><testcase classname="backend.tests.test_iter47_plans_and_subscriber_rules.TestSubscriberRules" name="test_delete_plan_in_use_409" time="0.105" /><testcase classname="backend.tests.test_iter47_plans_and_subscriber_rules" name="test_zzz_cleanup" time="0.801" /></testsuite></testsuites>