<?xml version="1.0" encoding="utf-8"?><testsuites name="pytest tests"><testsuite name="pytest" errors="0" failures="0" skipped="0" tests="20" time="28.861" timestamp="2026-05-10T20:53:53.536004+00:00" hostname="agent-env-43695c10-da5b-4d81-a958-3ab98d1b85d6"><testcase classname="backend.tests.test_iter44_coaching.TestCoachingList" name="test_coaching_list_shape" time="0.241" /><testcase classname="backend.tests.test_iter44_coaching.TestCoachingList" name="test_coaching_unread_only" time="0.004" /><testcase classname="backend.tests.test_iter44_coaching.TestCoachingList" name="test_coaching_filter_by_user" time="0.007" /><testcase classname="backend.tests.test_iter44_coaching.TestCoachingList" name="test_coaching_requires_auth" time="0.002" /><testcase classname="backend.tests.test_iter44_coaching.TestCoachingByUser" name="test_by_user_shape" time="0.004" /><testcase classname="backend.tests.test_iter44_coaching.TestCoachingGenerate" name="test_generate_for_ai_only_returns_400_with_IA" time="1.299" /><testcase classname="backend.tests.test_iter44_coaching.TestCoachingGenerate" name="test_generate_for_human_returns_doc" time="5.339" /><testcase classname="backend.tests.test_iter44_coaching.TestCoachingAction" name="test_action_acknowledged" time="5.772" /><testcase classname="backend.tests.test_iter44_coaching.TestCoachingAction" name="test_action_read" time="5.454" /><testcase classname="backend.tests.test_iter44_coaching.TestCoachingAction" name="test_action_dismiss" time="5.516" /><testcase classname="backend.tests.test_iter44_coaching.TestCoachingAction" name="test_action_invalid" time="0.004" /><testcase classname="backend.tests.test_iter44_coaching.TestCoachingAction" name="test_action_not_found" time="0.004" /><testcase classname="backend.tests.test_iter44_coaching.TestAutoTrigger" name="test_auto_trigger_on_evaluate" time="5.101" /><testcase classname="backend.tests.test_iter44_coaching.TestRegression" name="test_kpis" time="0.005" /><testcase classname="backend.tests.test_iter44_coaching.TestRegression" name="test_attendants" time="0.005" /><testcase classname="backend.tests.test_iter44_coaching.TestRegression" name="test_intents" time="0.004" /><testcase classname="backend.tests.test_iter44_coaching.TestRegression" name="test_alerts" time="0.008" /><testcase classname="backend.tests.test_iter44_coaching.TestRegression" name="test_evaluations" time="0.004" /><testcase classname="backend.tests.test_iter44_coaching.TestRegression" name="test_wa_qr" time="0.026" /><testcase classname="backend.tests.test_iter44_coaching.TestRegression" name="test_wa_conversations" time="0.006" /></testsuite></testsuites>