<?xml version="1.0" encoding="utf-8"?><testsuites name="pytest tests"><testsuite name="pytest" errors="0" failures="0" skipped="0" tests="7" time="22.831" timestamp="2026-05-18T21:29:15.790224+00:00" hostname="agent-env-43695c10-da5b-4d81-a958-3ab98d1b85d6"><testcase classname="backend.tests.test_iter95_bank_import_sources.TestUploadSources" name="test_upload_sicoob_default" time="3.575" /><testcase classname="backend.tests.test_iter95_bank_import_sources.TestUploadSources" name="test_upload_outros_source_persisted" time="2.794" /><testcase classname="backend.tests.test_iter95_bank_import_sources.TestUploadSources" name="test_upload_invalid_source_falls_back_to_sicoob" time="2.915" /><testcase classname="backend.tests.test_iter95_bank_import_sources.TestAtlazFetch" name="test_atlaz_summary" time="0.075" /><testcase classname="backend.tests.test_iter95_bank_import_sources.TestAtlazFetch" name="test_atlaz_fetch_returns_staging" time="13.188" /><testcase classname="backend.tests.test_iter95_bank_import_sources.TestAtlazFetch" name="test_atlaz_fetch_empty_window_returns_404" time="0.072" /><testcase classname="backend.tests.test_iter95_bank_import_sources.TestAtlazFetch" name="test_atlaz_confirm_creates_income_movement" time="0.168" /></testsuite></testsuites>