<?xml version="1.0" encoding="utf-8"?><testsuites name="pytest tests"><testsuite name="pytest" errors="0" failures="2" skipped="0" tests="8" time="28.407" timestamp="2026-05-13T05:23:53.559664+00:00" hostname="agent-env-43695c10-da5b-4d81-a958-3ab98d1b85d6"><testcase classname="backend.tests.test_whatsapp_lid.TestInboundLidNoSenderPn" name="test_inbound_lid_pure" time="4.374"><failure message="AssertionError: assert None == '999999999999999'&#10; +  where None = &lt;built-in method get of dict object at 0xfc6b9310b000&gt;('phone')&#10; +    where &lt;built-in method get of dict object at 0xfc6b9310b000&gt; = {'auto_reply': 'Olá! #x1F60A Tudo bem? Você já é cliente da Conexão Rápida ou está interessado em contratar um plano novo?', 'ok': True, 'subscriber_id': None}.get">backend/tests/test_whatsapp_lid.py:71: in test_inbound_lid_pure
    assert data.get("phone") == LID_NO_PN
E   AssertionError: assert None == '999999999999999'
E    +  where None = &lt;built-in method get of dict object at 0xfc6b9310b000&gt;('phone')
E    +    where &lt;built-in method get of dict object at 0xfc6b9310b000&gt; = {'auto_reply': 'Olá! #x1F60A Tudo bem? Você já é cliente da Conexão Rápida ou está interessado em contratar um plano novo?', 'ok': True, 'subscriber_id': None}.get</failure></testcase><testcase classname="backend.tests.test_whatsapp_lid.TestInboundLidNoSenderPn" name="test_conversation_marked_phone_is_lid" time="0.179" /><testcase classname="backend.tests.test_whatsapp_lid.TestInboundLidWithSenderPn" name="test_inbound_resolves_to_real_phone" time="18.692" /><testcase classname="backend.tests.test_whatsapp_lid.TestInboundLidWithSenderPn" name="test_conversation_uses_real_phone_not_lid" time="0.163" /><testcase classname="backend.tests.test_whatsapp_lid.TestInboundLidWithSenderPn" name="test_lid_map_persisted" time="0.136" /><testcase classname="backend.tests.test_whatsapp_lid.TestManualLidLink" name="test_manual_link" time="0.105" /><testcase classname="backend.tests.test_whatsapp_lid.TestManualLidLink" name="test_conversation_migrated" time="0.191"><failure message="AssertionError: assert None is not None&#10; +  where None = &lt;built-in method get of dict object at 0xfc6b930a5b80&gt;('lid_linked_at')&#10; +    where &lt;built-in method get of dict object at 0xfc6b930a5b80&gt; = {'assignee_avatar': None, 'assignee_name': 'Isabella (IA)', 'assignee_role': 'ai', 'assignee_user_id': None, ...}.get">backend/tests/test_whatsapp_lid.py:153: in test_conversation_migrated
    assert new.get("lid_linked_at") is not None
E   AssertionError: assert None is not None
E    +  where None = &lt;built-in method get of dict object at 0xfc6b930a5b80&gt;('lid_linked_at')
E    +    where &lt;built-in method get of dict object at 0xfc6b930a5b80&gt; = {'assignee_avatar': None, 'assignee_name': 'Isabella (IA)', 'assignee_role': 'ai', 'assignee_user_id': None, ...}.get</failure></testcase><testcase classname="backend.tests.test_whatsapp_lid.TestAutoResolveLidAfterLink" name="test_next_message_routed_to_real_phone" time="4.505" /></testsuite></testsuites>