<?xml version="1.0" encoding="utf-8"?><testsuites name="pytest tests"><testsuite name="pytest" errors="0" failures="0" skipped="1" tests="27" time="7.712" timestamp="2026-05-09T00:47:31.206871+00:00" hostname="agent-env-43695c10-da5b-4d81-a958-3ab98d1b85d6"><testcase classname="backend.tests.test_lousa_merge.TestAuth" name="test_login_admin" time="3.015" /><testcase classname="backend.tests.test_lousa_merge.TestAuth" name="test_login_gestor" time="0.299" /><testcase classname="backend.tests.test_lousa_merge.TestAuth" name="test_login_colaborador" time="0.287" /><testcase classname="backend.tests.test_lousa_merge.TestAuth" name="test_login_wrong_password" time="0.290" /><testcase classname="backend.tests.test_lousa_merge.TestAuth" name="test_auth_me" time="0.360" /><testcase classname="backend.tests.test_lousa_merge.TestLousaRead" name="test_lousa_by_collaborator_public" time="0.075" /><testcase classname="backend.tests.test_lousa_merge.TestLousaRead" name="test_lousa_by_collaborator_not_found" time="0.066" /><testcase classname="backend.tests.test_lousa_merge.TestLousaRead" name="test_lousa_me_colaborador" time="0.366" /><testcase classname="backend.tests.test_lousa_merge.TestLousaRead" name="test_lousa_me_gestor_forbidden" time="0.070" /><testcase classname="backend.tests.test_lousa_merge.TestLousaRead" name="test_lousa_all_gestor" time="0.098" /><testcase classname="backend.tests.test_lousa_merge.TestLousaRead" name="test_lousa_all_admin_super_role" time="0.348" /><testcase classname="backend.tests.test_lousa_merge.TestLousaRead" name="test_lousa_all_colaborador_forbidden" time="0.063" /><testcase classname="backend.tests.test_lousa_merge.TestLousaStateMachine" name="test_public_open_blocked_before_entrada" time="0.155" /><testcase classname="backend.tests.test_lousa_merge.TestLousaCRUD" name="test_create_ticket_as_gestor" time="0.693" /><testcase classname="backend.tests.test_lousa_merge.TestLousaCRUD" name="test_create_ticket_as_colaborador_forbidden" time="0.081" /><testcase classname="backend.tests.test_lousa_merge.TestLousaCRUD" name="test_admin_close_ticket" time="0.077" /><testcase classname="backend.tests.test_lousa_merge.TestLousaCRUD" name="test_admin_close_already_closed" time="0.074" /><testcase classname="backend.tests.test_lousa_merge.TestLousaCRUD" name="test_admin_creates_ticket_super_role" time="0.628" /><testcase classname="backend.tests.test_lousa_merge.TestLousaCRUD" name="test_cleanup_created" time="0.068" /><testcase classname="backend.tests.test_lousa_merge.TestNotifications" name="test_list_as_gestor" time="0.064" /><testcase classname="backend.tests.test_lousa_merge.TestNotifications" name="test_list_as_admin_super_role" time="0.068" /><testcase classname="backend.tests.test_lousa_merge.TestNotifications" name="test_list_as_colab_forbidden" time="0.069" /><testcase classname="backend.tests.test_lousa_merge.TestNotifications" name="test_mark_read" time="0.060"><skipped type="pytest.skip" message="Sem notificações para marcar como lida">/app/backend/tests/test_lousa_merge.py:257: Sem notificações para marcar como lida</skipped></testcase><testcase classname="backend.tests.test_lousa_merge.TestNotifications" name="test_read_all" time="0.066" /><testcase classname="backend.tests.test_lousa_merge.TestSmart2Regression" name="test_saas_me" time="0.062" /><testcase classname="backend.tests.test_lousa_merge.TestSmart2Regression" name="test_collaborators_list" time="0.084" /><testcase classname="backend.tests.test_lousa_merge.TestSmart2Regression" name="test_auth_me_colab" time="0.072" /></testsuite></testsuites>