<?xml version="1.0" encoding="utf-8"?><testsuites name="pytest tests"><testsuite name="pytest" errors="0" failures="0" skipped="0" tests="10" time="1.737" timestamp="2026-06-18T06:11:35.628249+00:00" hostname="agent-env-43695c10-da5b-4d81-a958-3ab98d1b85d6"><testcase classname="test_onda_c_lousa_http" name="test_http_bug4_instalacao_sem_ont" time="0.311" /><testcase classname="test_onda_c_lousa_http" name="test_http_bug4_instalacao_sem_drop" time="0.151" /><testcase classname="test_onda_c_lousa_http" name="test_http_bug4_instalacao_sem_conector_sem_just" time="0.120" /><testcase classname="test_onda_c_lousa_http" name="test_http_bug4_instalacao_completa_nao_bloqueia_bug4" time="0.138" /><testcase classname="test_onda_c_lousa_http" name="test_http_bug4_retirada_sem_ont" time="0.146" /><testcase classname="test_onda_c_lousa_http" name="test_http_bug4_reparo_sem_material_sem_just" time="0.108" /><testcase classname="test_onda_c_lousa_http" name="test_http_bug4_reparo_com_justificativa_libera" time="0.128" /><testcase classname="test_onda_c_lousa_http" name="test_http_bug6_swap_detectado_gera_evento" time="0.146" /><testcase classname="test_onda_c_lousa_http" name="test_http_bug6_sem_swap_quando_ont_igual" time="0.153" /><testcase classname="test_onda_c_lousa_http" name="test_http_bug6_idempotente_double_finalize" time="0.293" /></testsuite></testsuites>