<?xml version="1.0" encoding="utf-8"?><testsuites name="pytest tests"><testsuite name="pytest" errors="0" failures="1" skipped="1" tests="11" time="2.228" timestamp="2026-06-16T19:51:16.724990+00:00" hostname="agent-env-43695c10-da5b-4d81-a958-3ab98d1b85d6"><testcase classname="test_onda2_iter246.TestR14GenesisValuation" name="test_onts_bulk_genesis_writes_valuation" time="0.788" /><testcase classname="test_onda2_iter246.TestDecoratorRequiresTransferAudit" name="test_unit_async_func_no_transfer_raises_400" time="0.291" /><testcase classname="test_onda2_iter246.TestDecoratorRequiresTransferAudit" name="test_unit_skipped_flag_bypasses" time="0.000" /><testcase classname="test_onda2_iter246.TestDecoratorRequiresTransferAudit" name="test_transfer_to_tech_inexistent_mac_returns_400_blocked" time="0.249" /><testcase classname="test_onda2_iter246.TestDecoratorRequiresTransferAudit" name="test_transfer_to_tech_bulk_inexistent_mac_returns_200_skipped" time="0.117" /><testcase classname="test_onda2_iter246.TestDecoratorRequiresTransferAudit" name="test_reconcile_with_olt_skipped_when_no_reconcile" time="0.156" /><testcase classname="test_onda2_iter246.TestManualWithdraw" name="test_manual_withdraw_missing_reason_field_in_model" time="0.114"><failure message="AssertionError: manual-withdraw raised 500: Internal Server Error&#10;assert 500 != 500&#10; +  where 500 = &lt;Response [500]&gt;.status_code">E   AssertionError: manual-withdraw raised 500: Internal Server Error
    assert 500 != 500
     +  where 500 = &lt;Response [500]&gt;.status_code</failure></testcase><testcase classname="test_onda2_iter246.TestFieldOpsEquipmentReturn" name="test_recovered_false_returns_audit_fields_as_none" time="0.117"><skipped type="pytest.skip" message="admin not linked to tecnico (403): {&quot;detail&quot;:&quot;Seu usuário não está vinculado a um colaborador. Peça ao gestor para vincular em Cadastro &gt; Colaboradores.&quot;}">/app/backend/tests/test_onda2_iter246.py:247: admin not linked to tecnico (403): {"detail":"Seu usuário não está vinculado a um colaborador. Peça ao gestor para vincular em Cadastro &gt; Colaboradores."}</skipped></testcase><testcase classname="test_onda2_iter246.TestRegression" name="test_transfer_to_tech_requires_reason" time="0.112" /><testcase classname="test_onda2_iter246.TestRegression" name="test_bulk_transfer_requires_reason" time="0.103" /><testcase classname="test_onda2_iter246.TestRegression" name="test_return_to_company_requires_reason" time="0.147" /></testsuite></testsuites>