<?xml version="1.0" encoding="utf-8"?><testsuites name="pytest tests"><testsuite name="pytest" errors="0" failures="1" skipped="0" tests="17" time="0.456" timestamp="2026-06-16T14:07:27.262357+00:00" hostname="agent-env-43695c10-da5b-4d81-a958-3ab98d1b85d6"><testcase classname="test_onda1_e2e_http.TestOnda12Reset" name="test_reset_rejects_without_reason" time="0.015" /><testcase classname="test_onda1_e2e_http.TestOnda12Reset" name="test_reset_happy_path" time="0.016" /><testcase classname="test_onda1_e2e_http.TestOnda12ResetGranular" name="test_granular_rejects_without_reason" time="0.006" /><testcase classname="test_onda1_e2e_http.TestOnda12ResetGranular" name="test_granular_happy_path" time="0.011"><failure message="AssertionError: before_snapshot.docs has only 0 (expected ≥1)&#10;assert 0 &gt;= 1&#10; +  where 0 = len([])">E   AssertionError: before_snapshot.docs has only 0 (expected ≥1)
    assert 0 &gt;= 1
     +  where 0 = len([])</failure></testcase><testcase classname="test_onda1_e2e_http.TestOnda13DeletePurchase" name="test_delete_rejects_without_reason_code" time="0.009" /><testcase classname="test_onda1_e2e_http.TestOnda13DeletePurchase" name="test_delete_happy_path" time="0.013" /><testcase classname="test_onda1_e2e_http.TestOnda13BatchDelete" name="test_batch_rejects_without_reason" time="0.008" /><testcase classname="test_onda1_e2e_http.TestOnda13BatchDelete" name="test_batch_happy_path" time="0.017" /><testcase classname="test_onda1_e2e_http.TestOnda13WipeTickets" name="test_wipe_rejects_without_reason" time="0.005" /><testcase classname="test_onda1_e2e_http.TestOnda13WipeTickets" name="test_wipe_happy_path_with_reverse_trail" time="0.009" /><testcase classname="test_onda1_e2e_http.TestOnda14ScrapRevert" name="test_scrap_rejects_without_code" time="0.008" /><testcase classname="test_onda1_e2e_http.TestOnda14ScrapRevert" name="test_scrap_happy_path" time="0.010" /><testcase classname="test_onda1_e2e_http.TestOnda14ScrapRevert" name="test_revert_rejects_without_code" time="0.007" /><testcase classname="test_onda1_e2e_http.TestOnda14ScrapRevert" name="test_revert_happy_path_outro_requires_20_chars" time="0.016" /><testcase classname="test_onda1_e2e_http.TestCrossCutting" name="test_invalid_reason_code_rejected" time="0.010" /><testcase classname="test_onda1_e2e_http.TestCrossCutting" name="test_outro_requires_20_chars_in_reset" time="0.011" /><testcase classname="test_onda1_e2e_http.TestCrossCutting" name="test_destructive_collection_isolated" time="0.001" /></testsuite></testsuites>