<?xml version="1.0" encoding="utf-8"?><testsuites name="pytest tests"><testsuite name="pytest" errors="0" failures="0" skipped="0" tests="18" time="7.783" timestamp="2026-06-04T04:48:56.201607+00:00" hostname="agent-env-43695c10-da5b-4d81-a958-3ab98d1b85d6"><testcase classname="test_security_home_mvp.TestPortalAuth" name="test_portal_login_success" time="2.754" /><testcase classname="test_security_home_mvp.TestPortalAuth" name="test_portal_login_wrong_password" time="0.363" /><testcase classname="test_security_home_mvp.TestPortalAuth" name="test_portal_login_nonexistent_user" time="0.116" /><testcase classname="test_security_home_mvp.TestAdminSites" name="test_list_sites" time="0.481" /><testcase classname="test_security_home_mvp.TestAdminSites" name="test_create_update_delete_site" time="0.224" /><testcase classname="test_security_home_mvp.TestAdminTenants" name="test_list_and_create_tenant" time="0.111" /><testcase classname="test_security_home_mvp.TestSensorsAndArming" name="test_list_sensors" time="0.113" /><testcase classname="test_security_home_mvp.TestSensorsAndArming" name="test_create_and_delete_sensor" time="0.154" /><testcase classname="test_security_home_mvp.TestSensorsAndArming" name="test_admin_arm_disarm_persists" time="0.169" /><testcase classname="test_security_home_mvp.TestContactIdIngest" name="test_ingest_no_token_rejected" time="0.193" /><testcase classname="test_security_home_mvp.TestContactIdIngest" name="test_ingest_wrong_token_rejected" time="0.123" /><testcase classname="test_security_home_mvp.TestContactIdIngest" name="test_ingest_burglary_creates_alarm_and_triggers_sensor" time="0.850" /><testcase classname="test_security_home_mvp.TestContactIdIngest" name="test_ingest_disarm_updates_arm_state" time="0.204" /><testcase classname="test_security_home_mvp.TestPortalOperations" name="test_portal_me" time="0.108" /><testcase classname="test_security_home_mvp.TestPortalOperations" name="test_portal_sites" time="0.050" /><testcase classname="test_security_home_mvp.TestPortalOperations" name="test_portal_sensors_arm_disarm_panic" time="0.830" /><testcase classname="test_security_home_mvp.TestPortalOperations" name="test_portal_no_token_unauthorized" time="0.100" /><testcase classname="test_security_home_mvp.TestPortalUserMgmt" name="test_list_create_delete_portal_user" time="0.769" /></testsuite></testsuites>