<?xml version="1.0" encoding="utf-8"?><testsuites name="pytest tests"><testsuite name="pytest" errors="0" failures="0" skipped="0" tests="16" time="1.648" timestamp="2026-06-17T01:59:46.408463+00:00" hostname="agent-env-43695c10-da5b-4d81-a958-3ab98d1b85d6"><testcase classname="test_sprint3_backfill_iter248.TestBackfillDBState" name="test_synthetic_total_31" time="0.016" /><testcase classname="test_sprint3_backfill_iter248.TestBackfillDBState" name="test_synthetic_needs_human_review_15" time="0.001" /><testcase classname="test_sprint3_backfill_iter248.TestBackfillDBState" name="test_synthetic_by_type_breakdown" time="0.001" /><testcase classname="test_sprint3_backfill_iter248.TestBackfillDBState" name="test_canonical_audit_NOT_polluted" time="0.001" /><testcase classname="test_sprint3_backfill_iter248.TestBackfillDBState" name="test_stok_onts_flags_marked" time="0.002" /><testcase classname="test_sprint3_backfill_iter248.TestWatchtowerSummary" name="test_4_cards_schema" time="0.612" /><testcase classname="test_sprint3_backfill_iter248.TestWatchtowerSummary" name="test_alertas_has_trilha_sintetica_field" time="0.001" /><testcase classname="test_sprint3_backfill_iter248.TestWatchtowerSummary" name="test_alertas_trilha_sintetica_eq_15" time="0.000" /><testcase classname="test_sprint3_backfill_iter248.TestWatchtowerSummary" name="test_alertas_sem_trilha_residual" time="0.001" /><testcase classname="test_sprint3_backfill_iter248.TestWatchtowerSummary" name="test_alertas_total_inclui_trilha_sintetica" time="0.000" /><testcase classname="test_sprint3_backfill_iter248.TestAIRoutesRefactor" name="test_install_uses_execute_transfer_with_origin_ai_scan_install" time="0.001" /><testcase classname="test_sprint3_backfill_iter248.TestAIRoutesRefactor" name="test_withdraw_unified_via_execute_transfer" time="0.000" /><testcase classname="test_sprint3_backfill_iter248.TestAIRoutesRefactor" name="test_ai_review_return_to_company_uses_execute_transfer" time="0.001" /><testcase classname="test_sprint3_backfill_iter248.TestAIRoutesRefactor" name="test_ai_review_approve_reuse_no_transfer" time="0.001" /><testcase classname="test_sprint3_backfill_iter248.TestAIRoutesRefactor" name="test_ai_review_scrap_defect_no_transfer" time="0.000" /><testcase classname="test_sprint3_backfill_iter248.TestBackfillIdempotency" name="test_dry_run_zero_orphans" time="0.892" /></testsuite></testsuites>