<?xml version="1.0" encoding="utf-8"?><testsuites name="pytest tests"><testsuite name="pytest" errors="0" failures="0" skipped="0" tests="3" time="0.873" timestamp="2026-05-22T05:28:12.301131+00:00" hostname="agent-env-43695c10-da5b-4d81-a958-3ab98d1b85d6"><testcase classname="test_business_hours_rest" name="test_get_business_hours_returns_schedule" time="0.485" /><testcase classname="test_business_hours_rest" name="test_put_business_hours_persists" time="0.204" /><testcase classname="test_business_hours_rest" name="test_business_hours_requires_auth" time="0.154" /></testsuite></testsuites>